Sample is MC Signal
DEBUG 2021-04-19 12:54:48.848 UTC: 	 CRAB Client version: v3.210323
DEBUG 2021-04-19 12:54:48.849 UTC: 	 Running on: Linux lxplus798.cern.ch 3.10.0-1160.15.2.el7.x86_64 #1 SMP Wed Feb 3 15:06:38 UTC 2021 x86_64 x86_64 x86_64 GNU/Linux - CentOS Linux 7 (Core)
DEBUG 2021-04-19 12:54:48.849 UTC: 	 Executing command: 'submit'
DEBUG 2021-04-19 12:54:48.849 UTC: 	 Found CRAB cache file /afs/cern.ch/user/s/soffi/.crab3
INFO 2021-04-19 12:54:48.850 UTC: 	 Will use CRAB configuration file crabConfig_ggXToYYTo2mu2e_m22_PseudoScalar_13TeV.py
DEBUG 2021-04-19 12:54:48.850 UTC: 	 Loading CRAB configuration file.
DEBUG 2021-04-19 12:54:48.869 UTC: 	 Will use CRAB Analysis plugin (i.e. will run an analysis job type).
DEBUG 2021-04-19 12:54:48.925 UTC: 	 Checking credentials
DEBUG 2021-04-19 12:54:48.925 UTC: 	 Found proxy file /tmp/x509up_u57603
DEBUG 2021-04-19 12:54:48.925 UTC: 	 Getting proxy life time left
DEBUG 2021-04-19 12:54:49.531 UTC: 	 Executing : 
 command : voms-proxy-info -file /tmp/x509up_u57603 -timeleft
 output : 602947

 error: 
 retcode : 0
DEBUG 2021-04-19 12:54:50.139 UTC: 	 Executing : 
 command : voms-proxy-info -file /tmp/x509up_u57603 -actimeleft
 output : 602946

 error: 
 retcode : 0
DEBUG 2021-04-19 12:54:50.139 UTC: 	 Proxy lifetime 602947 secs is different from voms extension lifetime 602946 secs for proxy: /tmp/x509up_u57603
DEBUG 2021-04-19 12:54:50.139 UTC: 	 Proxy valid for 167:29:06 hours
DEBUG 2021-04-19 12:54:50.744 UTC: 	 Executing : 
 command : env X509_USER_PROXY=/tmp/x509up_u57603 voms-proxy-info -fqan
 output : /cms/Role=NULL/Capability=NULL

 error: 
 retcode : 0
DEBUG 2021-04-19 12:54:50.811 UTC: 	 Registering user credentials for server /DC=ch/DC=cern/OU=computers/CN=vocms0105.cern.ch|/DC=ch/DC=cern/OU=computers/CN=crab-(preprod|prod|dev)-tw(02|01).cern.ch|/DC=ch/DC=cern/OU=computers/CN=(ddi|ddidk|mytw).cern.ch|/DC=ch/DC=cern/OU=computers/CN=stefanov(m|m2).cern.ch
DEBUG 2021-04-19 12:54:51.423 UTC: 	 Executing : 
 command : voms-proxy-info -file /tmp/x509up_u57603 -identity
 output : /DC=ch/DC=cern/OU=Organic Units/OU=Users/CN=soffi/CN=703603/CN=Livia Soffi

 error: 
 retcode : 0
DEBUG 2021-04-19 12:54:51.431 UTC: 	 Getting myproxy life time left for myproxy.cern.ch
DEBUG 2021-04-19 12:54:51.431 UTC: 	 using 2352666ffe183d5f6247953969563d1dfdbc6f43 as credential login name
DEBUG 2021-04-19 12:54:51.636 UTC: 	 Executing : 
 command : myproxy-info -l 2352666ffe183d5f6247953969563d1dfdbc6f43 -s myproxy.cern.ch
 output : username: 2352666ffe183d5f6247953969563d1dfdbc6f43
owner: /DC=ch/DC=cern/OU=Organic Units/OU=Users/CN=soffi/CN=703603/CN=Livia Soffi
  renewal policy: /DC=ch/DC=cern/OU=computers/CN=vocms0105.cern.ch|/DC=ch/DC=cern/OU=computers/CN=crab-(preprod|prod|dev)-tw(02|01).cern.ch|/DC=ch/DC=cern/OU=computers/CN=(ddi|ddidk|mytw).cern.ch|/DC=ch/DC=cern/OU=computers/CN=stefanov(m|m2).cern.ch
  trusted retrieval policy: /DC=ch/DC=cern/OU=computers/CN=vocms0105.cern.ch|/DC=ch/DC=cern/OU=computers/CN=crab-(preprod|prod|dev)-tw(02|01).cern.ch|/DC=ch/DC=cern/OU=computers/CN=(ddi|ddidk|mytw).cern.ch|/DC=ch/DC=cern/OU=computers/CN=stefanov(m|m2).cern.ch
  timeleft: 717:53:38  (29.9 days)

 error: 
 retcode : 0
DEBUG 2021-04-19 12:54:51.637 UTC: 	 Myproxy is valid: 2584418
DEBUG 2021-04-19 12:54:51.637 UTC: 	 Retrieving username ...
DEBUG 2021-04-19 12:54:51.637 UTC: 	 Retrieving username from CRIC...
DEBUG 2021-04-19 12:54:57.985 UTC: 	 username is soffi
DEBUG 2021-04-19 12:54:57.992 UTC: 	 Getting myproxy life time left for myproxy.cern.ch
DEBUG 2021-04-19 12:54:57.992 UTC: 	 using soffi_CRAB as credential login name
DEBUG 2021-04-19 12:54:58.197 UTC: 	 Executing : 
 command : myproxy-info -l soffi_CRAB -s myproxy.cern.ch
 output : username: soffi_CRAB
owner: /DC=ch/DC=cern/OU=Organic Units/OU=Users/CN=soffi/CN=703603/CN=Livia Soffi
  renewal policy: /DC=ch/DC=cern/OU=computers/CN=vocms0105.cern.ch|/DC=ch/DC=cern/OU=computers/CN=crab-(preprod|prod|dev)-tw(02|01).cern.ch|/DC=ch/DC=cern/OU=computers/CN=(ddi|ddidk|mytw).cern.ch|/DC=ch/DC=cern/OU=computers/CN=stefanov(m|m2).cern.ch
  trusted retrieval policy: /DC=ch/DC=cern/OU=computers/CN=vocms0105.cern.ch|/DC=ch/DC=cern/OU=computers/CN=crab-(preprod|prod|dev)-tw(02|01).cern.ch|/DC=ch/DC=cern/OU=computers/CN=(ddi|ddidk|mytw).cern.ch|/DC=ch/DC=cern/OU=computers/CN=stefanov(m|m2).cern.ch
  timeleft: 717:53:38  (29.9 days)

 error: 
 retcode : 0
DEBUG 2021-04-19 12:54:58.197 UTC: 	 Myproxy is valid: 2584418
DEBUG 2021-04-19 12:54:58.198 UTC: 	 Result of myproxy credential check:
  Credential exists on myproxy: username: 2352666ffe183d5f6247953969563d1dfdbc6f43  - validity: 29 days, 21:53:38
  Credential exists on myproxy: username: soffi_CRAB  - validity: 29 days, 21:53:38
DEBUG 2021-04-19 12:54:58.198 UTC: 	 Command use: submit
DEBUG 2021-04-19 12:54:58.198 UTC: 	 Options use: ['--config', 'crabConfig_ggXToYYTo2mu2e_m22_PseudoScalar_13TeV.py']
DEBUG 2021-04-19 12:54:58.256 UTC: 	 CRABClient version: v3.210323
DEBUG 2021-04-19 12:54:58.256 UTC: 	 Instance is prod
DEBUG 2021-04-19 12:54:58.256 UTC: 	 Server base url is cmsweb.cern.ch
DEBUG 2021-04-19 12:54:58.256 UTC: 	 Command url /crabserver/prod/workflow
DEBUG 2021-04-19 12:54:58.256 UTC: 	 Started submission
DEBUG 2021-04-19 12:54:58.257 UTC: 	 Working on /afs/cern.ch/work/s/soffi/TQ-WORK/CMSSW-10-6-20-LowPtEle/src/TQGenLevelAnalysis/TQGenAnalyzer/crab/crab_projects/crab_ggXToYYTo2mu2e_m22_PseudoScalar_13TeV
DEBUG 2021-04-19 12:54:58.390 UTC: 	 Loading required information from the environment
DEBUG 2021-04-19 12:54:58.390 UTC: 	 Found CMSSW_10_6_20 for slc7_amd64_gcc820 with base /afs/cern.ch/work/s/soffi/TQ-WORK/CMSSW-10-6-20-LowPtEle
DEBUG 2021-04-19 12:54:58.390 UTC: 	 Loading required information from the environment
DEBUG 2021-04-19 12:54:58.390 UTC: 	 Found CMSSW_10_6_20 for slc7_amd64_gcc820 with base /afs/cern.ch/work/s/soffi/TQ-WORK/CMSSW-10-6-20-LowPtEle
DEBUG 2021-04-19 12:54:58.390 UTC: 	 UNIQUE NAME: tarUUID e4b40515-8a80-4858-9d36-ac720a6a7d3d 
DEBUG 2021-04-19 12:54:58.391 UTC: 	 self.config: from WMCore.Configuration import Configuration
config = Configuration()
config.section_('General')
config.General.workArea = 'crab_projects'
config.General.requestName = 'ggXToYYTo2mu2e_m22_PseudoScalar_13TeV'
config.section_('JobType')
config.JobType.psetName = 'ConfFile_cfg.py'
config.JobType.pluginName = 'analysis'
config.JobType.inputFiles = ['lowPtEleReg_2017UL_25112020.db', 'pileup_ALL.root', 'pileup_2018.root', 'pileup_2017.root', 'pileup_2016.root', 'Cert_314472-325175_13TeV_Legacy2018_Collisions18_JSON.txt', 'Cert_294927-306462_13TeV_UL2017_Collisions17_GoldenJSON.txt', 'Cert_271036-284044_13TeV_Legacy2016_Collisions16_JSON.txt']
config.JobType.allowUndistributedCMSSW = True
config.section_('Data')
config.Data.publication = False
config.Data.unitsPerJob = 1
config.Data.userInputFiles = ['root://cmsxrootd.fnal.gov//store/mc/RunIISummer16MiniAODv2/ggXToYYTo2mu2e_m22_PseudoScalar_13TeV-pythia8-JHUGen/MINIAODSIM/PUMoriond17_80X_mcRun2_asymptotic_2016_TrancheIV_v6-v1/60000/06F5E91A-CAB9-E811-B240-246E96D14C70.root\n', 'root://cmsxrootd.fnal.gov//store/mc/RunIISummer16MiniAODv2/ggXToYYTo2mu2e_m22_PseudoScalar_13TeV-pythia8-JHUGen/MINIAODSIM/PUMoriond17_80X_mcRun2_asymptotic_2016_TrancheIV_v6-v1/60000/0E5D68B4-C9B9-E811-869C-1418774A2960.root\n', 'root://cmsxrootd.fnal.gov//store/mc/RunIISummer16MiniAODv2/ggXToYYTo2mu2e_m22_PseudoScalar_13TeV-pythia8-JHUGen/MINIAODSIM/PUMoriond17_80X_mcRun2_asymptotic_2016_TrancheIV_v6-v1/60000/1E757B89-32B9-E811-9333-0CC47AD98D6C.root\n', 'root://cmsxrootd.fnal.gov//store/mc/RunIISummer16MiniAODv2/ggXToYYTo2mu2e_m22_PseudoScalar_13TeV-pythia8-JHUGen/MINIAODSIM/PUMoriond17_80X_mcRun2_asymptotic_2016_TrancheIV_v6-v1/60000/24EAB9CE-C9B9-E811-B244-5065F3810301.root\n', 'root://cmsxrootd.fnal.gov//store/mc/RunIISummer16MiniAODv2/ggXToYYTo2mu2e_m22_PseudoScalar_13TeV-pythia8-JHUGen/MINIAODSIM/PUMoriond17_80X_mcRun2_asymptotic_2016_TrancheIV_v6-v1/60000/266187CE-C9B9-E811-802A-0425C5DE7BF6.root\n', 'root://cmsxrootd.fnal.gov//store/mc/RunIISummer16MiniAODv2/ggXToYYTo2mu2e_m22_PseudoScalar_13TeV-pythia8-JHUGen/MINIAODSIM/PUMoriond17_80X_mcRun2_asymptotic_2016_TrancheIV_v6-v1/60000/504D5521-CAB9-E811-86E8-0CC47AFC3CA0.root\n', 'root://cmsxrootd.fnal.gov//store/mc/RunIISummer16MiniAODv2/ggXToYYTo2mu2e_m22_PseudoScalar_13TeV-pythia8-JHUGen/MINIAODSIM/PUMoriond17_80X_mcRun2_asymptotic_2016_TrancheIV_v6-v1/60000/520757B9-C9B9-E811-8CDC-0242AC1C0500.root\n', 'root://cmsxrootd.fnal.gov//store/mc/RunIISummer16MiniAODv2/ggXToYYTo2mu2e_m22_PseudoScalar_13TeV-pythia8-JHUGen/MINIAODSIM/PUMoriond17_80X_mcRun2_asymptotic_2016_TrancheIV_v6-v1/60000/58CABA27-CAB9-E811-AD90-000E1E878860.root\n', 'root://cmsxrootd.fnal.gov//store/mc/RunIISummer16MiniAODv2/ggXToYYTo2mu2e_m22_PseudoScalar_13TeV-pythia8-JHUGen/MINIAODSIM/PUMoriond17_80X_mcRun2_asymptotic_2016_TrancheIV_v6-v1/60000/5A2276C7-C9B9-E811-B52D-A0369FE2C152.root\n', 'root://cmsxrootd.fnal.gov//store/mc/RunIISummer16MiniAODv2/ggXToYYTo2mu2e_m22_PseudoScalar_13TeV-pythia8-JHUGen/MINIAODSIM/PUMoriond17_80X_mcRun2_asymptotic_2016_TrancheIV_v6-v1/60000/5A398598-28B9-E811-BFDB-00000086FE80.root\n', 'root://cmsxrootd.fnal.gov//store/mc/RunIISummer16MiniAODv2/ggXToYYTo2mu2e_m22_PseudoScalar_13TeV-pythia8-JHUGen/MINIAODSIM/PUMoriond17_80X_mcRun2_asymptotic_2016_TrancheIV_v6-v1/60000/68DEE8A8-C9B9-E811-8720-0CC47A4D768C.root\n', 'root://cmsxrootd.fnal.gov//store/mc/RunIISummer16MiniAODv2/ggXToYYTo2mu2e_m22_PseudoScalar_13TeV-pythia8-JHUGen/MINIAODSIM/PUMoriond17_80X_mcRun2_asymptotic_2016_TrancheIV_v6-v1/60000/76188BE6-C9B9-E811-8A45-EC0D9A0B3320.root\n', 'root://cmsxrootd.fnal.gov//store/mc/RunIISummer16MiniAODv2/ggXToYYTo2mu2e_m22_PseudoScalar_13TeV-pythia8-JHUGen/MINIAODSIM/PUMoriond17_80X_mcRun2_asymptotic_2016_TrancheIV_v6-v1/60000/D8556AE5-C9B9-E811-A74D-00259029E714.root\n', 'root://cmsxrootd.fnal.gov//store/mc/RunIISummer16MiniAODv2/ggXToYYTo2mu2e_m22_PseudoScalar_13TeV-pythia8-JHUGen/MINIAODSIM/PUMoriond17_80X_mcRun2_asymptotic_2016_TrancheIV_v6-v1/60000/EE8A05F5-C9B9-E811-B703-003048F7CC8A.root\n', 'root://cmsxrootd.fnal.gov//store/mc/RunIISummer16MiniAODv2/ggXToYYTo2mu2e_m22_PseudoScalar_13TeV-pythia8-JHUGen/MINIAODSIM/PUMoriond17_80X_mcRun2_asymptotic_2016_TrancheIV_v6-v1/60000/EE935618-CAB9-E811-8270-3417EBE64CDB.root\n', 'root://cmsxrootd.fnal.gov//store/mc/RunIISummer16MiniAODv2/ggXToYYTo2mu2e_m22_PseudoScalar_13TeV-pythia8-JHUGen/MINIAODSIM/PUMoriond17_80X_mcRun2_asymptotic_2016_TrancheIV_v6-v1/60000/F6FDD9BE-C9B9-E811-A048-3417EBE64BB5.root\n']
config.Data.splitting = 'FileBased'
config.Data.outLFNDirBase = '/store/group/phys_egamma/soffi/ggXToYYTo2mu2e/'
config.Data.outputPrimaryDataset = 'ggXToYYTo2mu2e_m22_PseudoScalar_13TeV_OUTPUT'
config.section_('Site')
config.Site.storageSite = 'T2_CH_CERN'
config.section_('User')
config.section_('Debug')

DEBUG 2021-04-19 12:54:58.391 UTC: 	 self.config.JobType.psetName: ConfFile_cfg.py
INFO 2021-04-19 12:54:58.391 UTC: 	 Importing CMSSW configuration ConfFile_cfg.py
INFO 2021-04-19 12:55:00.794 UTC: 	 Finished importing CMSSW configuration ConfFile_cfg.py
DEBUG 2021-04-19 12:55:00.795 UTC: 	 Writing CMSSW configuration to /afs/cern.ch/work/s/soffi/TQ-WORK/CMSSW-10-6-20-LowPtEle/src/TQGenLevelAnalysis/TQGenAnalyzer/crab/crab_projects/crab_ggXToYYTo2mu2e_m22_PseudoScalar_13TeV/inputs/PSet.py
DEBUG 2021-04-19 12:55:01.191 UTC: 	 The following EDM output files will be collected: []
DEBUG 2021-04-19 12:55:01.191 UTC: 	 The following TFile output files will be collected: ['ntuple_tetraquarks_pseudoscalar_14GeV.root']
DEBUG 2021-04-19 12:55:01.191 UTC: 	 The following user output files (not listed as PoolOuputModule or TFileService in the CMSSW PSet) will be collected: 
DEBUG 2021-04-19 12:55:01.191 UTC: 	 Loading required information from the environment
DEBUG 2021-04-19 12:55:01.191 UTC: 	 Found CMSSW_10_6_20 for slc7_amd64_gcc820 with base /afs/cern.ch/work/s/soffi/TQ-WORK/CMSSW-10-6-20-LowPtEle
DEBUG 2021-04-19 12:55:01.191 UTC: 	 Making tarball in /afs/cern.ch/work/s/soffi/TQ-WORK/CMSSW-10-6-20-LowPtEle/src/TQGenLevelAnalysis/TQGenAnalyzer/crab/crab_projects/crab_ggXToYYTo2mu2e_m22_PseudoScalar_13TeV/inputs/e4b40515-8a80-4858-9d36-ac720a6a7d3ddefault.tgz
DEBUG 2021-04-19 12:55:01.192 UTC: 	 Checking directory /afs/cern.ch/work/s/soffi/TQ-WORK/CMSSW-10-6-20-LowPtEle/lib
DEBUG 2021-04-19 12:55:01.192 UTC: 	 Adding directory /afs/cern.ch/work/s/soffi/TQ-WORK/CMSSW-10-6-20-LowPtEle/lib to tarball
DEBUG 2021-04-19 12:55:02.118 UTC: 	 Checking directory /afs/cern.ch/work/s/soffi/TQ-WORK/CMSSW-10-6-20-LowPtEle/biglib
DEBUG 2021-04-19 12:55:02.118 UTC: 	 Adding directory /afs/cern.ch/work/s/soffi/TQ-WORK/CMSSW-10-6-20-LowPtEle/biglib to tarball
DEBUG 2021-04-19 12:55:02.119 UTC: 	 Checking directory /afs/cern.ch/work/s/soffi/TQ-WORK/CMSSW-10-6-20-LowPtEle/module
DEBUG 2021-04-19 12:55:02.157 UTC: 	 Adding data directory /afs/cern.ch/work/s/soffi/TQ-WORK/CMSSW-10-6-20-LowPtEle/src/RecoEgamma/EgammaTools/data to tarball
DEBUG 2021-04-19 12:55:02.160 UTC: 	 Adding data directory /afs/cern.ch/work/s/soffi/TQ-WORK/CMSSW-10-6-20-LowPtEle/src/RecoEgamma/EgammaTools/interface to tarball
DEBUG 2021-04-19 12:55:02.173 UTC: 	 Adding data directory /afs/cern.ch/work/s/soffi/TQ-WORK/CMSSW-10-6-20-LowPtEle/src/RecoEgamma/EgammaElectronProducers/interface to tarball
DEBUG 2021-04-19 12:55:02.177 UTC: 	 Adding data directory /afs/cern.ch/work/s/soffi/TQ-WORK/CMSSW-10-6-20-LowPtEle/src/RecoEgamma/ElectronIdentification/data to tarball
DEBUG 2021-04-19 12:55:09.099 UTC: 	 Adding data directory /afs/cern.ch/work/s/soffi/TQ-WORK/CMSSW-10-6-20-LowPtEle/src/RecoEgamma/ElectronIdentification/interface to tarball
DEBUG 2021-04-19 12:55:09.109 UTC: 	 Adding data directory /afs/cern.ch/work/s/soffi/TQ-WORK/CMSSW-10-6-20-LowPtEle/src/DataFormats/EgammaCandidates/interface to tarball
DEBUG 2021-04-19 12:55:09.120 UTC: 	 Adding data directory /afs/cern.ch/work/s/soffi/TQ-WORK/CMSSW-10-6-20-LowPtEle/src/TQGenLevelAnalysis/TQGenAnalyzer/material_reg/interface to tarball
DEBUG 2021-04-19 12:55:09.132 UTC: 	 Adding data directory /afs/cern.ch/work/s/soffi/TQ-WORK/CMSSW-10-6-20-LowPtEle/src/data to tarball
DEBUG 2021-04-19 12:55:09.445 UTC: 	 Adding file lowPtEleReg_2017UL_25112020.db to tarball
DEBUG 2021-04-19 12:55:10.047 UTC: 	 Adding file pileup_ALL.root to tarball
DEBUG 2021-04-19 12:55:10.047 UTC: 	 Adding file pileup_2018.root to tarball
DEBUG 2021-04-19 12:55:10.048 UTC: 	 Adding file pileup_2017.root to tarball
DEBUG 2021-04-19 12:55:10.048 UTC: 	 Adding file pileup_2016.root to tarball
DEBUG 2021-04-19 12:55:10.049 UTC: 	 Adding file Cert_314472-325175_13TeV_Legacy2018_Collisions18_JSON.txt to tarball
DEBUG 2021-04-19 12:55:10.049 UTC: 	 Adding file Cert_294927-306462_13TeV_UL2017_Collisions17_GoldenJSON.txt to tarball
DEBUG 2021-04-19 12:55:10.050 UTC: 	 Adding file Cert_271036-284044_13TeV_Legacy2016_Collisions16_JSON.txt to tarball
DEBUG 2021-04-19 12:55:15.895 UTC: 	 Uploading archive /afs/cern.ch/work/s/soffi/TQ-WORK/CMSSW-10-6-20-LowPtEle/src/TQGenLevelAnalysis/TQGenAnalyzer/crab/crab_projects/crab_ggXToYYTo2mu2e_m22_PseudoScalar_13TeV/inputs/e4b40515-8a80-4858-9d36-ac720a6a7d3ddefault.tgz (44 MB) to the CRAB cache. Using URI https://cmsweb.cern.ch:8443/crabcache
DEBUG 2021-04-19 12:55:38.298 UTC: 	 Loading required information from the environment
DEBUG 2021-04-19 12:55:38.298 UTC: 	 Found CMSSW_10_6_20 for slc7_amd64_gcc820 with base /afs/cern.ch/work/s/soffi/TQ-WORK/CMSSW-10-6-20-LowPtEle
DEBUG 2021-04-19 12:55:38.299 UTC: 	 Making tarball in /afs/cern.ch/work/s/soffi/TQ-WORK/CMSSW-10-6-20-LowPtEle/src/TQGenLevelAnalysis/TQGenAnalyzer/crab/crab_projects/crab_ggXToYYTo2mu2e_m22_PseudoScalar_13TeV/inputs/debugFiles.tgz
DEBUG 2021-04-19 12:55:38.319 UTC: 	 Uploading archive /afs/cern.ch/work/s/soffi/TQ-WORK/CMSSW-10-6-20-LowPtEle/src/TQGenLevelAnalysis/TQGenAnalyzer/crab/crab_projects/crab_ggXToYYTo2mu2e_m22_PseudoScalar_13TeV/inputs/debugFiles.tgz (4 KB) to the CRAB cache. Using URI https://cmsweb.cern.ch:8443/crabcache
DEBUG 2021-04-19 12:55:38.374 UTC: 	 Result uploading input files: a05ad9768942ecf8f937698621fe93a687e13dd20465da90d9cab71ac1156702.tar.gz 
DEBUG 2021-04-19 12:55:38.374 UTC: 	 Attaching list of user-specified primary input files.
INFO 2021-04-19 12:55:38.375 UTC: 	 Sending the request to the server at cmsweb.cern.ch
DEBUG 2021-04-19 12:55:38.375 UTC: 	 Submitting {'maxjobruntime': 1250, 'extrajdl': [], 'ignorelocality': 0, 'savelogsflag': 0, 'useparent': 0, 'asyncdest': 'T2_CH_CERN', 'algoargs': 1, 'cachefilename': 'a05ad9768942ecf8f937698621fe93a687e13dd20465da90d9cab71ac1156702.tar.gz', 'numcores': 1, 'addoutputfiles': [], 'generator': 'pythia', 'maxmemory': 2000, 'publishdbsurl': 'https://cmsweb.cern.ch/dbs/prod/phys03/DBSWriter', 'priority': 10, 'jobsw': 'CMSSW_10_6_20', 'edmoutfiles': [], 'userfiles': set(['root://cmsxrootd.fnal.gov//store/mc/RunIISummer16MiniAODv2/ggXToYYTo2mu2e_m22_PseudoScalar_13TeV-pythia8-JHUGen/MINIAODSIM/PUMoriond17_80X_mcRun2_asymptotic_2016_TrancheIV_v6-v1/60000/5A2276C7-C9B9-E811-B52D-A0369FE2C152.root', 'root://cmsxrootd.fnal.gov//store/mc/RunIISummer16MiniAODv2/ggXToYYTo2mu2e_m22_PseudoScalar_13TeV-pythia8-JHUGen/MINIAODSIM/PUMoriond17_80X_mcRun2_asymptotic_2016_TrancheIV_v6-v1/60000/76188BE6-C9B9-E811-8A45-EC0D9A0B3320.root', 'root://cmsxrootd.fnal.gov//store/mc/RunIISummer16MiniAODv2/ggXToYYTo2mu2e_m22_PseudoScalar_13TeV-pythia8-JHUGen/MINIAODSIM/PUMoriond17_80X_mcRun2_asymptotic_2016_TrancheIV_v6-v1/60000/266187CE-C9B9-E811-802A-0425C5DE7BF6.root', 'root://cmsxrootd.fnal.gov//store/mc/RunIISummer16MiniAODv2/ggXToYYTo2mu2e_m22_PseudoScalar_13TeV-pythia8-JHUGen/MINIAODSIM/PUMoriond17_80X_mcRun2_asymptotic_2016_TrancheIV_v6-v1/60000/1E757B89-32B9-E811-9333-0CC47AD98D6C.root', 'root://cmsxrootd.fnal.gov//store/mc/RunIISummer16MiniAODv2/ggXToYYTo2mu2e_m22_PseudoScalar_13TeV-pythia8-JHUGen/MINIAODSIM/PUMoriond17_80X_mcRun2_asymptotic_2016_TrancheIV_v6-v1/60000/EE935618-CAB9-E811-8270-3417EBE64CDB.root', 'root://cmsxrootd.fnal.gov//store/mc/RunIISummer16MiniAODv2/ggXToYYTo2mu2e_m22_PseudoScalar_13TeV-pythia8-JHUGen/MINIAODSIM/PUMoriond17_80X_mcRun2_asymptotic_2016_TrancheIV_v6-v1/60000/504D5521-CAB9-E811-86E8-0CC47AFC3CA0.root', 'root://cmsxrootd.fnal.gov//store/mc/RunIISummer16MiniAODv2/ggXToYYTo2mu2e_m22_PseudoScalar_13TeV-pythia8-JHUGen/MINIAODSIM/PUMoriond17_80X_mcRun2_asymptotic_2016_TrancheIV_v6-v1/60000/0E5D68B4-C9B9-E811-869C-1418774A2960.root', 'root://cmsxrootd.fnal.gov//store/mc/RunIISummer16MiniAODv2/ggXToYYTo2mu2e_m22_PseudoScalar_13TeV-pythia8-JHUGen/MINIAODSIM/PUMoriond17_80X_mcRun2_asymptotic_2016_TrancheIV_v6-v1/60000/EE8A05F5-C9B9-E811-B703-003048F7CC8A.root', 'root://cmsxrootd.fnal.gov//store/mc/RunIISummer16MiniAODv2/ggXToYYTo2mu2e_m22_PseudoScalar_13TeV-pythia8-JHUGen/MINIAODSIM/PUMoriond17_80X_mcRun2_asymptotic_2016_TrancheIV_v6-v1/60000/F6FDD9BE-C9B9-E811-A048-3417EBE64BB5.root', 'root://cmsxrootd.fnal.gov//store/mc/RunIISummer16MiniAODv2/ggXToYYTo2mu2e_m22_PseudoScalar_13TeV-pythia8-JHUGen/MINIAODSIM/PUMoriond17_80X_mcRun2_asymptotic_2016_TrancheIV_v6-v1/60000/68DEE8A8-C9B9-E811-8720-0CC47A4D768C.root', 'root://cmsxrootd.fnal.gov//store/mc/RunIISummer16MiniAODv2/ggXToYYTo2mu2e_m22_PseudoScalar_13TeV-pythia8-JHUGen/MINIAODSIM/PUMoriond17_80X_mcRun2_asymptotic_2016_TrancheIV_v6-v1/60000/58CABA27-CAB9-E811-AD90-000E1E878860.root', 'root://cmsxrootd.fnal.gov//store/mc/RunIISummer16MiniAODv2/ggXToYYTo2mu2e_m22_PseudoScalar_13TeV-pythia8-JHUGen/MINIAODSIM/PUMoriond17_80X_mcRun2_asymptotic_2016_TrancheIV_v6-v1/60000/24EAB9CE-C9B9-E811-B244-5065F3810301.root', 'root://cmsxrootd.fnal.gov//store/mc/RunIISummer16MiniAODv2/ggXToYYTo2mu2e_m22_PseudoScalar_13TeV-pythia8-JHUGen/MINIAODSIM/PUMoriond17_80X_mcRun2_asymptotic_2016_TrancheIV_v6-v1/60000/520757B9-C9B9-E811-8CDC-0242AC1C0500.root', 'root://cmsxrootd.fnal.gov//store/mc/RunIISummer16MiniAODv2/ggXToYYTo2mu2e_m22_PseudoScalar_13TeV-pythia8-JHUGen/MINIAODSIM/PUMoriond17_80X_mcRun2_asymptotic_2016_TrancheIV_v6-v1/60000/06F5E91A-CAB9-E811-B240-246E96D14C70.root', 'root://cmsxrootd.fnal.gov//store/mc/RunIISummer16MiniAODv2/ggXToYYTo2mu2e_m22_PseudoScalar_13TeV-pythia8-JHUGen/MINIAODSIM/PUMoriond17_80X_mcRun2_asymptotic_2016_TrancheIV_v6-v1/60000/5A398598-28B9-E811-BFDB-00000086FE80.root', 'root://cmsxrootd.fnal.gov//store/mc/RunIISummer16MiniAODv2/ggXToYYTo2mu2e_m22_PseudoScalar_13TeV-pythia8-JHUGen/MINIAODSIM/PUMoriond17_80X_mcRun2_asymptotic_2016_TrancheIV_v6-v1/60000/D8556AE5-C9B9-E811-A74D-00259029E714.root']), 'primarydataset': 'ggXToYYTo2mu2e_m22_PseudoScalar_13TeV_OUTPUT', 'inputdata': '', 'lfn': '/store/group/phys_egamma/soffi/ggXToYYTo2mu2e/', 'dryrun': 0, 'workflow': 'crab_ggXToYYTo2mu2e_m22_PseudoScalar_13TeV', 'cacheurl': u'https://cmsweb.cern.ch:8443/crabcache', 'nonprodsw': 1, 'tfileoutfiles': ['ntuple_tetraquarks_pseudoscalar_14GeV.root'], 'oneEventMode': 0, 'debugfilename': '4f0dbf730591a29be7115df2301e0d299e67e50e61f5f32fc44b31e883a77b90.tar.gz', 'saveoutput': 1, 'publication': 0, 'jobarch': 'slc7_amd64_gcc820', 'totalunits': 0, 'splitalgo': 'FileBased', 'ignoreglobalblacklist': 0, 'nonvaliddata': 0, 'dbsurl': 'https://cmsweb.cern.ch/dbs/prod/global/DBSReader', 'publishgroupname': 0, 'jobtype': 'Analysis', 'publishname2': ''} 
DEBUG 2021-04-19 12:55:38.375 UTC: 	 Encoded submit request: maxjobruntime=1250&ignorelocality=0&savelogsflag=0&useparent=0&asyncdest=T2_CH_CERN&algoargs=1&cachefilename=a05ad9768942ecf8f937698621fe93a687e13dd20465da90d9cab71ac1156702.tar.gz&numcores=1&generator=pythia&maxmemory=2000&publishdbsurl=https%3A%2F%2Fcmsweb.cern.ch%2Fdbs%2Fprod%2Fphys03%2FDBSWriter&priority=10&jobsw=CMSSW_10_6_20&primarydataset=ggXToYYTo2mu2e_m22_PseudoScalar_13TeV_OUTPUT&inputdata=&lfn=%2Fstore%2Fgroup%2Fphys_egamma%2Fsoffi%2FggXToYYTo2mu2e%2F&dryrun=0&workflow=crab_ggXToYYTo2mu2e_m22_PseudoScalar_13TeV&cacheurl=https%3A%2F%2Fcmsweb.cern.ch%3A8443%2Fcrabcache&nonprodsw=1&oneEventMode=0&debugfilename=4f0dbf730591a29be7115df2301e0d299e67e50e61f5f32fc44b31e883a77b90.tar.gz&saveoutput=1&publication=0&jobarch=slc7_amd64_gcc820&totalunits=0&splitalgo=FileBased&ignoreglobalblacklist=0&nonvaliddata=0&dbsurl=https%3A%2F%2Fcmsweb.cern.ch%2Fdbs%2Fprod%2Fglobal%2FDBSReader&publishgroupname=0&jobtype=Analysis&publishname2=&tfileoutfiles=ntuple_tetraquarks_pseudoscalar_14GeV.root&userfiles=root%3A//cmsxrootd.fnal.gov//store/mc/RunIISummer16MiniAODv2/ggXToYYTo2mu2e_m22_PseudoScalar_13TeV-pythia8-JHUGen/MINIAODSIM/PUMoriond17_80X_mcRun2_asymptotic_2016_TrancheIV_v6-v1/60000/5A2276C7-C9B9-E811-B52D-A0369FE2C152.root&userfiles=root%3A//cmsxrootd.fnal.gov//store/mc/RunIISummer16MiniAODv2/ggXToYYTo2mu2e_m22_PseudoScalar_13TeV-pythia8-JHUGen/MINIAODSIM/PUMoriond17_80X_mcRun2_asymptotic_2016_TrancheIV_v6-v1/60000/76188BE6-C9B9-E811-8A45-EC0D9A0B3320.root&userfiles=root%3A//cmsxrootd.fnal.gov//store/mc/RunIISummer16MiniAODv2/ggXToYYTo2mu2e_m22_PseudoScalar_13TeV-pythia8-JHUGen/MINIAODSIM/PUMoriond17_80X_mcRun2_asymptotic_2016_TrancheIV_v6-v1/60000/266187CE-C9B9-E811-802A-0425C5DE7BF6.root&userfiles=root%3A//cmsxrootd.fnal.gov//store/mc/RunIISummer16MiniAODv2/ggXToYYTo2mu2e_m22_PseudoScalar_13TeV-pythia8-JHUGen/MINIAODSIM/PUMoriond17_80X_mcRun2_asymptotic_2016_TrancheIV_v6-v1/60000/1E757B89-32B9-E811-9333-0CC47AD98D6C.root&userfiles=root%3A//cmsxrootd.fnal.gov//store/mc/RunIISummer16MiniAODv2/ggXToYYTo2mu2e_m22_PseudoScalar_13TeV-pythia8-JHUGen/MINIAODSIM/PUMoriond17_80X_mcRun2_asymptotic_2016_TrancheIV_v6-v1/60000/EE935618-CAB9-E811-8270-3417EBE64CDB.root&userfiles=root%3A//cmsxrootd.fnal.gov//store/mc/RunIISummer16MiniAODv2/ggXToYYTo2mu2e_m22_PseudoScalar_13TeV-pythia8-JHUGen/MINIAODSIM/PUMoriond17_80X_mcRun2_asymptotic_2016_TrancheIV_v6-v1/60000/504D5521-CAB9-E811-86E8-0CC47AFC3CA0.root&userfiles=root%3A//cmsxrootd.fnal.gov//store/mc/RunIISummer16MiniAODv2/ggXToYYTo2mu2e_m22_PseudoScalar_13TeV-pythia8-JHUGen/MINIAODSIM/PUMoriond17_80X_mcRun2_asymptotic_2016_TrancheIV_v6-v1/60000/0E5D68B4-C9B9-E811-869C-1418774A2960.root&userfiles=root%3A//cmsxrootd.fnal.gov//store/mc/RunIISummer16MiniAODv2/ggXToYYTo2mu2e_m22_PseudoScalar_13TeV-pythia8-JHUGen/MINIAODSIM/PUMoriond17_80X_mcRun2_asymptotic_2016_TrancheIV_v6-v1/60000/EE8A05F5-C9B9-E811-B703-003048F7CC8A.root&userfiles=root%3A//cmsxrootd.fnal.gov//store/mc/RunIISummer16MiniAODv2/ggXToYYTo2mu2e_m22_PseudoScalar_13TeV-pythia8-JHUGen/MINIAODSIM/PUMoriond17_80X_mcRun2_asymptotic_2016_TrancheIV_v6-v1/60000/F6FDD9BE-C9B9-E811-A048-3417EBE64BB5.root&userfiles=root%3A//cmsxrootd.fnal.gov//store/mc/RunIISummer16MiniAODv2/ggXToYYTo2mu2e_m22_PseudoScalar_13TeV-pythia8-JHUGen/MINIAODSIM/PUMoriond17_80X_mcRun2_asymptotic_2016_TrancheIV_v6-v1/60000/68DEE8A8-C9B9-E811-8720-0CC47A4D768C.root&userfiles=root%3A//cmsxrootd.fnal.gov//store/mc/RunIISummer16MiniAODv2/ggXToYYTo2mu2e_m22_PseudoScalar_13TeV-pythia8-JHUGen/MINIAODSIM/PUMoriond17_80X_mcRun2_asymptotic_2016_TrancheIV_v6-v1/60000/58CABA27-CAB9-E811-AD90-000E1E878860.root&userfiles=root%3A//cmsxrootd.fnal.gov//store/mc/RunIISummer16MiniAODv2/ggXToYYTo2mu2e_m22_PseudoScalar_13TeV-pythia8-JHUGen/MINIAODSIM/PUMoriond17_80X_mcRun2_asymptotic_2016_TrancheIV_v6-v1/60000/24EAB9CE-C9B9-E811-B244-5065F3810301.root&userfiles=root%3A//cmsxrootd.fnal.gov//store/mc/RunIISummer16MiniAODv2/ggXToYYTo2mu2e_m22_PseudoScalar_13TeV-pythia8-JHUGen/MINIAODSIM/PUMoriond17_80X_mcRun2_asymptotic_2016_TrancheIV_v6-v1/60000/520757B9-C9B9-E811-8CDC-0242AC1C0500.root&userfiles=root%3A//cmsxrootd.fnal.gov//store/mc/RunIISummer16MiniAODv2/ggXToYYTo2mu2e_m22_PseudoScalar_13TeV-pythia8-JHUGen/MINIAODSIM/PUMoriond17_80X_mcRun2_asymptotic_2016_TrancheIV_v6-v1/60000/06F5E91A-CAB9-E811-B240-246E96D14C70.root&userfiles=root%3A//cmsxrootd.fnal.gov//store/mc/RunIISummer16MiniAODv2/ggXToYYTo2mu2e_m22_PseudoScalar_13TeV-pythia8-JHUGen/MINIAODSIM/PUMoriond17_80X_mcRun2_asymptotic_2016_TrancheIV_v6-v1/60000/5A398598-28B9-E811-BFDB-00000086FE80.root&userfiles=root%3A//cmsxrootd.fnal.gov//store/mc/RunIISummer16MiniAODv2/ggXToYYTo2mu2e_m22_PseudoScalar_13TeV-pythia8-JHUGen/MINIAODSIM/PUMoriond17_80X_mcRun2_asymptotic_2016_TrancheIV_v6-v1/60000/D8556AE5-C9B9-E811-A74D-00259029E714.root
DEBUG 2021-04-19 12:55:38.444 UTC: 	 Result: {u'result': [{u'RequestName': u'210419_125538:soffi_crab_ggXToYYTo2mu2e_m22_PseudoScalar_13TeV'}]}
INFO 2021-04-19 12:55:38.467 UTC: 	 Success: Your task has been delivered to the prod CRAB3 server.
INFO 2021-04-19 12:55:38.467 UTC: 	 Task name: 210419_125538:soffi_crab_ggXToYYTo2mu2e_m22_PseudoScalar_13TeV
INFO 2021-04-19 12:55:38.467 UTC: 	 Project dir: crab_projects/crab_ggXToYYTo2mu2e_m22_PseudoScalar_13TeV
INFO 2021-04-19 12:55:38.467 UTC: 	 Please use ' crab status -d crab_projects/crab_ggXToYYTo2mu2e_m22_PseudoScalar_13TeV ' to check how the submission process proceeds.
DEBUG 2021-04-19 12:55:38.467 UTC: 	 About to return
INFO 2021-04-19 12:55:38.470 UTC: 	 Log file is /afs/cern.ch/work/s/soffi/TQ-WORK/CMSSW-10-6-20-LowPtEle/src/TQGenLevelAnalysis/TQGenAnalyzer/crab/crab_projects/crab_ggXToYYTo2mu2e_m22_PseudoScalar_13TeV/crab.log
DEBUG 2021-04-19 13:14:10.581 UTC: 	 CRAB Client version: v3.210323
DEBUG 2021-04-19 13:14:10.581 UTC: 	 Running on: Linux lxplus798.cern.ch 3.10.0-1160.15.2.el7.x86_64 #1 SMP Wed Feb 3 15:06:38 UTC 2021 x86_64 x86_64 x86_64 GNU/Linux - CentOS Linux 7 (Core)
DEBUG 2021-04-19 13:14:10.581 UTC: 	 Executing command: 'status'
DEBUG 2021-04-19 13:14:10.581 UTC: 	 Found CRAB cache file /afs/cern.ch/user/s/soffi/.crab3
DEBUG 2021-04-19 13:14:10.774 UTC: 	 Checking credentials
DEBUG 2021-04-19 13:14:10.774 UTC: 	 Found proxy file /tmp/x509up_u57603
DEBUG 2021-04-19 13:14:10.774 UTC: 	 Getting proxy life time left
DEBUG 2021-04-19 13:14:12.507 UTC: 	 Executing : 
 command : voms-proxy-info -file /tmp/x509up_u57603 -timeleft
 output : 601784

 error: 
 retcode : 0
DEBUG 2021-04-19 13:14:13.840 UTC: 	 Executing : 
 command : voms-proxy-info -file /tmp/x509up_u57603 -actimeleft
 output : 601783

 error: 
 retcode : 0
DEBUG 2021-04-19 13:14:13.840 UTC: 	 Proxy lifetime 601784 secs is different from voms extension lifetime 601783 secs for proxy: /tmp/x509up_u57603
DEBUG 2021-04-19 13:14:13.840 UTC: 	 Proxy valid for 167:09:43 hours
DEBUG 2021-04-19 13:14:13.917 UTC: 	 Registering user credentials for server /DC=ch/DC=cern/OU=computers/CN=vocms0105.cern.ch|/DC=ch/DC=cern/OU=computers/CN=crab-(preprod|prod|dev)-tw(02|01).cern.ch|/DC=ch/DC=cern/OU=computers/CN=(ddi|ddidk|mytw).cern.ch|/DC=ch/DC=cern/OU=computers/CN=stefanov(m|m2).cern.ch
DEBUG 2021-04-19 13:14:15.262 UTC: 	 Executing : 
 command : voms-proxy-info -file /tmp/x509up_u57603 -identity
 output : /DC=ch/DC=cern/OU=Organic Units/OU=Users/CN=soffi/CN=703603/CN=Livia Soffi

 error: 
 retcode : 0
DEBUG 2021-04-19 13:14:15.271 UTC: 	 Getting myproxy life time left for myproxy.cern.ch
DEBUG 2021-04-19 13:14:15.271 UTC: 	 using 2352666ffe183d5f6247953969563d1dfdbc6f43 as credential login name
DEBUG 2021-04-19 13:14:15.581 UTC: 	 Executing : 
 command : myproxy-info -l 2352666ffe183d5f6247953969563d1dfdbc6f43 -s myproxy.cern.ch
 output : username: 2352666ffe183d5f6247953969563d1dfdbc6f43
owner: /DC=ch/DC=cern/OU=Organic Units/OU=Users/CN=soffi/CN=703603/CN=Livia Soffi
  renewal policy: /DC=ch/DC=cern/OU=computers/CN=vocms0105.cern.ch|/DC=ch/DC=cern/OU=computers/CN=crab-(preprod|prod|dev)-tw(02|01).cern.ch|/DC=ch/DC=cern/OU=computers/CN=(ddi|ddidk|mytw).cern.ch|/DC=ch/DC=cern/OU=computers/CN=stefanov(m|m2).cern.ch
  trusted retrieval policy: /DC=ch/DC=cern/OU=computers/CN=vocms0105.cern.ch|/DC=ch/DC=cern/OU=computers/CN=crab-(preprod|prod|dev)-tw(02|01).cern.ch|/DC=ch/DC=cern/OU=computers/CN=(ddi|ddidk|mytw).cern.ch|/DC=ch/DC=cern/OU=computers/CN=stefanov(m|m2).cern.ch
  timeleft: 717:34:14  (29.9 days)

 error: 
 retcode : 0
DEBUG 2021-04-19 13:14:15.582 UTC: 	 Myproxy is valid: 2583254
DEBUG 2021-04-19 13:14:15.582 UTC: 	 Retrieving username ...
DEBUG 2021-04-19 13:14:15.582 UTC: 	 Retrieving username from CRIC...
DEBUG 2021-04-19 13:14:16.542 UTC: 	 username is soffi
DEBUG 2021-04-19 13:14:16.551 UTC: 	 Getting myproxy life time left for myproxy.cern.ch
DEBUG 2021-04-19 13:14:16.551 UTC: 	 using soffi_CRAB as credential login name
DEBUG 2021-04-19 13:14:16.868 UTC: 	 Executing : 
 command : myproxy-info -l soffi_CRAB -s myproxy.cern.ch
 output : username: soffi_CRAB
owner: /DC=ch/DC=cern/OU=Organic Units/OU=Users/CN=soffi/CN=703603/CN=Livia Soffi
  renewal policy: /DC=ch/DC=cern/OU=computers/CN=vocms0105.cern.ch|/DC=ch/DC=cern/OU=computers/CN=crab-(preprod|prod|dev)-tw(02|01).cern.ch|/DC=ch/DC=cern/OU=computers/CN=(ddi|ddidk|mytw).cern.ch|/DC=ch/DC=cern/OU=computers/CN=stefanov(m|m2).cern.ch
  trusted retrieval policy: /DC=ch/DC=cern/OU=computers/CN=vocms0105.cern.ch|/DC=ch/DC=cern/OU=computers/CN=crab-(preprod|prod|dev)-tw(02|01).cern.ch|/DC=ch/DC=cern/OU=computers/CN=(ddi|ddidk|mytw).cern.ch|/DC=ch/DC=cern/OU=computers/CN=stefanov(m|m2).cern.ch
  timeleft: 717:34:20  (29.9 days)

 error: 
 retcode : 0
DEBUG 2021-04-19 13:14:16.868 UTC: 	 Myproxy is valid: 2583260
DEBUG 2021-04-19 13:14:16.868 UTC: 	 Result of myproxy credential check:
  Credential exists on myproxy: username: 2352666ffe183d5f6247953969563d1dfdbc6f43  - validity: 29 days, 21:34:14
  Credential exists on myproxy: username: soffi_CRAB  - validity: 29 days, 21:34:20
DEBUG 2021-04-19 13:14:16.869 UTC: 	 Command use: status
DEBUG 2021-04-19 13:14:16.869 UTC: 	 Options use: ['-d', 'crab_projects/crab_ggXToYYTo2mu2e_m22_PseudoScalar_13TeV']
DEBUG 2021-04-19 13:14:16.988 UTC: 	 CRABClient version: v3.210323
DEBUG 2021-04-19 13:14:16.988 UTC: 	 Instance is prod
DEBUG 2021-04-19 13:14:16.988 UTC: 	 Server base url is cmsweb.cern.ch
DEBUG 2021-04-19 13:14:16.988 UTC: 	 Command url /crabserver/prod/workflow
DEBUG 2021-04-19 13:14:17.083 UTC: 	 Got information from server oracle database: {u'result': [u'210419_125538:soffi_crab_ggXToYYTo2mu2e_m22_PseudoScalar_13TeV', u'None', u'None', u'SUBMITTED', u'SUBMIT', u'2021-04-19 12:55:38.437829', u'None', u'2021-04-19 12:56:23.480855', u'None', u'CMSSW_10_6_20', u'slc7_amd64_gcc820', u'None', u'F', u'0', u'[]', u'[]', u'FileBased', u"{'splitOnRun': False, 'halt_job_on_file_boundaries': False, 'files_per_job': 1, 'runs': [], 'lumis': []}", u'a05ad9768942ecf8f937698621fe93a687e13dd20465da90d9cab71ac1156702.tar.gz', u'https://cmsweb.cern.ch:8443/crabcache', u'soffi', u'/DC=ch/DC=cern/OU=Organic Units/OU=Users/CN=soffi/CN=703603/CN=Livia Soffi', u'cms', u'None', u'None', u'crab_ggXToYYTo2mu2e_m22_PseudoScalar_13TeV-00000000000000000000000000000000', u'F', u'T2_CH_CERN', u'https://cmsweb.cern.ch/dbs/prod/global/DBSReader', u'https://cmsweb.cern.ch/dbs/prod/phys03/DBSWriter', u'F', u'[]', u"['ntuple_tetraquarks_pseudoscalar_14GeV.root']", u'[]', u'Analysis', u'pythia', u'None', u'{}', u'[]', u'F', u'crab-prod-tw01', u'[]', u'1250', u'1', u'2000', u'10', u'None', u'[]', u'http://vocms0196.cern.ch/mon/cms033/210419_125538:soffi_crab_ggXToYYTo2mu2e_m22_PseudoScalar_13TeV', u'None', u'[]', u'[]', u'https://cmsweb.cern.ch/crabserver/prod', u'cmsgwms-collector-global.cern.ch:9620,cmsgwms-collector-global.fnal.gov', u'crab3@vocms0196.cern.ch', u'F', u"['root://cmsxrootd.fnal.gov//store/mc/RunIISummer16MiniAODv2/ggXToYYTo2mu2e_m22_PseudoScalar_13TeV-pythia8-JHUGen/MINIAODSIM/PUMoriond17_80X_mcRun2_asymptotic_2016_TrancheIV_v6-v1/60000/5A2276C7-C9B9-E811-B52D-A0369FE2C152.root', 'root://cmsxrootd.fnal.gov//store/mc/RunIISummer16MiniAODv2/ggXToYYTo2mu2e_m22_PseudoScalar_13TeV-pythia8-JHUGen/MINIAODSIM/PUMoriond17_80X_mcRun2_asymptotic_2016_TrancheIV_v6-v1/60000/76188BE6-C9B9-E811-8A45-EC0D9A0B3320.root', 'root://cmsxrootd.fnal.gov//store/mc/RunIISummer16MiniAODv2/ggXToYYTo2mu2e_m22_PseudoScalar_13TeV-pythia8-JHUGen/MINIAODSIM/PUMoriond17_80X_mcRun2_asymptotic_2016_TrancheIV_v6-v1/60000/266187CE-C9B9-E811-802A-0425C5DE7BF6.root', 'root://cmsxrootd.fnal.gov//store/mc/RunIISummer16MiniAODv2/ggXToYYTo2mu2e_m22_PseudoScalar_13TeV-pythia8-JHUGen/MINIAODSIM/PUMoriond17_80X_mcRun2_asymptotic_2016_TrancheIV_v6-v1/60000/1E757B89-32B9-E811-9333-0CC47AD98D6C.root', 'root://cmsxrootd.fnal.gov//store/mc/RunIISummer16MiniAODv2/ggXToYYTo2mu2e_m22_PseudoScalar_13TeV-pythia8-JHUGen/MINIAODSIM/PUMoriond17_80X_mcRun2_asymptotic_2016_TrancheIV_v6-v1/60000/EE935618-CAB9-E811-8270-3417EBE64CDB.root', 'root://cmsxrootd.fnal.gov//store/mc/RunIISummer16MiniAODv2/ggXToYYTo2mu2e_m22_PseudoScalar_13TeV-pythia8-JHUGen/MINIAODSIM/PUMoriond17_80X_mcRun2_asymptotic_2016_TrancheIV_v6-v1/60000/504D5521-CAB9-E811-86E8-0CC47AFC3CA0.root', 'root://cmsxrootd.fnal.gov//store/mc/RunIISummer16MiniAODv2/ggXToYYTo2mu2e_m22_PseudoScalar_13TeV-pythia8-JHUGen/MINIAODSIM/PUMoriond17_80X_mcRun2_asymptotic_2016_TrancheIV_v6-v1/60000/0E5D68B4-C9B9-E811-869C-1418774A2960.root', 'root://cmsxrootd.fnal.gov//store/mc/RunIISummer16MiniAODv2/ggXToYYTo2mu2e_m22_PseudoScalar_13TeV-pythia8-JHUGen/MINIAODSIM/PUMoriond17_80X_mcRun2_asymptotic_2016_TrancheIV_v6-v1/60000/EE8A05F5-C9B9-E811-B703-003048F7CC8A.root', 'root://cmsxrootd.fnal.gov//store/mc/RunIISummer16MiniAODv2/ggXToYYTo2mu2e_m22_PseudoScalar_13TeV-pythia8-JHUGen/MINIAODSIM/PUMoriond17_80X_mcRun2_asymptotic_2016_TrancheIV_v6-v1/60000/F6FDD9BE-C9B9-E811-A048-3417EBE64BB5.root', 'root://cmsxrootd.fnal.gov//store/mc/RunIISummer16MiniAODv2/ggXToYYTo2mu2e_m22_PseudoScalar_13TeV-pythia8-JHUGen/MINIAODSIM/PUMoriond17_80X_mcRun2_asymptotic_2016_TrancheIV_v6-v1/60000/68DEE8A8-C9B9-E811-8720-0CC47A4D768C.root', 'root://cmsxrootd.fnal.gov//store/mc/RunIISummer16MiniAODv2/ggXToYYTo2mu2e_m22_PseudoScalar_13TeV-pythia8-JHUGen/MINIAODSIM/PUMoriond17_80X_mcRun2_asymptotic_2016_TrancheIV_v6-v1/60000/58CABA27-CAB9-E811-AD90-000E1E878860.root', 'root://cmsxrootd.fnal.gov//store/mc/RunIISummer16MiniAODv2/ggXToYYTo2mu2e_m22_PseudoScalar_13TeV-pythia8-JHUGen/MINIAODSIM/PUMoriond17_80X_mcRun2_asymptotic_2016_TrancheIV_v6-v1/60000/24EAB9CE-C9B9-E811-B244-5065F3810301.root', 'root://cmsxrootd.fnal.gov//store/mc/RunIISummer16MiniAODv2/ggXToYYTo2mu2e_m22_PseudoScalar_13TeV-pythia8-JHUGen/MINIAODSIM/PUMoriond17_80X_mcRun2_asymptotic_2016_TrancheIV_v6-v1/60000/520757B9-C9B9-E811-8CDC-0242AC1C0500.root', 'root://cmsxrootd.fnal.gov//store/mc/RunIISummer16MiniAODv2/ggXToYYTo2mu2e_m22_PseudoScalar_13TeV-pythia8-JHUGen/MINIAODSIM/PUMoriond17_80X_mcRun2_asymptotic_2016_TrancheIV_v6-v1/60000/06F5E91A-CAB9-E811-B240-246E96D14C70.root', 'root://cmsxrootd.fnal.gov//store/mc/RunIISummer16MiniAODv2/ggXToYYTo2mu2e_m22_PseudoScalar_13TeV-pythia8-JHUGen/MINIAODSIM/PUMoriond17_80X_mcRun2_asymptotic_2016_TrancheIV_v6-v1/60000/5A398598-28B9-E811-BFDB-00000086FE80.root', 'root://cmsxrootd.fnal.gov//store/mc/RunIISummer16MiniAODv2/ggXToYYTo2mu2e_m22_PseudoScalar_13TeV-pythia8-JHUGen/MINIAODSIM/PUMoriond17_80X_mcRun2_asymptotic_2016_TrancheIV_v6-v1/60000/D8556AE5-C9B9-E811-A74D-00259029E714.root']", u'T', u'/store/group/phys_egamma/soffi/ggXToYYTo2mu2e/', u'F', u'None', u'F', u'None', u'ggXToYYTo2mu2e_m22_PseudoScalar_13TeV_OUTPUT', u'None', u'4f0dbf730591a29be7115df2301e0d299e67e50e61f5f32fc44b31e883a77b90.tar.gz', u'63782180', u'filetransfers', u'F', u'188.185.120.166', u'0.0', u'None'], u'desc': {u'columns': [u'tm_taskname', u'tm_activity', u'panda_jobset_id', u'tm_task_status', u'tm_task_command', u'tm_start_time', u'tm_start_injection', u'tm_end_injection', u'tm_task_failure', u'tm_job_sw', u'tm_job_arch', u'tm_input_dataset', u'tm_nonvalid_input_dataset', u'tm_use_parent', u'tm_site_whitelist', u'tm_site_blacklist', u'tm_split_algo', u'tm_split_args', u'tm_user_sandbox', u'tm_cache_url', u'tm_username', u'tm_user_dn', u'tm_user_vo', u'tm_user_role', u'tm_user_group', u'tm_publish_name', u'tm_publish_groupname', u'tm_asyncdest', u'tm_dbs_url', u'tm_publish_dbs_url', u'tm_publication', u'tm_outfiles', u'tm_tfile_outfiles', u'tm_edm_outfiles', u'tm_job_type', u'tm_generator', u'tm_events_per_lumi', u'tm_arguments', u'panda_resubmitted_jobs', u'tm_save_logs', u'tw_name', u'tm_user_infiles', u'tm_maxjobruntime', u'tm_numcores', u'tm_maxmemory', u'tm_priority', u'tm_output_dataset', u'tm_task_warnings', u'tm_user_webdir', u'tm_scriptexe', u'tm_scriptargs', u'tm_extrajdl', u'tm_asourl', u'tm_collector', u'tm_schedd', u'tm_dry_run', u'tm_user_files', u'tm_transfer_outputs', u'tm_output_lfn', u'tm_ignore_locality', u'tm_fail_limit', u'tm_one_event_mode', u'tm_secondary_input_dataset', u'tm_primary_dataset', u'tm_last_publication', u'tm_debug_files', u'clusterid', u'tm_asodb', u'tm_ignore_global_blacklist', u'tm_submitter_ip_addr', u'tm_totalunits', u'tm_ddm_reqid']}}
INFO 2021-04-19 13:14:17.084 UTC: 	 CRAB project directory:		/afs/cern.ch/work/s/soffi/TQ-WORK/CMSSW-10-6-20-LowPtEle/src/TQGenLevelAnalysis/TQGenAnalyzer/crab/crab_projects/crab_ggXToYYTo2mu2e_m22_PseudoScalar_13TeV
INFO 2021-04-19 13:14:17.084 UTC: 	 Task name:			210419_125538:soffi_crab_ggXToYYTo2mu2e_m22_PseudoScalar_13TeV
INFO 2021-04-19 13:14:17.084 UTC: 	 Grid scheduler - Task Worker:	crab3@vocms0196.cern.ch - crab-prod-tw01
INFO 2021-04-19 13:14:17.084 UTC: 	 Status on the CRAB server:	SUBMITTED
INFO 2021-04-19 13:14:17.084 UTC: 	 Task URL to use for HELP:	https://cmsweb.cern.ch/crabserver/ui/task/210419_125538%3Asoffi_crab_ggXToYYTo2mu2e_m22_PseudoScalar_13TeV
INFO 2021-04-19 13:14:17.172 UTC: 	 Dashboard monitoring URL:	https://monit-grafana.cern.ch/d/cmsTMDetail/cms-task-monitoring-task-view?orgId=11&var-user=soffi&var-task=210419_125538%3Asoffi_crab_ggXToYYTo2mu2e_m22_PseudoScalar_13TeV&from=1618833338000&to=now
DEBUG 2021-04-19 13:14:17.172 UTC: 	 The CRAB server submitted your task to the Grid scheduler (cluster ID: 63782180)
DEBUG 2021-04-19 13:14:17.172 UTC: 	 Webdir is located at http://vocms0196.cern.ch/mon/cms033/210419_125538:soffi_crab_ggXToYYTo2mu2e_m22_PseudoScalar_13TeV
DEBUG 2021-04-19 13:14:17.287 UTC: 	 Proxied webdir is located at https://cmsweb.cern.ch:8443/scheddmon/0196/cms033/210419_125538:soffi_crab_ggXToYYTo2mu2e_m22_PseudoScalar_13TeV
DEBUG 2021-04-19 13:14:17.287 UTC: 	 Retrieving 'status_cache' file from https://cmsweb.cern.ch:8443/scheddmon/0196/cms033/210419_125538:soffi_crab_ggXToYYTo2mu2e_m22_PseudoScalar_13TeV/status_cache
DEBUG 2021-04-19 13:14:17.337 UTC: 	 Got information from status cache file: {'11': {'Retries': 0, 'WallDurations': [8.0, 166.08598709106445, 184.0], 'StartTimes': [1618837187.0], 'SubmitTimes': [1618836989.0], 'JobIds': ['63782238.0'], 'EndTimes': [1618837371.0], 'Restarts': 0, 'RecordedSite': True, 'State': 'transferring', 'ResidentSetSize': [1972], 'TotalUserCpuTimeHistory': [69], 'SiteHistory': ['Unknown', 'T2_FR_IPHC', 'T2_FR_IPHC'], 'TotalSysCpuTimeHistory': [5]}, '10': {'Retries': 0, 'WallDurations': [9.0, 165.08598709106445, 611.0], 'StartTimes': [1618837188.0], 'SubmitTimes': [1618836989.0], 'JobIds': ['63782235.0'], 'EndTimes': [], 'Restarts': 0, 'RecordedSite': True, 'State': 'running', 'ResidentSetSize': [925488], 'TotalUserCpuTimeHistory': [305.0], 'SiteHistory': ['Unknown', 'T2_ES_IFCA', 'T2_ES_IFCA'], 'TotalSysCpuTimeHistory': [16.0]}, '13': {'Retries': 0, 'WallDurations': [118.0, 165.08598709106445, 165.08598709106445], 'StartTimes': [1618837188.0], 'SubmitTimes': [1618836989.0], 'JobIds': ['63782239.0'], 'EndTimes': [1618837306.0], 'Restarts': 0, 'RecordedSite': True, 'State': 'transferring', 'ResidentSetSize': [50784], 'TotalUserCpuTimeHistory': [44], 'SiteHistory': ['Unknown', 'T2_FR_IPHC', 'T2_FR_IPHC'], 'TotalSysCpuTimeHistory': [4]}, '12': {'Retries': 0, 'WallDurations': [9.0, 160.08598709106445, 267.0], 'StartTimes': [1618837193.0], 'SubmitTimes': [1618836989.0], 'JobIds': ['63782237.0'], 'EndTimes': [1618837460.0], 'Restarts': 0, 'RecordedSite': True, 'State': 'transferring', 'ResidentSetSize': [2832], 'TotalUserCpuTimeHistory': [159], 'SiteHistory': ['Unknown', 'T3_UK_ScotGrid_GLA', 'T3_UK_ScotGrid_GLA'], 'TotalSysCpuTimeHistory': [8]}, '15': {'Retries': 0, 'WallDurations': [8.0, 162.08598709106445, 308.0], 'StartTimes': [1618837191.0], 'SubmitTimes': [1618836990.0], 'JobIds': ['63782241.0'], 'EndTimes': [], 'Restarts': 0, 'RecordedSite': True, 'State': 'running', 'ResidentSetSize': [53568], 'TotalUserCpuTimeHistory': [54.0], 'SiteHistory': ['Unknown', 'T2_IT_Pisa', 'T2_IT_Pisa'], 'TotalSysCpuTimeHistory': [7.0]}, '14': {'Retries': 0, 'WallDurations': [9.0, 165.08598709106445, 696.0], 'StartTimes': [1618837188.0], 'SubmitTimes': [1618836990.0], 'JobIds': ['63782240.0'], 'EndTimes': [1618837884.0], 'Restarts': 0, 'RecordedSite': True, 'State': 'transferring', 'ResidentSetSize': [943268], 'TotalUserCpuTimeHistory': [390], 'SiteHistory': ['Unknown', 'T3_UK_London_QMUL', 'T3_UK_London_QMUL'], 'TotalSysCpuTimeHistory': [17]}, '16': {'Retries': 0, 'WallDurations': [137.0, 164.08598709106445, 164.08598709106445], 'StartTimes': [1618837189.0], 'SubmitTimes': [1618836990.0], 'JobIds': ['63782242.0'], 'EndTimes': [1618837326.0], 'Restarts': 0, 'RecordedSite': True, 'State': 'transferring', 'ResidentSetSize': [2960], 'TotalUserCpuTimeHistory': [34], 'SiteHistory': ['Unknown', 'T3_UK_ScotGrid_GLA', 'T3_UK_ScotGrid_GLA'], 'TotalSysCpuTimeHistory': [4]}, '1': {'Retries': 0, 'WallDurations': [8.0, 163.08598709106445, 224.0], 'StartTimes': [1618837190.0], 'SubmitTimes': [1618836988.0], 'JobIds': ['63782227.0'], 'EndTimes': [1618837414.0], 'Restarts': 0, 'RecordedSite': True, 'State': 'transferring', 'ResidentSetSize': [3004], 'TotalUserCpuTimeHistory': [46], 'SiteHistory': ['Unknown', 'T2_ES_IFCA', 'T2_ES_IFCA'], 'TotalSysCpuTimeHistory': [5]}, '3': {'Retries': 0, 'WallDurations': [9.0, 164.08598709106445, 611.0], 'StartTimes': [1618837189.0], 'SubmitTimes': [1618836988.0], 'JobIds': ['63782229.0'], 'EndTimes': [], 'Restarts': 0, 'RecordedSite': True, 'State': 'running', 'ResidentSetSize': [951676], 'TotalUserCpuTimeHistory': [397.0], 'SiteHistory': ['Unknown', 'T2_IT_Pisa', 'T2_IT_Pisa'], 'TotalSysCpuTimeHistory': [18.0]}, '2': {'Retries': 0, 'WallDurations': [9.0, 166.08598709106445, 290.0], 'StartTimes': [1618837187.0], 'SubmitTimes': [1618836988.0], 'JobIds': ['63782228.0'], 'EndTimes': [1618837477.0], 'Restarts': 0, 'RecordedSite': True, 'State': 'transferring', 'ResidentSetSize': [3268], 'TotalUserCpuTimeHistory': [62], 'SiteHistory': ['Unknown', 'T3_UK_London_QMUL', 'T3_UK_London_QMUL'], 'TotalSysCpuTimeHistory': [6]}, '5': {'Retries': 0, 'WallDurations': [8.0, 164.08598709106445, 241.0], 'StartTimes': [1618837189.0], 'SubmitTimes': [1618836988.0], 'JobIds': ['63782230.0'], 'EndTimes': [1618837430.0], 'Restarts': 0, 'RecordedSite': True, 'State': 'transferring', 'ResidentSetSize': [27904], 'TotalUserCpuTimeHistory': [23], 'SiteHistory': ['Unknown', 'T2_ES_IFCA', 'T2_ES_IFCA'], 'TotalSysCpuTimeHistory': [4]}, '4': {'Retries': 0, 'WallDurations': [9.0, 163.08598709106445, 651.0], 'StartTimes': [1618837190.0], 'SubmitTimes': [1618836989.0], 'JobIds': ['63782231.0'], 'EndTimes': [1618837841.0], 'Restarts': 0, 'RecordedSite': True, 'State': 'transferring', 'ResidentSetSize': [863120], 'TotalUserCpuTimeHistory': [267], 'SiteHistory': ['Unknown', 'T2_ES_IFCA', 'T2_ES_IFCA'], 'TotalSysCpuTimeHistory': [16]}, '7': {'Retries': 0, 'WallDurations': [9.0, 162.08598709106445, 287.0], 'StartTimes': [1618837191.0], 'SubmitTimes': [1618836989.0], 'JobIds': ['63782234.0'], 'EndTimes': [1618837478.0], 'Restarts': 0, 'RecordedSite': True, 'State': 'transferring', 'ResidentSetSize': [2872], 'TotalUserCpuTimeHistory': [72], 'SiteHistory': ['Unknown', 'T2_ES_IFCA', 'T2_ES_IFCA'], 'TotalSysCpuTimeHistory': [9]}, '6': {'Retries': 0, 'WallDurations': [8.0, 167.08598709106445, 234.0], 'StartTimes': [1618837186.0], 'SubmitTimes': [1618836989.0], 'JobIds': ['63782232.0'], 'EndTimes': [1618837420.0], 'Restarts': 0, 'RecordedSite': True, 'State': 'transferring', 'ResidentSetSize': [3368], 'TotalUserCpuTimeHistory': [46], 'SiteHistory': ['Unknown', 'T3_UK_London_QMUL', 'T3_UK_London_QMUL'], 'TotalSysCpuTimeHistory': [4]}, '9': {'Retries': 0, 'WallDurations': [9.0, 163.08598709106445, 247.0], 'StartTimes': [1618837190.0], 'SubmitTimes': [1618836989.0], 'JobIds': ['63782236.0'], 'EndTimes': [1618837437.0], 'Restarts': 0, 'RecordedSite': True, 'State': 'transferring', 'ResidentSetSize': [50872], 'TotalUserCpuTimeHistory': [89], 'SiteHistory': ['Unknown', 'T2_ES_IFCA', 'T2_ES_IFCA'], 'TotalSysCpuTimeHistory': [6]}, '8': {'Retries': 0, 'WallDurations': [9.0, 161.08598709106445, 244.0], 'StartTimes': [1618837192.0], 'SubmitTimes': [1618836989.0], 'JobIds': ['63782233.0'], 'EndTimes': [1618837436.0], 'Restarts': 0, 'RecordedSite': True, 'State': 'transferring', 'ResidentSetSize': [32576], 'TotalUserCpuTimeHistory': [55], 'SiteHistory': ['Unknown', 'T2_ES_IFCA', 'T2_ES_IFCA'], 'TotalSysCpuTimeHistory': [10]}}
INFO 2021-04-19 13:14:17.338 UTC: 	 Status on the scheduler:	SUBMITTED
INFO 2021-04-19 13:14:17.338 UTC: 	 
Jobs status:                    running      		 18.8% ( 3/16)
INFO 2021-04-19 13:14:17.338 UTC: 	 				transferring 		 81.2% (13/16)
INFO 2021-04-19 13:14:17.338 UTC: 	 
No publication information (publication has been disabled in the CRAB configuration file)
INFO 2021-04-19 13:14:17.339 UTC: 	 
Warning: the max jobs runtime is less than 30% of the task requested value (1250 min), please consider to request a lower value for failed jobs (allowed through crab resubmit) and/or improve the jobs splitting (e.g. config.Data.splitting = 'Automatic') in a new task.
INFO 2021-04-19 13:14:17.339 UTC: 	 
Warning: the average jobs CPU efficiency is less than 50%, please consider to improve the jobs splitting (e.g. config.Data.splitting = 'Automatic') in a new task
INFO 2021-04-19 13:14:17.339 UTC: 	 
Summary of run jobs:
 * Memory: 2MB min, 921MB max, 149MB ave
 * Runtime: 0:02:44 min, 0:11:36 max, 0:04:59 ave
 * CPU eff: 11% min, 63% max, 37% ave
 * Waste: 0:41:20 (39% of total)

INFO 2021-04-19 13:14:17.490 UTC: 	 Log file is /afs/cern.ch/work/s/soffi/TQ-WORK/CMSSW-10-6-20-LowPtEle/src/TQGenLevelAnalysis/TQGenAnalyzer/crab/crab_projects/crab_ggXToYYTo2mu2e_m22_PseudoScalar_13TeV/crab.log
