Sample is MC Signal
DEBUG 2021-04-19 12:53:09.377 UTC: 	 CRAB Client version: v3.210323
DEBUG 2021-04-19 12:53:09.377 UTC: 	 Running on: Linux lxplus798.cern.ch 3.10.0-1160.15.2.el7.x86_64 #1 SMP Wed Feb 3 15:06:38 UTC 2021 x86_64 x86_64 x86_64 GNU/Linux - CentOS Linux 7 (Core)
DEBUG 2021-04-19 12:53:09.377 UTC: 	 Executing command: 'submit'
DEBUG 2021-04-19 12:53:09.378 UTC: 	 Found CRAB cache file /afs/cern.ch/user/s/soffi/.crab3
INFO 2021-04-19 12:53:09.379 UTC: 	 Will use CRAB configuration file crabConfig_ggXToYYTo2mu2e_m18_PseudoScalar_13TeV.py
DEBUG 2021-04-19 12:53:09.379 UTC: 	 Loading CRAB configuration file.
DEBUG 2021-04-19 12:53:09.399 UTC: 	 Will use CRAB Analysis plugin (i.e. will run an analysis job type).
DEBUG 2021-04-19 12:53:09.476 UTC: 	 Checking credentials
DEBUG 2021-04-19 12:53:09.477 UTC: 	 Found proxy file /tmp/x509up_u57603
DEBUG 2021-04-19 12:53:09.477 UTC: 	 Getting proxy life time left
DEBUG 2021-04-19 12:53:10.084 UTC: 	 Executing : 
 command : voms-proxy-info -file /tmp/x509up_u57603 -timeleft
 output : 603046

 error: 
 retcode : 0
DEBUG 2021-04-19 12:53:10.691 UTC: 	 Executing : 
 command : voms-proxy-info -file /tmp/x509up_u57603 -actimeleft
 output : 603046

 error: 
 retcode : 0
DEBUG 2021-04-19 12:53:10.692 UTC: 	 Proxy valid for 167:30:46 hours
DEBUG 2021-04-19 12:53:11.298 UTC: 	 Executing : 
 command : env X509_USER_PROXY=/tmp/x509up_u57603 voms-proxy-info -fqan
 output : /cms/Role=NULL/Capability=NULL

 error: 
 retcode : 0
DEBUG 2021-04-19 12:53:11.373 UTC: 	 Registering user credentials for server /DC=ch/DC=cern/OU=computers/CN=vocms0105.cern.ch|/DC=ch/DC=cern/OU=computers/CN=crab-(preprod|prod|dev)-tw(02|01).cern.ch|/DC=ch/DC=cern/OU=computers/CN=(ddi|ddidk|mytw).cern.ch|/DC=ch/DC=cern/OU=computers/CN=stefanov(m|m2).cern.ch
DEBUG 2021-04-19 12:53:11.987 UTC: 	 Executing : 
 command : voms-proxy-info -file /tmp/x509up_u57603 -identity
 output : /DC=ch/DC=cern/OU=Organic Units/OU=Users/CN=soffi/CN=703603/CN=Livia Soffi

 error: 
 retcode : 0
DEBUG 2021-04-19 12:53:11.995 UTC: 	 Getting myproxy life time left for myproxy.cern.ch
DEBUG 2021-04-19 12:53:11.996 UTC: 	 using 2352666ffe183d5f6247953969563d1dfdbc6f43 as credential login name
DEBUG 2021-04-19 12:53:12.200 UTC: 	 Executing : 
 command : myproxy-info -l 2352666ffe183d5f6247953969563d1dfdbc6f43 -s myproxy.cern.ch
 output : username: 2352666ffe183d5f6247953969563d1dfdbc6f43
owner: /DC=ch/DC=cern/OU=Organic Units/OU=Users/CN=soffi/CN=703603/CN=Livia Soffi
  renewal policy: /DC=ch/DC=cern/OU=computers/CN=vocms0105.cern.ch|/DC=ch/DC=cern/OU=computers/CN=crab-(preprod|prod|dev)-tw(02|01).cern.ch|/DC=ch/DC=cern/OU=computers/CN=(ddi|ddidk|mytw).cern.ch|/DC=ch/DC=cern/OU=computers/CN=stefanov(m|m2).cern.ch
  trusted retrieval policy: /DC=ch/DC=cern/OU=computers/CN=vocms0105.cern.ch|/DC=ch/DC=cern/OU=computers/CN=crab-(preprod|prod|dev)-tw(02|01).cern.ch|/DC=ch/DC=cern/OU=computers/CN=(ddi|ddidk|mytw).cern.ch|/DC=ch/DC=cern/OU=computers/CN=stefanov(m|m2).cern.ch
  timeleft: 717:55:17  (29.9 days)

 error: 
 retcode : 0
DEBUG 2021-04-19 12:53:12.201 UTC: 	 Myproxy is valid: 2584517
DEBUG 2021-04-19 12:53:12.201 UTC: 	 Retrieving username ...
DEBUG 2021-04-19 12:53:12.201 UTC: 	 Retrieving username from CRIC...
DEBUG 2021-04-19 12:53:12.931 UTC: 	 username is soffi
DEBUG 2021-04-19 12:53:12.939 UTC: 	 Getting myproxy life time left for myproxy.cern.ch
DEBUG 2021-04-19 12:53:12.939 UTC: 	 using soffi_CRAB as credential login name
DEBUG 2021-04-19 12:53:13.144 UTC: 	 Executing : 
 command : myproxy-info -l soffi_CRAB -s myproxy.cern.ch
 output : username: soffi_CRAB
owner: /DC=ch/DC=cern/OU=Organic Units/OU=Users/CN=soffi/CN=703603/CN=Livia Soffi
  renewal policy: /DC=ch/DC=cern/OU=computers/CN=vocms0105.cern.ch|/DC=ch/DC=cern/OU=computers/CN=crab-(preprod|prod|dev)-tw(02|01).cern.ch|/DC=ch/DC=cern/OU=computers/CN=(ddi|ddidk|mytw).cern.ch|/DC=ch/DC=cern/OU=computers/CN=stefanov(m|m2).cern.ch
  trusted retrieval policy: /DC=ch/DC=cern/OU=computers/CN=vocms0105.cern.ch|/DC=ch/DC=cern/OU=computers/CN=crab-(preprod|prod|dev)-tw(02|01).cern.ch|/DC=ch/DC=cern/OU=computers/CN=(ddi|ddidk|mytw).cern.ch|/DC=ch/DC=cern/OU=computers/CN=stefanov(m|m2).cern.ch
  timeleft: 717:55:23  (29.9 days)

 error: 
 retcode : 0
DEBUG 2021-04-19 12:53:13.144 UTC: 	 Myproxy is valid: 2584523
DEBUG 2021-04-19 12:53:13.145 UTC: 	 Result of myproxy credential check:
  Credential exists on myproxy: username: 2352666ffe183d5f6247953969563d1dfdbc6f43  - validity: 29 days, 21:55:17
  Credential exists on myproxy: username: soffi_CRAB  - validity: 29 days, 21:55:23
DEBUG 2021-04-19 12:53:13.145 UTC: 	 Command use: submit
DEBUG 2021-04-19 12:53:13.145 UTC: 	 Options use: ['--config', 'crabConfig_ggXToYYTo2mu2e_m18_PseudoScalar_13TeV.py']
DEBUG 2021-04-19 12:53:13.250 UTC: 	 CRABClient version: v3.210323
DEBUG 2021-04-19 12:53:13.250 UTC: 	 Instance is prod
DEBUG 2021-04-19 12:53:13.250 UTC: 	 Server base url is cmsweb.cern.ch
DEBUG 2021-04-19 12:53:13.250 UTC: 	 Command url /crabserver/prod/workflow
DEBUG 2021-04-19 12:53:13.250 UTC: 	 Started submission
DEBUG 2021-04-19 12:53:13.250 UTC: 	 Working on /afs/cern.ch/work/s/soffi/TQ-WORK/CMSSW-10-6-20-LowPtEle/src/TQGenLevelAnalysis/TQGenAnalyzer/crab/crab_projects/crab_ggXToYYTo2mu2e_m18_PseudoScalar_13TeV
DEBUG 2021-04-19 12:53:13.369 UTC: 	 Loading required information from the environment
DEBUG 2021-04-19 12:53:13.370 UTC: 	 Found CMSSW_10_6_20 for slc7_amd64_gcc820 with base /afs/cern.ch/work/s/soffi/TQ-WORK/CMSSW-10-6-20-LowPtEle
DEBUG 2021-04-19 12:53:13.370 UTC: 	 Loading required information from the environment
DEBUG 2021-04-19 12:53:13.370 UTC: 	 Found CMSSW_10_6_20 for slc7_amd64_gcc820 with base /afs/cern.ch/work/s/soffi/TQ-WORK/CMSSW-10-6-20-LowPtEle
DEBUG 2021-04-19 12:53:13.370 UTC: 	 UNIQUE NAME: tarUUID b30e4750-4be7-4bd1-a451-3fb3aa002ad2 
DEBUG 2021-04-19 12:53:13.370 UTC: 	 self.config: from WMCore.Configuration import Configuration
config = Configuration()
config.section_('General')
config.General.workArea = 'crab_projects'
config.General.requestName = 'ggXToYYTo2mu2e_m18_PseudoScalar_13TeV'
config.section_('JobType')
config.JobType.psetName = 'ConfFile_cfg.py'
config.JobType.pluginName = 'analysis'
config.JobType.inputFiles = ['lowPtEleReg_2017UL_25112020.db', 'pileup_ALL.root', 'pileup_2018.root', 'pileup_2017.root', 'pileup_2016.root', 'Cert_314472-325175_13TeV_Legacy2018_Collisions18_JSON.txt', 'Cert_294927-306462_13TeV_UL2017_Collisions17_GoldenJSON.txt', 'Cert_271036-284044_13TeV_Legacy2016_Collisions16_JSON.txt']
config.JobType.allowUndistributedCMSSW = True
config.section_('Data')
config.Data.publication = False
config.Data.unitsPerJob = 1
config.Data.userInputFiles = ['root://cmsxrootd.fnal.gov//store/mc/RunIISummer16MiniAODv2/ggXToYYTo2mu2e_m18_PseudoScalar_13TeV-pythia8-JHUGen/MINIAODSIM/PUMoriond17_80X_mcRun2_asymptotic_2016_TrancheIV_v6-v2/100000/06C2C956-E5EC-E811-9315-0242AC130002.root\n', 'root://cmsxrootd.fnal.gov//store/mc/RunIISummer16MiniAODv2/ggXToYYTo2mu2e_m18_PseudoScalar_13TeV-pythia8-JHUGen/MINIAODSIM/PUMoriond17_80X_mcRun2_asymptotic_2016_TrancheIV_v6-v2/100000/08B9DCC9-CAEC-E811-8BB3-0025904B0FDC.root\n', 'root://cmsxrootd.fnal.gov//store/mc/RunIISummer16MiniAODv2/ggXToYYTo2mu2e_m18_PseudoScalar_13TeV-pythia8-JHUGen/MINIAODSIM/PUMoriond17_80X_mcRun2_asymptotic_2016_TrancheIV_v6-v2/100000/160B5697-46ED-E811-AD55-001E675A6D10.root\n', 'root://cmsxrootd.fnal.gov//store/mc/RunIISummer16MiniAODv2/ggXToYYTo2mu2e_m18_PseudoScalar_13TeV-pythia8-JHUGen/MINIAODSIM/PUMoriond17_80X_mcRun2_asymptotic_2016_TrancheIV_v6-v2/100000/224A7256-D5EC-E811-83FD-801844DEEF1C.root\n', 'root://cmsxrootd.fnal.gov//store/mc/RunIISummer16MiniAODv2/ggXToYYTo2mu2e_m18_PseudoScalar_13TeV-pythia8-JHUGen/MINIAODSIM/PUMoriond17_80X_mcRun2_asymptotic_2016_TrancheIV_v6-v2/100000/2A101CE9-CAEC-E811-BCB1-C0BFC0E56816.root\n', 'root://cmsxrootd.fnal.gov//store/mc/RunIISummer16MiniAODv2/ggXToYYTo2mu2e_m18_PseudoScalar_13TeV-pythia8-JHUGen/MINIAODSIM/PUMoriond17_80X_mcRun2_asymptotic_2016_TrancheIV_v6-v2/100000/2C888440-D2EC-E811-9D6E-20CF307C98DC.root\n', 'root://cmsxrootd.fnal.gov//store/mc/RunIISummer16MiniAODv2/ggXToYYTo2mu2e_m18_PseudoScalar_13TeV-pythia8-JHUGen/MINIAODSIM/PUMoriond17_80X_mcRun2_asymptotic_2016_TrancheIV_v6-v2/100000/34590DC8-CAEC-E811-92A0-90B11CBCFF41.root\n', 'root://cmsxrootd.fnal.gov//store/mc/RunIISummer16MiniAODv2/ggXToYYTo2mu2e_m18_PseudoScalar_13TeV-pythia8-JHUGen/MINIAODSIM/PUMoriond17_80X_mcRun2_asymptotic_2016_TrancheIV_v6-v2/100000/367F64E8-94F1-E811-8F2D-B4969109F684.root\n', 'root://cmsxrootd.fnal.gov//store/mc/RunIISummer16MiniAODv2/ggXToYYTo2mu2e_m18_PseudoScalar_13TeV-pythia8-JHUGen/MINIAODSIM/PUMoriond17_80X_mcRun2_asymptotic_2016_TrancheIV_v6-v2/100000/3E4341FC-CDEC-E811-9C6E-7CD30ACE142C.root\n', 'root://cmsxrootd.fnal.gov//store/mc/RunIISummer16MiniAODv2/ggXToYYTo2mu2e_m18_PseudoScalar_13TeV-pythia8-JHUGen/MINIAODSIM/PUMoriond17_80X_mcRun2_asymptotic_2016_TrancheIV_v6-v2/100000/42A25133-E2EC-E811-A7E5-509A4C781343.root\n', 'root://cmsxrootd.fnal.gov//store/mc/RunIISummer16MiniAODv2/ggXToYYTo2mu2e_m18_PseudoScalar_13TeV-pythia8-JHUGen/MINIAODSIM/PUMoriond17_80X_mcRun2_asymptotic_2016_TrancheIV_v6-v2/100000/68651C7F-CEEC-E811-9C69-0CC47A57D036.root\n', 'root://cmsxrootd.fnal.gov//store/mc/RunIISummer16MiniAODv2/ggXToYYTo2mu2e_m18_PseudoScalar_13TeV-pythia8-JHUGen/MINIAODSIM/PUMoriond17_80X_mcRun2_asymptotic_2016_TrancheIV_v6-v2/100000/720B0C08-CEEC-E811-B6DF-48D539F38868.root\n', 'root://cmsxrootd.fnal.gov//store/mc/RunIISummer16MiniAODv2/ggXToYYTo2mu2e_m18_PseudoScalar_13TeV-pythia8-JHUGen/MINIAODSIM/PUMoriond17_80X_mcRun2_asymptotic_2016_TrancheIV_v6-v2/100000/741168F4-CDEC-E811-836E-0242AC1C0503.root\n', 'root://cmsxrootd.fnal.gov//store/mc/RunIISummer16MiniAODv2/ggXToYYTo2mu2e_m18_PseudoScalar_13TeV-pythia8-JHUGen/MINIAODSIM/PUMoriond17_80X_mcRun2_asymptotic_2016_TrancheIV_v6-v2/100000/7A057758-CFEC-E811-A172-0025904C7DFA.root\n', 'root://cmsxrootd.fnal.gov//store/mc/RunIISummer16MiniAODv2/ggXToYYTo2mu2e_m18_PseudoScalar_13TeV-pythia8-JHUGen/MINIAODSIM/PUMoriond17_80X_mcRun2_asymptotic_2016_TrancheIV_v6-v2/100000/7CC6114A-D0EC-E811-9C8E-0025909081F2.root\n', 'root://cmsxrootd.fnal.gov//store/mc/RunIISummer16MiniAODv2/ggXToYYTo2mu2e_m18_PseudoScalar_13TeV-pythia8-JHUGen/MINIAODSIM/PUMoriond17_80X_mcRun2_asymptotic_2016_TrancheIV_v6-v2/100000/7E21C0A8-CAEC-E811-B083-0CC47A4C8E5E.root\n', 'root://cmsxrootd.fnal.gov//store/mc/RunIISummer16MiniAODv2/ggXToYYTo2mu2e_m18_PseudoScalar_13TeV-pythia8-JHUGen/MINIAODSIM/PUMoriond17_80X_mcRun2_asymptotic_2016_TrancheIV_v6-v2/100000/7E902BEE-CDEC-E811-89E5-003048CDCE7A.root\n', 'root://cmsxrootd.fnal.gov//store/mc/RunIISummer16MiniAODv2/ggXToYYTo2mu2e_m18_PseudoScalar_13TeV-pythia8-JHUGen/MINIAODSIM/PUMoriond17_80X_mcRun2_asymptotic_2016_TrancheIV_v6-v2/100000/802BEC4C-18E6-E811-8D92-A4BADB1C0EF1.root\n', 'root://cmsxrootd.fnal.gov//store/mc/RunIISummer16MiniAODv2/ggXToYYTo2mu2e_m18_PseudoScalar_13TeV-pythia8-JHUGen/MINIAODSIM/PUMoriond17_80X_mcRun2_asymptotic_2016_TrancheIV_v6-v2/100000/82B8F9C1-CDEC-E811-AA5A-001E67E6F7F1.root\n', 'root://cmsxrootd.fnal.gov//store/mc/RunIISummer16MiniAODv2/ggXToYYTo2mu2e_m18_PseudoScalar_13TeV-pythia8-JHUGen/MINIAODSIM/PUMoriond17_80X_mcRun2_asymptotic_2016_TrancheIV_v6-v2/100000/98CB2187-DAEC-E811-AF5E-008CFA0527CC.root\n', 'root://cmsxrootd.fnal.gov//store/mc/RunIISummer16MiniAODv2/ggXToYYTo2mu2e_m18_PseudoScalar_13TeV-pythia8-JHUGen/MINIAODSIM/PUMoriond17_80X_mcRun2_asymptotic_2016_TrancheIV_v6-v2/100000/9E4960CA-CAEC-E811-825D-842B2B71EDBE.root\n', 'root://cmsxrootd.fnal.gov//store/mc/RunIISummer16MiniAODv2/ggXToYYTo2mu2e_m18_PseudoScalar_13TeV-pythia8-JHUGen/MINIAODSIM/PUMoriond17_80X_mcRun2_asymptotic_2016_TrancheIV_v6-v2/100000/AA8A78D1-ABE5-E811-9F72-0242AC130002.root\n', 'root://cmsxrootd.fnal.gov//store/mc/RunIISummer16MiniAODv2/ggXToYYTo2mu2e_m18_PseudoScalar_13TeV-pythia8-JHUGen/MINIAODSIM/PUMoriond17_80X_mcRun2_asymptotic_2016_TrancheIV_v6-v2/100000/BA16DBCA-CAEC-E811-AB39-0025904956BE.root\n', 'root://cmsxrootd.fnal.gov//store/mc/RunIISummer16MiniAODv2/ggXToYYTo2mu2e_m18_PseudoScalar_13TeV-pythia8-JHUGen/MINIAODSIM/PUMoriond17_80X_mcRun2_asymptotic_2016_TrancheIV_v6-v2/100000/BC9833B2-CAEC-E811-BB13-0CC47A6C186C.root\n', 'root://cmsxrootd.fnal.gov//store/mc/RunIISummer16MiniAODv2/ggXToYYTo2mu2e_m18_PseudoScalar_13TeV-pythia8-JHUGen/MINIAODSIM/PUMoriond17_80X_mcRun2_asymptotic_2016_TrancheIV_v6-v2/100000/DA652E66-D1EC-E811-A686-0025905C2CE8.root\n', 'root://cmsxrootd.fnal.gov//store/mc/RunIISummer16MiniAODv2/ggXToYYTo2mu2e_m18_PseudoScalar_13TeV-pythia8-JHUGen/MINIAODSIM/PUMoriond17_80X_mcRun2_asymptotic_2016_TrancheIV_v6-v2/100000/E640B468-FDEC-E811-9113-24BE05C44BC1.root\n']
config.Data.splitting = 'FileBased'
config.Data.outLFNDirBase = '/store/group/phys_egamma/soffi/ggXToYYTo2mu2e/'
config.Data.outputPrimaryDataset = 'ggXToYYTo2mu2e_m18_PseudoScalar_13TeV_OUTPUT'
config.section_('Site')
config.Site.storageSite = 'T2_CH_CERN'
config.section_('User')
config.section_('Debug')

DEBUG 2021-04-19 12:53:13.370 UTC: 	 self.config.JobType.psetName: ConfFile_cfg.py
INFO 2021-04-19 12:53:13.370 UTC: 	 Importing CMSSW configuration ConfFile_cfg.py
INFO 2021-04-19 12:53:40.189 UTC: 	 Finished importing CMSSW configuration ConfFile_cfg.py
DEBUG 2021-04-19 12:53:40.190 UTC: 	 Writing CMSSW configuration to /afs/cern.ch/work/s/soffi/TQ-WORK/CMSSW-10-6-20-LowPtEle/src/TQGenLevelAnalysis/TQGenAnalyzer/crab/crab_projects/crab_ggXToYYTo2mu2e_m18_PseudoScalar_13TeV/inputs/PSet.py
DEBUG 2021-04-19 12:53:40.704 UTC: 	 The following EDM output files will be collected: []
DEBUG 2021-04-19 12:53:40.704 UTC: 	 The following TFile output files will be collected: ['ntuple_tetraquarks_pseudoscalar_14GeV.root']
DEBUG 2021-04-19 12:53:40.704 UTC: 	 The following user output files (not listed as PoolOuputModule or TFileService in the CMSSW PSet) will be collected: 
DEBUG 2021-04-19 12:53:40.704 UTC: 	 Loading required information from the environment
DEBUG 2021-04-19 12:53:40.705 UTC: 	 Found CMSSW_10_6_20 for slc7_amd64_gcc820 with base /afs/cern.ch/work/s/soffi/TQ-WORK/CMSSW-10-6-20-LowPtEle
DEBUG 2021-04-19 12:53:40.705 UTC: 	 Making tarball in /afs/cern.ch/work/s/soffi/TQ-WORK/CMSSW-10-6-20-LowPtEle/src/TQGenLevelAnalysis/TQGenAnalyzer/crab/crab_projects/crab_ggXToYYTo2mu2e_m18_PseudoScalar_13TeV/inputs/b30e4750-4be7-4bd1-a451-3fb3aa002ad2default.tgz
DEBUG 2021-04-19 12:53:40.706 UTC: 	 Checking directory /afs/cern.ch/work/s/soffi/TQ-WORK/CMSSW-10-6-20-LowPtEle/lib
DEBUG 2021-04-19 12:53:40.706 UTC: 	 Adding directory /afs/cern.ch/work/s/soffi/TQ-WORK/CMSSW-10-6-20-LowPtEle/lib to tarball
DEBUG 2021-04-19 12:53:41.657 UTC: 	 Checking directory /afs/cern.ch/work/s/soffi/TQ-WORK/CMSSW-10-6-20-LowPtEle/biglib
DEBUG 2021-04-19 12:53:41.657 UTC: 	 Adding directory /afs/cern.ch/work/s/soffi/TQ-WORK/CMSSW-10-6-20-LowPtEle/biglib to tarball
DEBUG 2021-04-19 12:53:41.662 UTC: 	 Checking directory /afs/cern.ch/work/s/soffi/TQ-WORK/CMSSW-10-6-20-LowPtEle/module
DEBUG 2021-04-19 12:53:41.843 UTC: 	 Adding data directory /afs/cern.ch/work/s/soffi/TQ-WORK/CMSSW-10-6-20-LowPtEle/src/RecoEgamma/EgammaTools/data to tarball
DEBUG 2021-04-19 12:53:41.854 UTC: 	 Adding data directory /afs/cern.ch/work/s/soffi/TQ-WORK/CMSSW-10-6-20-LowPtEle/src/RecoEgamma/EgammaTools/interface to tarball
DEBUG 2021-04-19 12:53:41.899 UTC: 	 Adding data directory /afs/cern.ch/work/s/soffi/TQ-WORK/CMSSW-10-6-20-LowPtEle/src/RecoEgamma/EgammaElectronProducers/interface to tarball
DEBUG 2021-04-19 12:53:41.933 UTC: 	 Adding data directory /afs/cern.ch/work/s/soffi/TQ-WORK/CMSSW-10-6-20-LowPtEle/src/RecoEgamma/ElectronIdentification/data to tarball
DEBUG 2021-04-19 12:53:49.062 UTC: 	 Adding data directory /afs/cern.ch/work/s/soffi/TQ-WORK/CMSSW-10-6-20-LowPtEle/src/RecoEgamma/ElectronIdentification/interface to tarball
DEBUG 2021-04-19 12:53:49.470 UTC: 	 Adding data directory /afs/cern.ch/work/s/soffi/TQ-WORK/CMSSW-10-6-20-LowPtEle/src/DataFormats/EgammaCandidates/interface to tarball
DEBUG 2021-04-19 12:53:50.880 UTC: 	 Adding data directory /afs/cern.ch/work/s/soffi/TQ-WORK/CMSSW-10-6-20-LowPtEle/src/TQGenLevelAnalysis/TQGenAnalyzer/material_reg/interface to tarball
DEBUG 2021-04-19 12:53:51.145 UTC: 	 Adding data directory /afs/cern.ch/work/s/soffi/TQ-WORK/CMSSW-10-6-20-LowPtEle/src/data to tarball
DEBUG 2021-04-19 12:53:51.486 UTC: 	 Adding file lowPtEleReg_2017UL_25112020.db to tarball
DEBUG 2021-04-19 12:53:52.104 UTC: 	 Adding file pileup_ALL.root to tarball
DEBUG 2021-04-19 12:53:52.105 UTC: 	 Adding file pileup_2018.root to tarball
DEBUG 2021-04-19 12:53:52.105 UTC: 	 Adding file pileup_2017.root to tarball
DEBUG 2021-04-19 12:53:52.106 UTC: 	 Adding file pileup_2016.root to tarball
DEBUG 2021-04-19 12:53:52.106 UTC: 	 Adding file Cert_314472-325175_13TeV_Legacy2018_Collisions18_JSON.txt to tarball
DEBUG 2021-04-19 12:53:52.107 UTC: 	 Adding file Cert_294927-306462_13TeV_UL2017_Collisions17_GoldenJSON.txt to tarball
DEBUG 2021-04-19 12:53:52.107 UTC: 	 Adding file Cert_271036-284044_13TeV_Legacy2016_Collisions16_JSON.txt to tarball
DEBUG 2021-04-19 12:53:58.075 UTC: 	 Uploading archive /afs/cern.ch/work/s/soffi/TQ-WORK/CMSSW-10-6-20-LowPtEle/src/TQGenLevelAnalysis/TQGenAnalyzer/crab/crab_projects/crab_ggXToYYTo2mu2e_m18_PseudoScalar_13TeV/inputs/b30e4750-4be7-4bd1-a451-3fb3aa002ad2default.tgz (44 MB) to the CRAB cache. Using URI https://cmsweb.cern.ch:8443/crabcache
DEBUG 2021-04-19 12:54:19.837 UTC: 	 Loading required information from the environment
DEBUG 2021-04-19 12:54:19.837 UTC: 	 Found CMSSW_10_6_20 for slc7_amd64_gcc820 with base /afs/cern.ch/work/s/soffi/TQ-WORK/CMSSW-10-6-20-LowPtEle
DEBUG 2021-04-19 12:54:19.837 UTC: 	 Making tarball in /afs/cern.ch/work/s/soffi/TQ-WORK/CMSSW-10-6-20-LowPtEle/src/TQGenLevelAnalysis/TQGenAnalyzer/crab/crab_projects/crab_ggXToYYTo2mu2e_m18_PseudoScalar_13TeV/inputs/debugFiles.tgz
DEBUG 2021-04-19 12:54:19.850 UTC: 	 Uploading archive /afs/cern.ch/work/s/soffi/TQ-WORK/CMSSW-10-6-20-LowPtEle/src/TQGenLevelAnalysis/TQGenAnalyzer/crab/crab_projects/crab_ggXToYYTo2mu2e_m18_PseudoScalar_13TeV/inputs/debugFiles.tgz (4 KB) to the CRAB cache. Using URI https://cmsweb.cern.ch:8443/crabcache
DEBUG 2021-04-19 12:54:19.914 UTC: 	 Result uploading input files: a05ad9768942ecf8f937698621fe93a687e13dd20465da90d9cab71ac1156702.tar.gz 
DEBUG 2021-04-19 12:54:19.914 UTC: 	 Attaching list of user-specified primary input files.
INFO 2021-04-19 12:54:19.915 UTC: 	 Sending the request to the server at cmsweb.cern.ch
DEBUG 2021-04-19 12:54:19.915 UTC: 	 Submitting {'maxjobruntime': 1250, 'extrajdl': [], 'ignorelocality': 0, 'savelogsflag': 0, 'useparent': 0, 'asyncdest': 'T2_CH_CERN', 'algoargs': 1, 'cachefilename': 'a05ad9768942ecf8f937698621fe93a687e13dd20465da90d9cab71ac1156702.tar.gz', 'numcores': 1, 'addoutputfiles': [], 'generator': 'pythia', 'maxmemory': 2000, 'publishdbsurl': 'https://cmsweb.cern.ch/dbs/prod/phys03/DBSWriter', 'priority': 10, 'jobsw': 'CMSSW_10_6_20', 'edmoutfiles': [], 'userfiles': set(['root://cmsxrootd.fnal.gov//store/mc/RunIISummer16MiniAODv2/ggXToYYTo2mu2e_m18_PseudoScalar_13TeV-pythia8-JHUGen/MINIAODSIM/PUMoriond17_80X_mcRun2_asymptotic_2016_TrancheIV_v6-v2/100000/98CB2187-DAEC-E811-AF5E-008CFA0527CC.root', 'root://cmsxrootd.fnal.gov//store/mc/RunIISummer16MiniAODv2/ggXToYYTo2mu2e_m18_PseudoScalar_13TeV-pythia8-JHUGen/MINIAODSIM/PUMoriond17_80X_mcRun2_asymptotic_2016_TrancheIV_v6-v2/100000/68651C7F-CEEC-E811-9C69-0CC47A57D036.root', 'root://cmsxrootd.fnal.gov//store/mc/RunIISummer16MiniAODv2/ggXToYYTo2mu2e_m18_PseudoScalar_13TeV-pythia8-JHUGen/MINIAODSIM/PUMoriond17_80X_mcRun2_asymptotic_2016_TrancheIV_v6-v2/100000/802BEC4C-18E6-E811-8D92-A4BADB1C0EF1.root', 'root://cmsxrootd.fnal.gov//store/mc/RunIISummer16MiniAODv2/ggXToYYTo2mu2e_m18_PseudoScalar_13TeV-pythia8-JHUGen/MINIAODSIM/PUMoriond17_80X_mcRun2_asymptotic_2016_TrancheIV_v6-v2/100000/7A057758-CFEC-E811-A172-0025904C7DFA.root', 'root://cmsxrootd.fnal.gov//store/mc/RunIISummer16MiniAODv2/ggXToYYTo2mu2e_m18_PseudoScalar_13TeV-pythia8-JHUGen/MINIAODSIM/PUMoriond17_80X_mcRun2_asymptotic_2016_TrancheIV_v6-v2/100000/224A7256-D5EC-E811-83FD-801844DEEF1C.root', 'root://cmsxrootd.fnal.gov//store/mc/RunIISummer16MiniAODv2/ggXToYYTo2mu2e_m18_PseudoScalar_13TeV-pythia8-JHUGen/MINIAODSIM/PUMoriond17_80X_mcRun2_asymptotic_2016_TrancheIV_v6-v2/100000/2A101CE9-CAEC-E811-BCB1-C0BFC0E56816.root', 'root://cmsxrootd.fnal.gov//store/mc/RunIISummer16MiniAODv2/ggXToYYTo2mu2e_m18_PseudoScalar_13TeV-pythia8-JHUGen/MINIAODSIM/PUMoriond17_80X_mcRun2_asymptotic_2016_TrancheIV_v6-v2/100000/7E902BEE-CDEC-E811-89E5-003048CDCE7A.root', 'root://cmsxrootd.fnal.gov//store/mc/RunIISummer16MiniAODv2/ggXToYYTo2mu2e_m18_PseudoScalar_13TeV-pythia8-JHUGen/MINIAODSIM/PUMoriond17_80X_mcRun2_asymptotic_2016_TrancheIV_v6-v2/100000/3E4341FC-CDEC-E811-9C6E-7CD30ACE142C.root', 'root://cmsxrootd.fnal.gov//store/mc/RunIISummer16MiniAODv2/ggXToYYTo2mu2e_m18_PseudoScalar_13TeV-pythia8-JHUGen/MINIAODSIM/PUMoriond17_80X_mcRun2_asymptotic_2016_TrancheIV_v6-v2/100000/E640B468-FDEC-E811-9113-24BE05C44BC1.root', 'root://cmsxrootd.fnal.gov//store/mc/RunIISummer16MiniAODv2/ggXToYYTo2mu2e_m18_PseudoScalar_13TeV-pythia8-JHUGen/MINIAODSIM/PUMoriond17_80X_mcRun2_asymptotic_2016_TrancheIV_v6-v2/100000/DA652E66-D1EC-E811-A686-0025905C2CE8.root', 'root://cmsxrootd.fnal.gov//store/mc/RunIISummer16MiniAODv2/ggXToYYTo2mu2e_m18_PseudoScalar_13TeV-pythia8-JHUGen/MINIAODSIM/PUMoriond17_80X_mcRun2_asymptotic_2016_TrancheIV_v6-v2/100000/BA16DBCA-CAEC-E811-AB39-0025904956BE.root', 'root://cmsxrootd.fnal.gov//store/mc/RunIISummer16MiniAODv2/ggXToYYTo2mu2e_m18_PseudoScalar_13TeV-pythia8-JHUGen/MINIAODSIM/PUMoriond17_80X_mcRun2_asymptotic_2016_TrancheIV_v6-v2/100000/06C2C956-E5EC-E811-9315-0242AC130002.root', 'root://cmsxrootd.fnal.gov//store/mc/RunIISummer16MiniAODv2/ggXToYYTo2mu2e_m18_PseudoScalar_13TeV-pythia8-JHUGen/MINIAODSIM/PUMoriond17_80X_mcRun2_asymptotic_2016_TrancheIV_v6-v2/100000/BC9833B2-CAEC-E811-BB13-0CC47A6C186C.root', 'root://cmsxrootd.fnal.gov//store/mc/RunIISummer16MiniAODv2/ggXToYYTo2mu2e_m18_PseudoScalar_13TeV-pythia8-JHUGen/MINIAODSIM/PUMoriond17_80X_mcRun2_asymptotic_2016_TrancheIV_v6-v2/100000/367F64E8-94F1-E811-8F2D-B4969109F684.root', 'root://cmsxrootd.fnal.gov//store/mc/RunIISummer16MiniAODv2/ggXToYYTo2mu2e_m18_PseudoScalar_13TeV-pythia8-JHUGen/MINIAODSIM/PUMoriond17_80X_mcRun2_asymptotic_2016_TrancheIV_v6-v2/100000/42A25133-E2EC-E811-A7E5-509A4C781343.root', 'root://cmsxrootd.fnal.gov//store/mc/RunIISummer16MiniAODv2/ggXToYYTo2mu2e_m18_PseudoScalar_13TeV-pythia8-JHUGen/MINIAODSIM/PUMoriond17_80X_mcRun2_asymptotic_2016_TrancheIV_v6-v2/100000/720B0C08-CEEC-E811-B6DF-48D539F38868.root', 'root://cmsxrootd.fnal.gov//store/mc/RunIISummer16MiniAODv2/ggXToYYTo2mu2e_m18_PseudoScalar_13TeV-pythia8-JHUGen/MINIAODSIM/PUMoriond17_80X_mcRun2_asymptotic_2016_TrancheIV_v6-v2/100000/741168F4-CDEC-E811-836E-0242AC1C0503.root', 'root://cmsxrootd.fnal.gov//store/mc/RunIISummer16MiniAODv2/ggXToYYTo2mu2e_m18_PseudoScalar_13TeV-pythia8-JHUGen/MINIAODSIM/PUMoriond17_80X_mcRun2_asymptotic_2016_TrancheIV_v6-v2/100000/160B5697-46ED-E811-AD55-001E675A6D10.root', 'root://cmsxrootd.fnal.gov//store/mc/RunIISummer16MiniAODv2/ggXToYYTo2mu2e_m18_PseudoScalar_13TeV-pythia8-JHUGen/MINIAODSIM/PUMoriond17_80X_mcRun2_asymptotic_2016_TrancheIV_v6-v2/100000/34590DC8-CAEC-E811-92A0-90B11CBCFF41.root', 'root://cmsxrootd.fnal.gov//store/mc/RunIISummer16MiniAODv2/ggXToYYTo2mu2e_m18_PseudoScalar_13TeV-pythia8-JHUGen/MINIAODSIM/PUMoriond17_80X_mcRun2_asymptotic_2016_TrancheIV_v6-v2/100000/7E21C0A8-CAEC-E811-B083-0CC47A4C8E5E.root', 'root://cmsxrootd.fnal.gov//store/mc/RunIISummer16MiniAODv2/ggXToYYTo2mu2e_m18_PseudoScalar_13TeV-pythia8-JHUGen/MINIAODSIM/PUMoriond17_80X_mcRun2_asymptotic_2016_TrancheIV_v6-v2/100000/7CC6114A-D0EC-E811-9C8E-0025909081F2.root', 'root://cmsxrootd.fnal.gov//store/mc/RunIISummer16MiniAODv2/ggXToYYTo2mu2e_m18_PseudoScalar_13TeV-pythia8-JHUGen/MINIAODSIM/PUMoriond17_80X_mcRun2_asymptotic_2016_TrancheIV_v6-v2/100000/08B9DCC9-CAEC-E811-8BB3-0025904B0FDC.root', 'root://cmsxrootd.fnal.gov//store/mc/RunIISummer16MiniAODv2/ggXToYYTo2mu2e_m18_PseudoScalar_13TeV-pythia8-JHUGen/MINIAODSIM/PUMoriond17_80X_mcRun2_asymptotic_2016_TrancheIV_v6-v2/100000/82B8F9C1-CDEC-E811-AA5A-001E67E6F7F1.root', 'root://cmsxrootd.fnal.gov//store/mc/RunIISummer16MiniAODv2/ggXToYYTo2mu2e_m18_PseudoScalar_13TeV-pythia8-JHUGen/MINIAODSIM/PUMoriond17_80X_mcRun2_asymptotic_2016_TrancheIV_v6-v2/100000/9E4960CA-CAEC-E811-825D-842B2B71EDBE.root', 'root://cmsxrootd.fnal.gov//store/mc/RunIISummer16MiniAODv2/ggXToYYTo2mu2e_m18_PseudoScalar_13TeV-pythia8-JHUGen/MINIAODSIM/PUMoriond17_80X_mcRun2_asymptotic_2016_TrancheIV_v6-v2/100000/2C888440-D2EC-E811-9D6E-20CF307C98DC.root', 'root://cmsxrootd.fnal.gov//store/mc/RunIISummer16MiniAODv2/ggXToYYTo2mu2e_m18_PseudoScalar_13TeV-pythia8-JHUGen/MINIAODSIM/PUMoriond17_80X_mcRun2_asymptotic_2016_TrancheIV_v6-v2/100000/AA8A78D1-ABE5-E811-9F72-0242AC130002.root']), 'primarydataset': 'ggXToYYTo2mu2e_m18_PseudoScalar_13TeV_OUTPUT', 'inputdata': '', 'lfn': '/store/group/phys_egamma/soffi/ggXToYYTo2mu2e/', 'dryrun': 0, 'workflow': 'crab_ggXToYYTo2mu2e_m18_PseudoScalar_13TeV', 'cacheurl': u'https://cmsweb.cern.ch:8443/crabcache', 'nonprodsw': 1, 'tfileoutfiles': ['ntuple_tetraquarks_pseudoscalar_14GeV.root'], 'oneEventMode': 0, 'debugfilename': '05b73194ce8c8694fb9941612290d8f146a05ea1695d781f74ba029e15974d7c.tar.gz', 'saveoutput': 1, 'publication': 0, 'jobarch': 'slc7_amd64_gcc820', 'totalunits': 0, 'splitalgo': 'FileBased', 'ignoreglobalblacklist': 0, 'nonvaliddata': 0, 'dbsurl': 'https://cmsweb.cern.ch/dbs/prod/global/DBSReader', 'publishgroupname': 0, 'jobtype': 'Analysis', 'publishname2': ''} 
DEBUG 2021-04-19 12:54:19.916 UTC: 	 Encoded submit request: maxjobruntime=1250&ignorelocality=0&savelogsflag=0&useparent=0&asyncdest=T2_CH_CERN&algoargs=1&cachefilename=a05ad9768942ecf8f937698621fe93a687e13dd20465da90d9cab71ac1156702.tar.gz&numcores=1&generator=pythia&maxmemory=2000&publishdbsurl=https%3A%2F%2Fcmsweb.cern.ch%2Fdbs%2Fprod%2Fphys03%2FDBSWriter&priority=10&jobsw=CMSSW_10_6_20&primarydataset=ggXToYYTo2mu2e_m18_PseudoScalar_13TeV_OUTPUT&inputdata=&lfn=%2Fstore%2Fgroup%2Fphys_egamma%2Fsoffi%2FggXToYYTo2mu2e%2F&dryrun=0&workflow=crab_ggXToYYTo2mu2e_m18_PseudoScalar_13TeV&cacheurl=https%3A%2F%2Fcmsweb.cern.ch%3A8443%2Fcrabcache&nonprodsw=1&oneEventMode=0&debugfilename=05b73194ce8c8694fb9941612290d8f146a05ea1695d781f74ba029e15974d7c.tar.gz&saveoutput=1&publication=0&jobarch=slc7_amd64_gcc820&totalunits=0&splitalgo=FileBased&ignoreglobalblacklist=0&nonvaliddata=0&dbsurl=https%3A%2F%2Fcmsweb.cern.ch%2Fdbs%2Fprod%2Fglobal%2FDBSReader&publishgroupname=0&jobtype=Analysis&publishname2=&tfileoutfiles=ntuple_tetraquarks_pseudoscalar_14GeV.root&userfiles=root%3A//cmsxrootd.fnal.gov//store/mc/RunIISummer16MiniAODv2/ggXToYYTo2mu2e_m18_PseudoScalar_13TeV-pythia8-JHUGen/MINIAODSIM/PUMoriond17_80X_mcRun2_asymptotic_2016_TrancheIV_v6-v2/100000/98CB2187-DAEC-E811-AF5E-008CFA0527CC.root&userfiles=root%3A//cmsxrootd.fnal.gov//store/mc/RunIISummer16MiniAODv2/ggXToYYTo2mu2e_m18_PseudoScalar_13TeV-pythia8-JHUGen/MINIAODSIM/PUMoriond17_80X_mcRun2_asymptotic_2016_TrancheIV_v6-v2/100000/68651C7F-CEEC-E811-9C69-0CC47A57D036.root&userfiles=root%3A//cmsxrootd.fnal.gov//store/mc/RunIISummer16MiniAODv2/ggXToYYTo2mu2e_m18_PseudoScalar_13TeV-pythia8-JHUGen/MINIAODSIM/PUMoriond17_80X_mcRun2_asymptotic_2016_TrancheIV_v6-v2/100000/802BEC4C-18E6-E811-8D92-A4BADB1C0EF1.root&userfiles=root%3A//cmsxrootd.fnal.gov//store/mc/RunIISummer16MiniAODv2/ggXToYYTo2mu2e_m18_PseudoScalar_13TeV-pythia8-JHUGen/MINIAODSIM/PUMoriond17_80X_mcRun2_asymptotic_2016_TrancheIV_v6-v2/100000/7A057758-CFEC-E811-A172-0025904C7DFA.root&userfiles=root%3A//cmsxrootd.fnal.gov//store/mc/RunIISummer16MiniAODv2/ggXToYYTo2mu2e_m18_PseudoScalar_13TeV-pythia8-JHUGen/MINIAODSIM/PUMoriond17_80X_mcRun2_asymptotic_2016_TrancheIV_v6-v2/100000/224A7256-D5EC-E811-83FD-801844DEEF1C.root&userfiles=root%3A//cmsxrootd.fnal.gov//store/mc/RunIISummer16MiniAODv2/ggXToYYTo2mu2e_m18_PseudoScalar_13TeV-pythia8-JHUGen/MINIAODSIM/PUMoriond17_80X_mcRun2_asymptotic_2016_TrancheIV_v6-v2/100000/2A101CE9-CAEC-E811-BCB1-C0BFC0E56816.root&userfiles=root%3A//cmsxrootd.fnal.gov//store/mc/RunIISummer16MiniAODv2/ggXToYYTo2mu2e_m18_PseudoScalar_13TeV-pythia8-JHUGen/MINIAODSIM/PUMoriond17_80X_mcRun2_asymptotic_2016_TrancheIV_v6-v2/100000/7E902BEE-CDEC-E811-89E5-003048CDCE7A.root&userfiles=root%3A//cmsxrootd.fnal.gov//store/mc/RunIISummer16MiniAODv2/ggXToYYTo2mu2e_m18_PseudoScalar_13TeV-pythia8-JHUGen/MINIAODSIM/PUMoriond17_80X_mcRun2_asymptotic_2016_TrancheIV_v6-v2/100000/3E4341FC-CDEC-E811-9C6E-7CD30ACE142C.root&userfiles=root%3A//cmsxrootd.fnal.gov//store/mc/RunIISummer16MiniAODv2/ggXToYYTo2mu2e_m18_PseudoScalar_13TeV-pythia8-JHUGen/MINIAODSIM/PUMoriond17_80X_mcRun2_asymptotic_2016_TrancheIV_v6-v2/100000/E640B468-FDEC-E811-9113-24BE05C44BC1.root&userfiles=root%3A//cmsxrootd.fnal.gov//store/mc/RunIISummer16MiniAODv2/ggXToYYTo2mu2e_m18_PseudoScalar_13TeV-pythia8-JHUGen/MINIAODSIM/PUMoriond17_80X_mcRun2_asymptotic_2016_TrancheIV_v6-v2/100000/DA652E66-D1EC-E811-A686-0025905C2CE8.root&userfiles=root%3A//cmsxrootd.fnal.gov//store/mc/RunIISummer16MiniAODv2/ggXToYYTo2mu2e_m18_PseudoScalar_13TeV-pythia8-JHUGen/MINIAODSIM/PUMoriond17_80X_mcRun2_asymptotic_2016_TrancheIV_v6-v2/100000/BA16DBCA-CAEC-E811-AB39-0025904956BE.root&userfiles=root%3A//cmsxrootd.fnal.gov//store/mc/RunIISummer16MiniAODv2/ggXToYYTo2mu2e_m18_PseudoScalar_13TeV-pythia8-JHUGen/MINIAODSIM/PUMoriond17_80X_mcRun2_asymptotic_2016_TrancheIV_v6-v2/100000/06C2C956-E5EC-E811-9315-0242AC130002.root&userfiles=root%3A//cmsxrootd.fnal.gov//store/mc/RunIISummer16MiniAODv2/ggXToYYTo2mu2e_m18_PseudoScalar_13TeV-pythia8-JHUGen/MINIAODSIM/PUMoriond17_80X_mcRun2_asymptotic_2016_TrancheIV_v6-v2/100000/BC9833B2-CAEC-E811-BB13-0CC47A6C186C.root&userfiles=root%3A//cmsxrootd.fnal.gov//store/mc/RunIISummer16MiniAODv2/ggXToYYTo2mu2e_m18_PseudoScalar_13TeV-pythia8-JHUGen/MINIAODSIM/PUMoriond17_80X_mcRun2_asymptotic_2016_TrancheIV_v6-v2/100000/367F64E8-94F1-E811-8F2D-B4969109F684.root&userfiles=root%3A//cmsxrootd.fnal.gov//store/mc/RunIISummer16MiniAODv2/ggXToYYTo2mu2e_m18_PseudoScalar_13TeV-pythia8-JHUGen/MINIAODSIM/PUMoriond17_80X_mcRun2_asymptotic_2016_TrancheIV_v6-v2/100000/42A25133-E2EC-E811-A7E5-509A4C781343.root&userfiles=root%3A//cmsxrootd.fnal.gov//store/mc/RunIISummer16MiniAODv2/ggXToYYTo2mu2e_m18_PseudoScalar_13TeV-pythia8-JHUGen/MINIAODSIM/PUMoriond17_80X_mcRun2_asymptotic_2016_TrancheIV_v6-v2/100000/720B0C08-CEEC-E811-B6DF-48D539F38868.root&userfiles=root%3A//cmsxrootd.fnal.gov//store/mc/RunIISummer16MiniAODv2/ggXToYYTo2mu2e_m18_PseudoScalar_13TeV-pythia8-JHUGen/MINIAODSIM/PUMoriond17_80X_mcRun2_asymptotic_2016_TrancheIV_v6-v2/100000/741168F4-CDEC-E811-836E-0242AC1C0503.root&userfiles=root%3A//cmsxrootd.fnal.gov//store/mc/RunIISummer16MiniAODv2/ggXToYYTo2mu2e_m18_PseudoScalar_13TeV-pythia8-JHUGen/MINIAODSIM/PUMoriond17_80X_mcRun2_asymptotic_2016_TrancheIV_v6-v2/100000/160B5697-46ED-E811-AD55-001E675A6D10.root&userfiles=root%3A//cmsxrootd.fnal.gov//store/mc/RunIISummer16MiniAODv2/ggXToYYTo2mu2e_m18_PseudoScalar_13TeV-pythia8-JHUGen/MINIAODSIM/PUMoriond17_80X_mcRun2_asymptotic_2016_TrancheIV_v6-v2/100000/34590DC8-CAEC-E811-92A0-90B11CBCFF41.root&userfiles=root%3A//cmsxrootd.fnal.gov//store/mc/RunIISummer16MiniAODv2/ggXToYYTo2mu2e_m18_PseudoScalar_13TeV-pythia8-JHUGen/MINIAODSIM/PUMoriond17_80X_mcRun2_asymptotic_2016_TrancheIV_v6-v2/100000/7E21C0A8-CAEC-E811-B083-0CC47A4C8E5E.root&userfiles=root%3A//cmsxrootd.fnal.gov//store/mc/RunIISummer16MiniAODv2/ggXToYYTo2mu2e_m18_PseudoScalar_13TeV-pythia8-JHUGen/MINIAODSIM/PUMoriond17_80X_mcRun2_asymptotic_2016_TrancheIV_v6-v2/100000/7CC6114A-D0EC-E811-9C8E-0025909081F2.root&userfiles=root%3A//cmsxrootd.fnal.gov//store/mc/RunIISummer16MiniAODv2/ggXToYYTo2mu2e_m18_PseudoScalar_13TeV-pythia8-JHUGen/MINIAODSIM/PUMoriond17_80X_mcRun2_asymptotic_2016_TrancheIV_v6-v2/100000/08B9DCC9-CAEC-E811-8BB3-0025904B0FDC.root&userfiles=root%3A//cmsxrootd.fnal.gov//store/mc/RunIISummer16MiniAODv2/ggXToYYTo2mu2e_m18_PseudoScalar_13TeV-pythia8-JHUGen/MINIAODSIM/PUMoriond17_80X_mcRun2_asymptotic_2016_TrancheIV_v6-v2/100000/82B8F9C1-CDEC-E811-AA5A-001E67E6F7F1.root&userfiles=root%3A//cmsxrootd.fnal.gov//store/mc/RunIISummer16MiniAODv2/ggXToYYTo2mu2e_m18_PseudoScalar_13TeV-pythia8-JHUGen/MINIAODSIM/PUMoriond17_80X_mcRun2_asymptotic_2016_TrancheIV_v6-v2/100000/9E4960CA-CAEC-E811-825D-842B2B71EDBE.root&userfiles=root%3A//cmsxrootd.fnal.gov//store/mc/RunIISummer16MiniAODv2/ggXToYYTo2mu2e_m18_PseudoScalar_13TeV-pythia8-JHUGen/MINIAODSIM/PUMoriond17_80X_mcRun2_asymptotic_2016_TrancheIV_v6-v2/100000/2C888440-D2EC-E811-9D6E-20CF307C98DC.root&userfiles=root%3A//cmsxrootd.fnal.gov//store/mc/RunIISummer16MiniAODv2/ggXToYYTo2mu2e_m18_PseudoScalar_13TeV-pythia8-JHUGen/MINIAODSIM/PUMoriond17_80X_mcRun2_asymptotic_2016_TrancheIV_v6-v2/100000/AA8A78D1-ABE5-E811-9F72-0242AC130002.root
DEBUG 2021-04-19 12:54:20.035 UTC: 	 Result: {u'result': [{u'RequestName': u'210419_125419:soffi_crab_ggXToYYTo2mu2e_m18_PseudoScalar_13TeV'}]}
INFO 2021-04-19 12:54:20.047 UTC: 	 Success: Your task has been delivered to the prod CRAB3 server.
INFO 2021-04-19 12:54:20.048 UTC: 	 Task name: 210419_125419:soffi_crab_ggXToYYTo2mu2e_m18_PseudoScalar_13TeV
INFO 2021-04-19 12:54:20.048 UTC: 	 Project dir: crab_projects/crab_ggXToYYTo2mu2e_m18_PseudoScalar_13TeV
INFO 2021-04-19 12:54:20.048 UTC: 	 Please use ' crab status -d crab_projects/crab_ggXToYYTo2mu2e_m18_PseudoScalar_13TeV ' to check how the submission process proceeds.
DEBUG 2021-04-19 12:54:20.048 UTC: 	 About to return
INFO 2021-04-19 12:54:20.051 UTC: 	 Log file is /afs/cern.ch/work/s/soffi/TQ-WORK/CMSSW-10-6-20-LowPtEle/src/TQGenLevelAnalysis/TQGenAnalyzer/crab/crab_projects/crab_ggXToYYTo2mu2e_m18_PseudoScalar_13TeV/crab.log
DEBUG 2021-04-19 13:01:01.026 UTC: 	 CRAB Client version: v3.210323
DEBUG 2021-04-19 13:01:01.027 UTC: 	 Running on: Linux lxplus798.cern.ch 3.10.0-1160.15.2.el7.x86_64 #1 SMP Wed Feb 3 15:06:38 UTC 2021 x86_64 x86_64 x86_64 GNU/Linux - CentOS Linux 7 (Core)
DEBUG 2021-04-19 13:01:01.027 UTC: 	 Executing command: 'status'
DEBUG 2021-04-19 13:01:01.027 UTC: 	 Found CRAB cache file /afs/cern.ch/user/s/soffi/.crab3
DEBUG 2021-04-19 13:01:01.123 UTC: 	 Checking credentials
DEBUG 2021-04-19 13:01:01.124 UTC: 	 Found proxy file /tmp/x509up_u57603
DEBUG 2021-04-19 13:01:01.124 UTC: 	 Getting proxy life time left
DEBUG 2021-04-19 13:01:02.254 UTC: 	 Executing : 
 command : voms-proxy-info -file /tmp/x509up_u57603 -timeleft
 output : 602574

 error: 
 retcode : 0
DEBUG 2021-04-19 13:01:03.493 UTC: 	 Executing : 
 command : voms-proxy-info -file /tmp/x509up_u57603 -actimeleft
 output : 602573

 error: 
 retcode : 0
DEBUG 2021-04-19 13:01:03.493 UTC: 	 Proxy lifetime 602574 secs is different from voms extension lifetime 602573 secs for proxy: /tmp/x509up_u57603
DEBUG 2021-04-19 13:01:03.493 UTC: 	 Proxy valid for 167:22:53 hours
DEBUG 2021-04-19 13:01:03.597 UTC: 	 Registering user credentials for server /DC=ch/DC=cern/OU=computers/CN=vocms0105.cern.ch|/DC=ch/DC=cern/OU=computers/CN=crab-(preprod|prod|dev)-tw(02|01).cern.ch|/DC=ch/DC=cern/OU=computers/CN=(ddi|ddidk|mytw).cern.ch|/DC=ch/DC=cern/OU=computers/CN=stefanov(m|m2).cern.ch
DEBUG 2021-04-19 13:01:04.656 UTC: 	 Executing : 
 command : voms-proxy-info -file /tmp/x509up_u57603 -identity
 output : /DC=ch/DC=cern/OU=Organic Units/OU=Users/CN=soffi/CN=703603/CN=Livia Soffi

 error: 
 retcode : 0
DEBUG 2021-04-19 13:01:04.668 UTC: 	 Getting myproxy life time left for myproxy.cern.ch
DEBUG 2021-04-19 13:01:04.669 UTC: 	 using 2352666ffe183d5f6247953969563d1dfdbc6f43 as credential login name
DEBUG 2021-04-19 13:01:05.090 UTC: 	 Executing : 
 command : myproxy-info -l 2352666ffe183d5f6247953969563d1dfdbc6f43 -s myproxy.cern.ch
 output : username: 2352666ffe183d5f6247953969563d1dfdbc6f43
owner: /DC=ch/DC=cern/OU=Organic Units/OU=Users/CN=soffi/CN=703603/CN=Livia Soffi
  renewal policy: /DC=ch/DC=cern/OU=computers/CN=vocms0105.cern.ch|/DC=ch/DC=cern/OU=computers/CN=crab-(preprod|prod|dev)-tw(02|01).cern.ch|/DC=ch/DC=cern/OU=computers/CN=(ddi|ddidk|mytw).cern.ch|/DC=ch/DC=cern/OU=computers/CN=stefanov(m|m2).cern.ch
  trusted retrieval policy: /DC=ch/DC=cern/OU=computers/CN=vocms0105.cern.ch|/DC=ch/DC=cern/OU=computers/CN=crab-(preprod|prod|dev)-tw(02|01).cern.ch|/DC=ch/DC=cern/OU=computers/CN=(ddi|ddidk|mytw).cern.ch|/DC=ch/DC=cern/OU=computers/CN=stefanov(m|m2).cern.ch
  timeleft: 717:47:24  (29.9 days)

 error: 
 retcode : 0
DEBUG 2021-04-19 13:01:05.091 UTC: 	 Myproxy is valid: 2584044
DEBUG 2021-04-19 13:01:05.091 UTC: 	 Retrieving username ...
DEBUG 2021-04-19 13:01:05.091 UTC: 	 Retrieving username from CRIC...
DEBUG 2021-04-19 13:01:06.120 UTC: 	 username is soffi
DEBUG 2021-04-19 13:01:06.128 UTC: 	 Getting myproxy life time left for myproxy.cern.ch
DEBUG 2021-04-19 13:01:06.128 UTC: 	 using soffi_CRAB as credential login name
DEBUG 2021-04-19 13:01:06.435 UTC: 	 Executing : 
 command : myproxy-info -l soffi_CRAB -s myproxy.cern.ch
 output : username: soffi_CRAB
owner: /DC=ch/DC=cern/OU=Organic Units/OU=Users/CN=soffi/CN=703603/CN=Livia Soffi
  renewal policy: /DC=ch/DC=cern/OU=computers/CN=vocms0105.cern.ch|/DC=ch/DC=cern/OU=computers/CN=crab-(preprod|prod|dev)-tw(02|01).cern.ch|/DC=ch/DC=cern/OU=computers/CN=(ddi|ddidk|mytw).cern.ch|/DC=ch/DC=cern/OU=computers/CN=stefanov(m|m2).cern.ch
  trusted retrieval policy: /DC=ch/DC=cern/OU=computers/CN=vocms0105.cern.ch|/DC=ch/DC=cern/OU=computers/CN=crab-(preprod|prod|dev)-tw(02|01).cern.ch|/DC=ch/DC=cern/OU=computers/CN=(ddi|ddidk|mytw).cern.ch|/DC=ch/DC=cern/OU=computers/CN=stefanov(m|m2).cern.ch
  timeleft: 717:47:30  (29.9 days)

 error: 
 retcode : 0
DEBUG 2021-04-19 13:01:06.435 UTC: 	 Myproxy is valid: 2584050
DEBUG 2021-04-19 13:01:06.436 UTC: 	 Result of myproxy credential check:
  Credential exists on myproxy: username: 2352666ffe183d5f6247953969563d1dfdbc6f43  - validity: 29 days, 21:47:24
  Credential exists on myproxy: username: soffi_CRAB  - validity: 29 days, 21:47:30
DEBUG 2021-04-19 13:01:06.437 UTC: 	 Command use: status
DEBUG 2021-04-19 13:01:06.437 UTC: 	 Options use: ['-d', 'crab_projects/crab_ggXToYYTo2mu2e_m18_PseudoScalar_13TeV']
DEBUG 2021-04-19 13:01:06.533 UTC: 	 CRABClient version: v3.210323
DEBUG 2021-04-19 13:01:06.533 UTC: 	 Instance is prod
DEBUG 2021-04-19 13:01:06.533 UTC: 	 Server base url is cmsweb.cern.ch
DEBUG 2021-04-19 13:01:06.533 UTC: 	 Command url /crabserver/prod/workflow
DEBUG 2021-04-19 13:01:06.621 UTC: 	 Got information from server oracle database: {u'result': [u'210419_125419:soffi_crab_ggXToYYTo2mu2e_m18_PseudoScalar_13TeV', u'None', u'None', u'SUBMITTED', u'SUBMIT', u'2021-04-19 12:54:20.022853', u'None', u'2021-04-19 12:55:04.724120', u'None', u'CMSSW_10_6_20', u'slc7_amd64_gcc820', u'None', u'F', u'0', u'[]', u'[]', u'FileBased', u"{'splitOnRun': False, 'halt_job_on_file_boundaries': False, 'files_per_job': 1, 'runs': [], 'lumis': []}", u'a05ad9768942ecf8f937698621fe93a687e13dd20465da90d9cab71ac1156702.tar.gz', u'https://cmsweb.cern.ch:8443/crabcache', u'soffi', u'/DC=ch/DC=cern/OU=Organic Units/OU=Users/CN=soffi/CN=703603/CN=Livia Soffi', u'cms', u'None', u'None', u'crab_ggXToYYTo2mu2e_m18_PseudoScalar_13TeV-00000000000000000000000000000000', u'F', u'T2_CH_CERN', u'https://cmsweb.cern.ch/dbs/prod/global/DBSReader', u'https://cmsweb.cern.ch/dbs/prod/phys03/DBSWriter', u'F', u'[]', u"['ntuple_tetraquarks_pseudoscalar_14GeV.root']", u'[]', u'Analysis', u'pythia', u'None', u'{}', u'[]', u'F', u'crab-prod-tw01', u'[]', u'1250', u'1', u'2000', u'10', u'None', u'[]', u'http://vocms0121.cern.ch/mon/cms033/210419_125419:soffi_crab_ggXToYYTo2mu2e_m18_PseudoScalar_13TeV', u'None', u'[]', u'[]', u'https://cmsweb.cern.ch/crabserver/prod', u'cmsgwms-collector-global.cern.ch:9620,cmsgwms-collector-global.fnal.gov', u'crab3@vocms0121.cern.ch', u'F', u"['root://cmsxrootd.fnal.gov//store/mc/RunIISummer16MiniAODv2/ggXToYYTo2mu2e_m18_PseudoScalar_13TeV-pythia8-JHUGen/MINIAODSIM/PUMoriond17_80X_mcRun2_asymptotic_2016_TrancheIV_v6-v2/100000/98CB2187-DAEC-E811-AF5E-008CFA0527CC.root', 'root://cmsxrootd.fnal.gov//store/mc/RunIISummer16MiniAODv2/ggXToYYTo2mu2e_m18_PseudoScalar_13TeV-pythia8-JHUGen/MINIAODSIM/PUMoriond17_80X_mcRun2_asymptotic_2016_TrancheIV_v6-v2/100000/68651C7F-CEEC-E811-9C69-0CC47A57D036.root', 'root://cmsxrootd.fnal.gov//store/mc/RunIISummer16MiniAODv2/ggXToYYTo2mu2e_m18_PseudoScalar_13TeV-pythia8-JHUGen/MINIAODSIM/PUMoriond17_80X_mcRun2_asymptotic_2016_TrancheIV_v6-v2/100000/802BEC4C-18E6-E811-8D92-A4BADB1C0EF1.root', 'root://cmsxrootd.fnal.gov//store/mc/RunIISummer16MiniAODv2/ggXToYYTo2mu2e_m18_PseudoScalar_13TeV-pythia8-JHUGen/MINIAODSIM/PUMoriond17_80X_mcRun2_asymptotic_2016_TrancheIV_v6-v2/100000/7A057758-CFEC-E811-A172-0025904C7DFA.root', 'root://cmsxrootd.fnal.gov//store/mc/RunIISummer16MiniAODv2/ggXToYYTo2mu2e_m18_PseudoScalar_13TeV-pythia8-JHUGen/MINIAODSIM/PUMoriond17_80X_mcRun2_asymptotic_2016_TrancheIV_v6-v2/100000/224A7256-D5EC-E811-83FD-801844DEEF1C.root', 'root://cmsxrootd.fnal.gov//store/mc/RunIISummer16MiniAODv2/ggXToYYTo2mu2e_m18_PseudoScalar_13TeV-pythia8-JHUGen/MINIAODSIM/PUMoriond17_80X_mcRun2_asymptotic_2016_TrancheIV_v6-v2/100000/2A101CE9-CAEC-E811-BCB1-C0BFC0E56816.root', 'root://cmsxrootd.fnal.gov//store/mc/RunIISummer16MiniAODv2/ggXToYYTo2mu2e_m18_PseudoScalar_13TeV-pythia8-JHUGen/MINIAODSIM/PUMoriond17_80X_mcRun2_asymptotic_2016_TrancheIV_v6-v2/100000/7E902BEE-CDEC-E811-89E5-003048CDCE7A.root', 'root://cmsxrootd.fnal.gov//store/mc/RunIISummer16MiniAODv2/ggXToYYTo2mu2e_m18_PseudoScalar_13TeV-pythia8-JHUGen/MINIAODSIM/PUMoriond17_80X_mcRun2_asymptotic_2016_TrancheIV_v6-v2/100000/3E4341FC-CDEC-E811-9C6E-7CD30ACE142C.root', 'root://cmsxrootd.fnal.gov//store/mc/RunIISummer16MiniAODv2/ggXToYYTo2mu2e_m18_PseudoScalar_13TeV-pythia8-JHUGen/MINIAODSIM/PUMoriond17_80X_mcRun2_asymptotic_2016_TrancheIV_v6-v2/100000/E640B468-FDEC-E811-9113-24BE05C44BC1.root', 'root://cmsxrootd.fnal.gov//store/mc/RunIISummer16MiniAODv2/ggXToYYTo2mu2e_m18_PseudoScalar_13TeV-pythia8-JHUGen/MINIAODSIM/PUMoriond17_80X_mcRun2_asymptotic_2016_TrancheIV_v6-v2/100000/DA652E66-D1EC-E811-A686-0025905C2CE8.root', 'root://cmsxrootd.fnal.gov//store/mc/RunIISummer16MiniAODv2/ggXToYYTo2mu2e_m18_PseudoScalar_13TeV-pythia8-JHUGen/MINIAODSIM/PUMoriond17_80X_mcRun2_asymptotic_2016_TrancheIV_v6-v2/100000/BA16DBCA-CAEC-E811-AB39-0025904956BE.root', 'root://cmsxrootd.fnal.gov//store/mc/RunIISummer16MiniAODv2/ggXToYYTo2mu2e_m18_PseudoScalar_13TeV-pythia8-JHUGen/MINIAODSIM/PUMoriond17_80X_mcRun2_asymptotic_2016_TrancheIV_v6-v2/100000/06C2C956-E5EC-E811-9315-0242AC130002.root', 'root://cmsxrootd.fnal.gov//store/mc/RunIISummer16MiniAODv2/ggXToYYTo2mu2e_m18_PseudoScalar_13TeV-pythia8-JHUGen/MINIAODSIM/PUMoriond17_80X_mcRun2_asymptotic_2016_TrancheIV_v6-v2/100000/BC9833B2-CAEC-E811-BB13-0CC47A6C186C.root', 'root://cmsxrootd.fnal.gov//store/mc/RunIISummer16MiniAODv2/ggXToYYTo2mu2e_m18_PseudoScalar_13TeV-pythia8-JHUGen/MINIAODSIM/PUMoriond17_80X_mcRun2_asymptotic_2016_TrancheIV_v6-v2/100000/367F64E8-94F1-E811-8F2D-B4969109F684.root', 'root://cmsxrootd.fnal.gov//store/mc/RunIISummer16MiniAODv2/ggXToYYTo2mu2e_m18_PseudoScalar_13TeV-pythia8-JHUGen/MINIAODSIM/PUMoriond17_80X_mcRun2_asymptotic_2016_TrancheIV_v6-v2/100000/42A25133-E2EC-E811-A7E5-509A4C781343.root', 'root://cmsxrootd.fnal.gov//store/mc/RunIISummer16MiniAODv2/ggXToYYTo2mu2e_m18_PseudoScalar_13TeV-pythia8-JHUGen/MINIAODSIM/PUMoriond17_80X_mcRun2_asymptotic_2016_TrancheIV_v6-v2/100000/720B0C08-CEEC-E811-B6DF-48D539F38868.root', 'root://cmsxrootd.fnal.gov//store/mc/RunIISummer16MiniAODv2/ggXToYYTo2mu2e_m18_PseudoScalar_13TeV-pythia8-JHUGen/MINIAODSIM/PUMoriond17_80X_mcRun2_asymptotic_2016_TrancheIV_v6-v2/100000/741168F4-CDEC-E811-836E-0242AC1C0503.root', 'root://cmsxrootd.fnal.gov//store/mc/RunIISummer16MiniAODv2/ggXToYYTo2mu2e_m18_PseudoScalar_13TeV-pythia8-JHUGen/MINIAODSIM/PUMoriond17_80X_mcRun2_asymptotic_2016_TrancheIV_v6-v2/100000/160B5697-46ED-E811-AD55-001E675A6D10.root', 'root://cmsxrootd.fnal.gov//store/mc/RunIISummer16MiniAODv2/ggXToYYTo2mu2e_m18_PseudoScalar_13TeV-pythia8-JHUGen/MINIAODSIM/PUMoriond17_80X_mcRun2_asymptotic_2016_TrancheIV_v6-v2/100000/34590DC8-CAEC-E811-92A0-90B11CBCFF41.root', 'root://cmsxrootd.fnal.gov//store/mc/RunIISummer16MiniAODv2/ggXToYYTo2mu2e_m18_PseudoScalar_13TeV-pythia8-JHUGen/MINIAODSIM/PUMoriond17_80X_mcRun2_asymptotic_2016_TrancheIV_v6-v2/100000/7E21C0A8-CAEC-E811-B083-0CC47A4C8E5E.root', 'root://cmsxrootd.fnal.gov//store/mc/RunIISummer16MiniAODv2/ggXToYYTo2mu2e_m18_PseudoScalar_13TeV-pythia8-JHUGen/MINIAODSIM/PUMoriond17_80X_mcRun2_asymptotic_2016_TrancheIV_v6-v2/100000/7CC6114A-D0EC-E811-9C8E-0025909081F2.root', 'root://cmsxrootd.fnal.gov//store/mc/RunIISummer16MiniAODv2/ggXToYYTo2mu2e_m18_PseudoScalar_13TeV-pythia8-JHUGen/MINIAODSIM/PUMoriond17_80X_mcRun2_asymptotic_2016_TrancheIV_v6-v2/100000/08B9DCC9-CAEC-E811-8BB3-0025904B0FDC.root', 'root://cmsxrootd.fnal.gov//store/mc/RunIISummer16MiniAODv2/ggXToYYTo2mu2e_m18_PseudoScalar_13TeV-pythia8-JHUGen/MINIAODSIM/PUMoriond17_80X_mcRun2_asymptotic_2016_TrancheIV_v6-v2/100000/82B8F9C1-CDEC-E811-AA5A-001E67E6F7F1.root', 'root://cmsxrootd.fnal.gov//store/mc/RunIISummer16MiniAODv2/ggXToYYTo2mu2e_m18_PseudoScalar_13TeV-pythia8-JHUGen/MINIAODSIM/PUMoriond17_80X_mcRun2_asymptotic_2016_TrancheIV_v6-v2/100000/9E4960CA-CAEC-E811-825D-842B2B71EDBE.root', 'root://cmsxrootd.fnal.gov//store/mc/RunIISummer16MiniAODv2/ggXToYYTo2mu2e_m18_PseudoScalar_13TeV-pythia8-JHUGen/MINIAODSIM/PUMoriond17_80X_mcRun2_asymptotic_2016_TrancheIV_v6-v2/100000/2C888440-D2EC-E811-9D6E-20CF307C98DC.root', 'root://cmsxrootd.fnal.gov//store/mc/RunIISummer16MiniAODv2/ggXToYYTo2mu2e_m18_PseudoScalar_13TeV-pythia8-JHUGen/MINIAODSIM/PUMoriond17_80X_mcRun2_asymptotic_2016_TrancheIV_v6-v2/100000/AA8A78D1-ABE5-E811-9F72-0242AC130002.root']", u'T', u'/store/group/phys_egamma/soffi/ggXToYYTo2mu2e/', u'F', u'None', u'F', u'None', u'ggXToYYTo2mu2e_m18_PseudoScalar_13TeV_OUTPUT', u'None', u'05b73194ce8c8694fb9941612290d8f146a05ea1695d781f74ba029e15974d7c.tar.gz', u'65665871', u'filetransfers', u'F', u'188.185.120.166', u'0.0', u'None'], u'desc': {u'columns': [u'tm_taskname', u'tm_activity', u'panda_jobset_id', u'tm_task_status', u'tm_task_command', u'tm_start_time', u'tm_start_injection', u'tm_end_injection', u'tm_task_failure', u'tm_job_sw', u'tm_job_arch', u'tm_input_dataset', u'tm_nonvalid_input_dataset', u'tm_use_parent', u'tm_site_whitelist', u'tm_site_blacklist', u'tm_split_algo', u'tm_split_args', u'tm_user_sandbox', u'tm_cache_url', u'tm_username', u'tm_user_dn', u'tm_user_vo', u'tm_user_role', u'tm_user_group', u'tm_publish_name', u'tm_publish_groupname', u'tm_asyncdest', u'tm_dbs_url', u'tm_publish_dbs_url', u'tm_publication', u'tm_outfiles', u'tm_tfile_outfiles', u'tm_edm_outfiles', u'tm_job_type', u'tm_generator', u'tm_events_per_lumi', u'tm_arguments', u'panda_resubmitted_jobs', u'tm_save_logs', u'tw_name', u'tm_user_infiles', u'tm_maxjobruntime', u'tm_numcores', u'tm_maxmemory', u'tm_priority', u'tm_output_dataset', u'tm_task_warnings', u'tm_user_webdir', u'tm_scriptexe', u'tm_scriptargs', u'tm_extrajdl', u'tm_asourl', u'tm_collector', u'tm_schedd', u'tm_dry_run', u'tm_user_files', u'tm_transfer_outputs', u'tm_output_lfn', u'tm_ignore_locality', u'tm_fail_limit', u'tm_one_event_mode', u'tm_secondary_input_dataset', u'tm_primary_dataset', u'tm_last_publication', u'tm_debug_files', u'clusterid', u'tm_asodb', u'tm_ignore_global_blacklist', u'tm_submitter_ip_addr', u'tm_totalunits', u'tm_ddm_reqid']}}
INFO 2021-04-19 13:01:06.622 UTC: 	 CRAB project directory:		/afs/cern.ch/work/s/soffi/TQ-WORK/CMSSW-10-6-20-LowPtEle/src/TQGenLevelAnalysis/TQGenAnalyzer/crab/crab_projects/crab_ggXToYYTo2mu2e_m18_PseudoScalar_13TeV
INFO 2021-04-19 13:01:06.622 UTC: 	 Task name:			210419_125419:soffi_crab_ggXToYYTo2mu2e_m18_PseudoScalar_13TeV
INFO 2021-04-19 13:01:06.622 UTC: 	 Grid scheduler - Task Worker:	crab3@vocms0121.cern.ch - crab-prod-tw01
INFO 2021-04-19 13:01:06.622 UTC: 	 Status on the CRAB server:	SUBMITTED
INFO 2021-04-19 13:01:06.623 UTC: 	 Task URL to use for HELP:	https://cmsweb.cern.ch/crabserver/ui/task/210419_125419%3Asoffi_crab_ggXToYYTo2mu2e_m18_PseudoScalar_13TeV
INFO 2021-04-19 13:01:06.636 UTC: 	 Dashboard monitoring URL:	https://monit-grafana.cern.ch/d/cmsTMDetail/cms-task-monitoring-task-view?orgId=11&var-user=soffi&var-task=210419_125419%3Asoffi_crab_ggXToYYTo2mu2e_m18_PseudoScalar_13TeV&from=1618833260000&to=now
DEBUG 2021-04-19 13:01:06.636 UTC: 	 The CRAB server submitted your task to the Grid scheduler (cluster ID: 65665871)
DEBUG 2021-04-19 13:01:06.636 UTC: 	 Webdir is located at http://vocms0121.cern.ch/mon/cms033/210419_125419:soffi_crab_ggXToYYTo2mu2e_m18_PseudoScalar_13TeV
DEBUG 2021-04-19 13:01:06.702 UTC: 	 Proxied webdir is located at https://cmsweb.cern.ch:8443/scheddmon/0121/cms033/210419_125419:soffi_crab_ggXToYYTo2mu2e_m18_PseudoScalar_13TeV
DEBUG 2021-04-19 13:01:06.702 UTC: 	 Retrieving 'status_cache' file from https://cmsweb.cern.ch:8443/scheddmon/0121/cms033/210419_125419:soffi_crab_ggXToYYTo2mu2e_m18_PseudoScalar_13TeV/status_cache
DEBUG 2021-04-19 13:01:06.743 UTC: 	 Got information from status cache file: {'24': {'Retries': 0, 'WallDurations': [0], 'StartTimes': [], 'SubmitTimes': [1618836918.0], 'JobIds': ['65665897.0'], 'EndTimes': [], 'Restarts': 0, 'RecordedSite': False, 'State': 'idle', 'ResidentSetSize': [0], 'TotalUserCpuTimeHistory': [0.0], 'SiteHistory': ['Unknown'], 'TotalSysCpuTimeHistory': [0.0]}, '25': {'Retries': 0, 'WallDurations': [0], 'StartTimes': [], 'SubmitTimes': [1618836918.0], 'JobIds': ['65665898.0'], 'EndTimes': [], 'Restarts': 0, 'RecordedSite': False, 'State': 'idle', 'ResidentSetSize': [0], 'TotalUserCpuTimeHistory': [0.0], 'SiteHistory': ['Unknown'], 'TotalSysCpuTimeHistory': [0.0]}, '26': {'Retries': 0, 'WallDurations': [0], 'StartTimes': [], 'SubmitTimes': [1618836918.0], 'JobIds': ['65665899.0'], 'EndTimes': [], 'Restarts': 0, 'RecordedSite': False, 'State': 'idle', 'ResidentSetSize': [0], 'TotalUserCpuTimeHistory': [0.0], 'SiteHistory': ['Unknown'], 'TotalSysCpuTimeHistory': [0.0]}, '20': {'Retries': 0, 'WallDurations': [0], 'StartTimes': [], 'SubmitTimes': [1618836917.0], 'JobIds': ['65665893.0'], 'EndTimes': [], 'Restarts': 0, 'RecordedSite': False, 'State': 'idle', 'ResidentSetSize': [0], 'TotalUserCpuTimeHistory': [0.0], 'SiteHistory': ['Unknown'], 'TotalSysCpuTimeHistory': [0.0]}, '21': {'Retries': 0, 'WallDurations': [0], 'StartTimes': [], 'SubmitTimes': [1618836917.0], 'JobIds': ['65665894.0'], 'EndTimes': [], 'Restarts': 0, 'RecordedSite': False, 'State': 'idle', 'ResidentSetSize': [0], 'TotalUserCpuTimeHistory': [0.0], 'SiteHistory': ['Unknown'], 'TotalSysCpuTimeHistory': [0.0]}, '22': {'Retries': 0, 'WallDurations': [0], 'StartTimes': [], 'SubmitTimes': [1618836917.0], 'JobIds': ['65665895.0'], 'EndTimes': [], 'Restarts': 0, 'RecordedSite': False, 'State': 'idle', 'ResidentSetSize': [0], 'TotalUserCpuTimeHistory': [0.0], 'SiteHistory': ['Unknown'], 'TotalSysCpuTimeHistory': [0.0]}, '23': {'Retries': 0, 'WallDurations': [0], 'StartTimes': [], 'SubmitTimes': [1618836918.0], 'JobIds': ['65665896.0'], 'EndTimes': [], 'Restarts': 0, 'RecordedSite': False, 'State': 'idle', 'ResidentSetSize': [0], 'TotalUserCpuTimeHistory': [0.0], 'SiteHistory': ['Unknown'], 'TotalSysCpuTimeHistory': [0.0]}, '1': {'Retries': 0, 'WallDurations': [0], 'StartTimes': [], 'SubmitTimes': [1618836909.0], 'JobIds': ['65665874.0'], 'EndTimes': [], 'Restarts': 0, 'RecordedSite': False, 'State': 'idle', 'ResidentSetSize': [0], 'TotalUserCpuTimeHistory': [0.0], 'SiteHistory': ['Unknown'], 'TotalSysCpuTimeHistory': [0.0]}, '3': {'Retries': 0, 'WallDurations': [0], 'StartTimes': [], 'SubmitTimes': [1618836909.0], 'JobIds': ['65665876.0'], 'EndTimes': [], 'Restarts': 0, 'RecordedSite': False, 'State': 'idle', 'ResidentSetSize': [0], 'TotalUserCpuTimeHistory': [0.0], 'SiteHistory': ['Unknown'], 'TotalSysCpuTimeHistory': [0.0]}, '2': {'Retries': 0, 'WallDurations': [0], 'StartTimes': [], 'SubmitTimes': [1618836909.0], 'JobIds': ['65665875.0'], 'EndTimes': [], 'Restarts': 0, 'RecordedSite': False, 'State': 'idle', 'ResidentSetSize': [0], 'TotalUserCpuTimeHistory': [0.0], 'SiteHistory': ['Unknown'], 'TotalSysCpuTimeHistory': [0.0]}, '5': {'Retries': 0, 'WallDurations': [0], 'StartTimes': [], 'SubmitTimes': [1618836909.0], 'JobIds': ['65665878.0'], 'EndTimes': [], 'Restarts': 0, 'RecordedSite': False, 'State': 'idle', 'ResidentSetSize': [0], 'TotalUserCpuTimeHistory': [0.0], 'SiteHistory': ['Unknown'], 'TotalSysCpuTimeHistory': [0.0]}, '4': {'Retries': 0, 'WallDurations': [0], 'StartTimes': [], 'SubmitTimes': [1618836909.0], 'JobIds': ['65665877.0'], 'EndTimes': [], 'Restarts': 0, 'RecordedSite': False, 'State': 'idle', 'ResidentSetSize': [0], 'TotalUserCpuTimeHistory': [0.0], 'SiteHistory': ['Unknown'], 'TotalSysCpuTimeHistory': [0.0]}, '7': {'Retries': 0, 'WallDurations': [9.0, 29.642478942871094], 'StartTimes': [1618836947.0], 'SubmitTimes': [1618836910.0], 'JobIds': ['65665880.0'], 'EndTimes': [], 'Restarts': 0, 'RecordedSite': True, 'State': 'running', 'ResidentSetSize': [63260], 'TotalUserCpuTimeHistory': [0.0], 'SiteHistory': ['T1_RU_JINR', 'T1_RU_JINR'], 'TotalSysCpuTimeHistory': [0.0]}, '6': {'Retries': 0, 'WallDurations': [8.0, 13.642478942871094], 'StartTimes': [1618836963.0], 'SubmitTimes': [1618836910.0], 'JobIds': ['65665879.0'], 'EndTimes': [], 'Restarts': 0, 'RecordedSite': True, 'State': 'running', 'ResidentSetSize': [43892], 'TotalUserCpuTimeHistory': [0.0], 'SiteHistory': ['T1_RU_JINR', 'T1_RU_JINR'], 'TotalSysCpuTimeHistory': [0.0]}, '9': {'Retries': 0, 'WallDurations': [0], 'StartTimes': [], 'SubmitTimes': [1618836910.0], 'JobIds': ['65665883.0'], 'EndTimes': [], 'Restarts': 0, 'RecordedSite': False, 'State': 'idle', 'ResidentSetSize': [0], 'TotalUserCpuTimeHistory': [0.0], 'SiteHistory': ['Unknown'], 'TotalSysCpuTimeHistory': [0.0]}, '8': {'Retries': 0, 'WallDurations': [0], 'StartTimes': [], 'SubmitTimes': [1618836910.0], 'JobIds': ['65665881.0'], 'EndTimes': [], 'Restarts': 0, 'RecordedSite': True, 'State': 'idle', 'ResidentSetSize': [0], 'TotalUserCpuTimeHistory': [0.0], 'SiteHistory': ['T1_RU_JINR'], 'TotalSysCpuTimeHistory': [0.0]}, '11': {'Retries': 0, 'WallDurations': [0], 'StartTimes': [], 'SubmitTimes': [1618836916.0], 'JobIds': ['65665884.0'], 'EndTimes': [], 'Restarts': 0, 'RecordedSite': False, 'State': 'idle', 'ResidentSetSize': [0], 'TotalUserCpuTimeHistory': [0.0], 'SiteHistory': ['Unknown'], 'TotalSysCpuTimeHistory': [0.0]}, '10': {'Retries': 0, 'WallDurations': [0], 'StartTimes': [], 'SubmitTimes': [1618836910.0], 'JobIds': ['65665882.0'], 'EndTimes': [], 'Restarts': 0, 'RecordedSite': False, 'State': 'idle', 'ResidentSetSize': [0], 'TotalUserCpuTimeHistory': [0.0], 'SiteHistory': ['Unknown'], 'TotalSysCpuTimeHistory': [0.0]}, '13': {'Retries': 0, 'WallDurations': [0], 'StartTimes': [], 'SubmitTimes': [1618836916.0], 'JobIds': ['65665886.0'], 'EndTimes': [], 'Restarts': 0, 'RecordedSite': False, 'State': 'idle', 'ResidentSetSize': [0], 'TotalUserCpuTimeHistory': [0.0], 'SiteHistory': ['Unknown'], 'TotalSysCpuTimeHistory': [0.0]}, '12': {'Retries': 0, 'WallDurations': [0], 'StartTimes': [], 'SubmitTimes': [1618836916.0], 'JobIds': ['65665885.0'], 'EndTimes': [], 'Restarts': 0, 'RecordedSite': False, 'State': 'idle', 'ResidentSetSize': [0], 'TotalUserCpuTimeHistory': [0.0], 'SiteHistory': ['Unknown'], 'TotalSysCpuTimeHistory': [0.0]}, '15': {'Retries': 0, 'WallDurations': [0], 'StartTimes': [], 'SubmitTimes': [1618836916.0], 'JobIds': ['65665888.0'], 'EndTimes': [], 'Restarts': 0, 'RecordedSite': False, 'State': 'idle', 'ResidentSetSize': [0], 'TotalUserCpuTimeHistory': [0.0], 'SiteHistory': ['Unknown'], 'TotalSysCpuTimeHistory': [0.0]}, '14': {'Retries': 0, 'WallDurations': [0], 'StartTimes': [], 'SubmitTimes': [1618836916.0], 'JobIds': ['65665887.0'], 'EndTimes': [], 'Restarts': 0, 'RecordedSite': False, 'State': 'idle', 'ResidentSetSize': [0], 'TotalUserCpuTimeHistory': [0.0], 'SiteHistory': ['Unknown'], 'TotalSysCpuTimeHistory': [0.0]}, '17': {'Retries': 0, 'WallDurations': [0], 'StartTimes': [], 'SubmitTimes': [1618836917.0], 'JobIds': ['65665890.0'], 'EndTimes': [], 'Restarts': 0, 'RecordedSite': False, 'State': 'idle', 'ResidentSetSize': [0], 'TotalUserCpuTimeHistory': [0.0], 'SiteHistory': ['Unknown'], 'TotalSysCpuTimeHistory': [0.0]}, '16': {'Retries': 0, 'WallDurations': [0], 'StartTimes': [], 'SubmitTimes': [1618836917.0], 'JobIds': ['65665889.0'], 'EndTimes': [], 'Restarts': 0, 'RecordedSite': False, 'State': 'idle', 'ResidentSetSize': [0], 'TotalUserCpuTimeHistory': [0.0], 'SiteHistory': ['Unknown'], 'TotalSysCpuTimeHistory': [0.0]}, '19': {'Retries': 0, 'WallDurations': [0], 'StartTimes': [], 'SubmitTimes': [1618836917.0], 'JobIds': ['65665892.0'], 'EndTimes': [], 'Restarts': 0, 'RecordedSite': False, 'State': 'idle', 'ResidentSetSize': [0], 'TotalUserCpuTimeHistory': [0.0], 'SiteHistory': ['Unknown'], 'TotalSysCpuTimeHistory': [0.0]}, '18': {'Retries': 0, 'WallDurations': [0], 'StartTimes': [], 'SubmitTimes': [1618836917.0], 'JobIds': ['65665891.0'], 'EndTimes': [], 'Restarts': 0, 'RecordedSite': False, 'State': 'idle', 'ResidentSetSize': [0], 'TotalUserCpuTimeHistory': [0.0], 'SiteHistory': ['Unknown'], 'TotalSysCpuTimeHistory': [0.0]}}
INFO 2021-04-19 13:01:06.743 UTC: 	 Status on the scheduler:	SUBMITTED
INFO 2021-04-19 13:01:06.743 UTC: 	 
Jobs status:                    idle         		 92.3% (24/26)
INFO 2021-04-19 13:01:06.743 UTC: 	 				running      		  7.7% ( 2/26)
INFO 2021-04-19 13:01:06.743 UTC: 	 
No publication information (publication has been disabled in the CRAB configuration file)
INFO 2021-04-19 13:01:06.783 UTC: 	 Log file is /afs/cern.ch/work/s/soffi/TQ-WORK/CMSSW-10-6-20-LowPtEle/src/TQGenLevelAnalysis/TQGenAnalyzer/crab/crab_projects/crab_ggXToYYTo2mu2e_m18_PseudoScalar_13TeV/crab.log
DEBUG 2021-04-19 13:12:01.064 UTC: 	 CRAB Client version: v3.210323
DEBUG 2021-04-19 13:12:01.064 UTC: 	 Running on: Linux lxplus798.cern.ch 3.10.0-1160.15.2.el7.x86_64 #1 SMP Wed Feb 3 15:06:38 UTC 2021 x86_64 x86_64 x86_64 GNU/Linux - CentOS Linux 7 (Core)
DEBUG 2021-04-19 13:12:01.064 UTC: 	 Executing command: 'status'
DEBUG 2021-04-19 13:12:01.065 UTC: 	 Found CRAB cache file /afs/cern.ch/user/s/soffi/.crab3
DEBUG 2021-04-19 13:12:01.142 UTC: 	 Checking credentials
DEBUG 2021-04-19 13:12:01.142 UTC: 	 Found proxy file /tmp/x509up_u57603
DEBUG 2021-04-19 13:12:01.142 UTC: 	 Getting proxy life time left
DEBUG 2021-04-19 13:12:03.175 UTC: 	 Executing : 
 command : voms-proxy-info -file /tmp/x509up_u57603 -timeleft
 output : 601913

 error: 
 retcode : 0
DEBUG 2021-04-19 13:12:04.306 UTC: 	 Executing : 
 command : voms-proxy-info -file /tmp/x509up_u57603 -actimeleft
 output : 601912

 error: 
 retcode : 0
DEBUG 2021-04-19 13:12:04.307 UTC: 	 Proxy lifetime 601913 secs is different from voms extension lifetime 601912 secs for proxy: /tmp/x509up_u57603
DEBUG 2021-04-19 13:12:04.307 UTC: 	 Proxy valid for 167:11:52 hours
DEBUG 2021-04-19 13:12:04.374 UTC: 	 Registering user credentials for server /DC=ch/DC=cern/OU=computers/CN=vocms0105.cern.ch|/DC=ch/DC=cern/OU=computers/CN=crab-(preprod|prod|dev)-tw(02|01).cern.ch|/DC=ch/DC=cern/OU=computers/CN=(ddi|ddidk|mytw).cern.ch|/DC=ch/DC=cern/OU=computers/CN=stefanov(m|m2).cern.ch
DEBUG 2021-04-19 13:12:05.821 UTC: 	 Executing : 
 command : voms-proxy-info -file /tmp/x509up_u57603 -identity
 output : /DC=ch/DC=cern/OU=Organic Units/OU=Users/CN=soffi/CN=703603/CN=Livia Soffi

 error: 
 retcode : 0
DEBUG 2021-04-19 13:12:05.832 UTC: 	 Getting myproxy life time left for myproxy.cern.ch
DEBUG 2021-04-19 13:12:05.832 UTC: 	 using 2352666ffe183d5f6247953969563d1dfdbc6f43 as credential login name
DEBUG 2021-04-19 13:12:06.152 UTC: 	 Executing : 
 command : myproxy-info -l 2352666ffe183d5f6247953969563d1dfdbc6f43 -s myproxy.cern.ch
 output : username: 2352666ffe183d5f6247953969563d1dfdbc6f43
owner: /DC=ch/DC=cern/OU=Organic Units/OU=Users/CN=soffi/CN=703603/CN=Livia Soffi
  renewal policy: /DC=ch/DC=cern/OU=computers/CN=vocms0105.cern.ch|/DC=ch/DC=cern/OU=computers/CN=crab-(preprod|prod|dev)-tw(02|01).cern.ch|/DC=ch/DC=cern/OU=computers/CN=(ddi|ddidk|mytw).cern.ch|/DC=ch/DC=cern/OU=computers/CN=stefanov(m|m2).cern.ch
  trusted retrieval policy: /DC=ch/DC=cern/OU=computers/CN=vocms0105.cern.ch|/DC=ch/DC=cern/OU=computers/CN=crab-(preprod|prod|dev)-tw(02|01).cern.ch|/DC=ch/DC=cern/OU=computers/CN=(ddi|ddidk|mytw).cern.ch|/DC=ch/DC=cern/OU=computers/CN=stefanov(m|m2).cern.ch
  timeleft: 717:36:23  (29.9 days)

 error: 
 retcode : 0
DEBUG 2021-04-19 13:12:06.153 UTC: 	 Myproxy is valid: 2583383
DEBUG 2021-04-19 13:12:06.153 UTC: 	 Retrieving username ...
DEBUG 2021-04-19 13:12:06.153 UTC: 	 Retrieving username from CRIC...
DEBUG 2021-04-19 13:12:07.963 UTC: 	 username is soffi
DEBUG 2021-04-19 13:12:07.979 UTC: 	 Getting myproxy life time left for myproxy.cern.ch
DEBUG 2021-04-19 13:12:07.980 UTC: 	 using soffi_CRAB as credential login name
DEBUG 2021-04-19 13:12:08.297 UTC: 	 Executing : 
 command : myproxy-info -l soffi_CRAB -s myproxy.cern.ch
 output : username: soffi_CRAB
owner: /DC=ch/DC=cern/OU=Organic Units/OU=Users/CN=soffi/CN=703603/CN=Livia Soffi
  renewal policy: /DC=ch/DC=cern/OU=computers/CN=vocms0105.cern.ch|/DC=ch/DC=cern/OU=computers/CN=crab-(preprod|prod|dev)-tw(02|01).cern.ch|/DC=ch/DC=cern/OU=computers/CN=(ddi|ddidk|mytw).cern.ch|/DC=ch/DC=cern/OU=computers/CN=stefanov(m|m2).cern.ch
  trusted retrieval policy: /DC=ch/DC=cern/OU=computers/CN=vocms0105.cern.ch|/DC=ch/DC=cern/OU=computers/CN=crab-(preprod|prod|dev)-tw(02|01).cern.ch|/DC=ch/DC=cern/OU=computers/CN=(ddi|ddidk|mytw).cern.ch|/DC=ch/DC=cern/OU=computers/CN=stefanov(m|m2).cern.ch
  timeleft: 717:36:28  (29.9 days)

 error: 
 retcode : 0
DEBUG 2021-04-19 13:12:08.298 UTC: 	 Myproxy is valid: 2583388
DEBUG 2021-04-19 13:12:08.298 UTC: 	 Result of myproxy credential check:
  Credential exists on myproxy: username: 2352666ffe183d5f6247953969563d1dfdbc6f43  - validity: 29 days, 21:36:23
  Credential exists on myproxy: username: soffi_CRAB  - validity: 29 days, 21:36:28
DEBUG 2021-04-19 13:12:08.299 UTC: 	 Command use: status
DEBUG 2021-04-19 13:12:08.300 UTC: 	 Options use: ['-d', 'crab_projects/crab_ggXToYYTo2mu2e_m18_PseudoScalar_13TeV']
DEBUG 2021-04-19 13:12:08.477 UTC: 	 CRABClient version: v3.210323
DEBUG 2021-04-19 13:12:08.478 UTC: 	 Instance is prod
DEBUG 2021-04-19 13:12:08.478 UTC: 	 Server base url is cmsweb.cern.ch
DEBUG 2021-04-19 13:12:08.478 UTC: 	 Command url /crabserver/prod/workflow
DEBUG 2021-04-19 13:12:08.623 UTC: 	 Got information from server oracle database: {u'result': [u'210419_125419:soffi_crab_ggXToYYTo2mu2e_m18_PseudoScalar_13TeV', u'None', u'None', u'SUBMITTED', u'SUBMIT', u'2021-04-19 12:54:20.022853', u'None', u'2021-04-19 12:55:04.724120', u'None', u'CMSSW_10_6_20', u'slc7_amd64_gcc820', u'None', u'F', u'0', u'[]', u'[]', u'FileBased', u"{'splitOnRun': False, 'halt_job_on_file_boundaries': False, 'files_per_job': 1, 'runs': [], 'lumis': []}", u'a05ad9768942ecf8f937698621fe93a687e13dd20465da90d9cab71ac1156702.tar.gz', u'https://cmsweb.cern.ch:8443/crabcache', u'soffi', u'/DC=ch/DC=cern/OU=Organic Units/OU=Users/CN=soffi/CN=703603/CN=Livia Soffi', u'cms', u'None', u'None', u'crab_ggXToYYTo2mu2e_m18_PseudoScalar_13TeV-00000000000000000000000000000000', u'F', u'T2_CH_CERN', u'https://cmsweb.cern.ch/dbs/prod/global/DBSReader', u'https://cmsweb.cern.ch/dbs/prod/phys03/DBSWriter', u'F', u'[]', u"['ntuple_tetraquarks_pseudoscalar_14GeV.root']", u'[]', u'Analysis', u'pythia', u'None', u'{}', u'[]', u'F', u'crab-prod-tw01', u'[]', u'1250', u'1', u'2000', u'10', u'None', u'[]', u'http://vocms0121.cern.ch/mon/cms033/210419_125419:soffi_crab_ggXToYYTo2mu2e_m18_PseudoScalar_13TeV', u'None', u'[]', u'[]', u'https://cmsweb.cern.ch/crabserver/prod', u'cmsgwms-collector-global.cern.ch:9620,cmsgwms-collector-global.fnal.gov', u'crab3@vocms0121.cern.ch', u'F', u"['root://cmsxrootd.fnal.gov//store/mc/RunIISummer16MiniAODv2/ggXToYYTo2mu2e_m18_PseudoScalar_13TeV-pythia8-JHUGen/MINIAODSIM/PUMoriond17_80X_mcRun2_asymptotic_2016_TrancheIV_v6-v2/100000/98CB2187-DAEC-E811-AF5E-008CFA0527CC.root', 'root://cmsxrootd.fnal.gov//store/mc/RunIISummer16MiniAODv2/ggXToYYTo2mu2e_m18_PseudoScalar_13TeV-pythia8-JHUGen/MINIAODSIM/PUMoriond17_80X_mcRun2_asymptotic_2016_TrancheIV_v6-v2/100000/68651C7F-CEEC-E811-9C69-0CC47A57D036.root', 'root://cmsxrootd.fnal.gov//store/mc/RunIISummer16MiniAODv2/ggXToYYTo2mu2e_m18_PseudoScalar_13TeV-pythia8-JHUGen/MINIAODSIM/PUMoriond17_80X_mcRun2_asymptotic_2016_TrancheIV_v6-v2/100000/802BEC4C-18E6-E811-8D92-A4BADB1C0EF1.root', 'root://cmsxrootd.fnal.gov//store/mc/RunIISummer16MiniAODv2/ggXToYYTo2mu2e_m18_PseudoScalar_13TeV-pythia8-JHUGen/MINIAODSIM/PUMoriond17_80X_mcRun2_asymptotic_2016_TrancheIV_v6-v2/100000/7A057758-CFEC-E811-A172-0025904C7DFA.root', 'root://cmsxrootd.fnal.gov//store/mc/RunIISummer16MiniAODv2/ggXToYYTo2mu2e_m18_PseudoScalar_13TeV-pythia8-JHUGen/MINIAODSIM/PUMoriond17_80X_mcRun2_asymptotic_2016_TrancheIV_v6-v2/100000/224A7256-D5EC-E811-83FD-801844DEEF1C.root', 'root://cmsxrootd.fnal.gov//store/mc/RunIISummer16MiniAODv2/ggXToYYTo2mu2e_m18_PseudoScalar_13TeV-pythia8-JHUGen/MINIAODSIM/PUMoriond17_80X_mcRun2_asymptotic_2016_TrancheIV_v6-v2/100000/2A101CE9-CAEC-E811-BCB1-C0BFC0E56816.root', 'root://cmsxrootd.fnal.gov//store/mc/RunIISummer16MiniAODv2/ggXToYYTo2mu2e_m18_PseudoScalar_13TeV-pythia8-JHUGen/MINIAODSIM/PUMoriond17_80X_mcRun2_asymptotic_2016_TrancheIV_v6-v2/100000/7E902BEE-CDEC-E811-89E5-003048CDCE7A.root', 'root://cmsxrootd.fnal.gov//store/mc/RunIISummer16MiniAODv2/ggXToYYTo2mu2e_m18_PseudoScalar_13TeV-pythia8-JHUGen/MINIAODSIM/PUMoriond17_80X_mcRun2_asymptotic_2016_TrancheIV_v6-v2/100000/3E4341FC-CDEC-E811-9C6E-7CD30ACE142C.root', 'root://cmsxrootd.fnal.gov//store/mc/RunIISummer16MiniAODv2/ggXToYYTo2mu2e_m18_PseudoScalar_13TeV-pythia8-JHUGen/MINIAODSIM/PUMoriond17_80X_mcRun2_asymptotic_2016_TrancheIV_v6-v2/100000/E640B468-FDEC-E811-9113-24BE05C44BC1.root', 'root://cmsxrootd.fnal.gov//store/mc/RunIISummer16MiniAODv2/ggXToYYTo2mu2e_m18_PseudoScalar_13TeV-pythia8-JHUGen/MINIAODSIM/PUMoriond17_80X_mcRun2_asymptotic_2016_TrancheIV_v6-v2/100000/DA652E66-D1EC-E811-A686-0025905C2CE8.root', 'root://cmsxrootd.fnal.gov//store/mc/RunIISummer16MiniAODv2/ggXToYYTo2mu2e_m18_PseudoScalar_13TeV-pythia8-JHUGen/MINIAODSIM/PUMoriond17_80X_mcRun2_asymptotic_2016_TrancheIV_v6-v2/100000/BA16DBCA-CAEC-E811-AB39-0025904956BE.root', 'root://cmsxrootd.fnal.gov//store/mc/RunIISummer16MiniAODv2/ggXToYYTo2mu2e_m18_PseudoScalar_13TeV-pythia8-JHUGen/MINIAODSIM/PUMoriond17_80X_mcRun2_asymptotic_2016_TrancheIV_v6-v2/100000/06C2C956-E5EC-E811-9315-0242AC130002.root', 'root://cmsxrootd.fnal.gov//store/mc/RunIISummer16MiniAODv2/ggXToYYTo2mu2e_m18_PseudoScalar_13TeV-pythia8-JHUGen/MINIAODSIM/PUMoriond17_80X_mcRun2_asymptotic_2016_TrancheIV_v6-v2/100000/BC9833B2-CAEC-E811-BB13-0CC47A6C186C.root', 'root://cmsxrootd.fnal.gov//store/mc/RunIISummer16MiniAODv2/ggXToYYTo2mu2e_m18_PseudoScalar_13TeV-pythia8-JHUGen/MINIAODSIM/PUMoriond17_80X_mcRun2_asymptotic_2016_TrancheIV_v6-v2/100000/367F64E8-94F1-E811-8F2D-B4969109F684.root', 'root://cmsxrootd.fnal.gov//store/mc/RunIISummer16MiniAODv2/ggXToYYTo2mu2e_m18_PseudoScalar_13TeV-pythia8-JHUGen/MINIAODSIM/PUMoriond17_80X_mcRun2_asymptotic_2016_TrancheIV_v6-v2/100000/42A25133-E2EC-E811-A7E5-509A4C781343.root', 'root://cmsxrootd.fnal.gov//store/mc/RunIISummer16MiniAODv2/ggXToYYTo2mu2e_m18_PseudoScalar_13TeV-pythia8-JHUGen/MINIAODSIM/PUMoriond17_80X_mcRun2_asymptotic_2016_TrancheIV_v6-v2/100000/720B0C08-CEEC-E811-B6DF-48D539F38868.root', 'root://cmsxrootd.fnal.gov//store/mc/RunIISummer16MiniAODv2/ggXToYYTo2mu2e_m18_PseudoScalar_13TeV-pythia8-JHUGen/MINIAODSIM/PUMoriond17_80X_mcRun2_asymptotic_2016_TrancheIV_v6-v2/100000/741168F4-CDEC-E811-836E-0242AC1C0503.root', 'root://cmsxrootd.fnal.gov//store/mc/RunIISummer16MiniAODv2/ggXToYYTo2mu2e_m18_PseudoScalar_13TeV-pythia8-JHUGen/MINIAODSIM/PUMoriond17_80X_mcRun2_asymptotic_2016_TrancheIV_v6-v2/100000/160B5697-46ED-E811-AD55-001E675A6D10.root', 'root://cmsxrootd.fnal.gov//store/mc/RunIISummer16MiniAODv2/ggXToYYTo2mu2e_m18_PseudoScalar_13TeV-pythia8-JHUGen/MINIAODSIM/PUMoriond17_80X_mcRun2_asymptotic_2016_TrancheIV_v6-v2/100000/34590DC8-CAEC-E811-92A0-90B11CBCFF41.root', 'root://cmsxrootd.fnal.gov//store/mc/RunIISummer16MiniAODv2/ggXToYYTo2mu2e_m18_PseudoScalar_13TeV-pythia8-JHUGen/MINIAODSIM/PUMoriond17_80X_mcRun2_asymptotic_2016_TrancheIV_v6-v2/100000/7E21C0A8-CAEC-E811-B083-0CC47A4C8E5E.root', 'root://cmsxrootd.fnal.gov//store/mc/RunIISummer16MiniAODv2/ggXToYYTo2mu2e_m18_PseudoScalar_13TeV-pythia8-JHUGen/MINIAODSIM/PUMoriond17_80X_mcRun2_asymptotic_2016_TrancheIV_v6-v2/100000/7CC6114A-D0EC-E811-9C8E-0025909081F2.root', 'root://cmsxrootd.fnal.gov//store/mc/RunIISummer16MiniAODv2/ggXToYYTo2mu2e_m18_PseudoScalar_13TeV-pythia8-JHUGen/MINIAODSIM/PUMoriond17_80X_mcRun2_asymptotic_2016_TrancheIV_v6-v2/100000/08B9DCC9-CAEC-E811-8BB3-0025904B0FDC.root', 'root://cmsxrootd.fnal.gov//store/mc/RunIISummer16MiniAODv2/ggXToYYTo2mu2e_m18_PseudoScalar_13TeV-pythia8-JHUGen/MINIAODSIM/PUMoriond17_80X_mcRun2_asymptotic_2016_TrancheIV_v6-v2/100000/82B8F9C1-CDEC-E811-AA5A-001E67E6F7F1.root', 'root://cmsxrootd.fnal.gov//store/mc/RunIISummer16MiniAODv2/ggXToYYTo2mu2e_m18_PseudoScalar_13TeV-pythia8-JHUGen/MINIAODSIM/PUMoriond17_80X_mcRun2_asymptotic_2016_TrancheIV_v6-v2/100000/9E4960CA-CAEC-E811-825D-842B2B71EDBE.root', 'root://cmsxrootd.fnal.gov//store/mc/RunIISummer16MiniAODv2/ggXToYYTo2mu2e_m18_PseudoScalar_13TeV-pythia8-JHUGen/MINIAODSIM/PUMoriond17_80X_mcRun2_asymptotic_2016_TrancheIV_v6-v2/100000/2C888440-D2EC-E811-9D6E-20CF307C98DC.root', 'root://cmsxrootd.fnal.gov//store/mc/RunIISummer16MiniAODv2/ggXToYYTo2mu2e_m18_PseudoScalar_13TeV-pythia8-JHUGen/MINIAODSIM/PUMoriond17_80X_mcRun2_asymptotic_2016_TrancheIV_v6-v2/100000/AA8A78D1-ABE5-E811-9F72-0242AC130002.root']", u'T', u'/store/group/phys_egamma/soffi/ggXToYYTo2mu2e/', u'F', u'None', u'F', u'None', u'ggXToYYTo2mu2e_m18_PseudoScalar_13TeV_OUTPUT', u'None', u'05b73194ce8c8694fb9941612290d8f146a05ea1695d781f74ba029e15974d7c.tar.gz', u'65665871', u'filetransfers', u'F', u'188.185.120.166', u'0.0', u'None'], u'desc': {u'columns': [u'tm_taskname', u'tm_activity', u'panda_jobset_id', u'tm_task_status', u'tm_task_command', u'tm_start_time', u'tm_start_injection', u'tm_end_injection', u'tm_task_failure', u'tm_job_sw', u'tm_job_arch', u'tm_input_dataset', u'tm_nonvalid_input_dataset', u'tm_use_parent', u'tm_site_whitelist', u'tm_site_blacklist', u'tm_split_algo', u'tm_split_args', u'tm_user_sandbox', u'tm_cache_url', u'tm_username', u'tm_user_dn', u'tm_user_vo', u'tm_user_role', u'tm_user_group', u'tm_publish_name', u'tm_publish_groupname', u'tm_asyncdest', u'tm_dbs_url', u'tm_publish_dbs_url', u'tm_publication', u'tm_outfiles', u'tm_tfile_outfiles', u'tm_edm_outfiles', u'tm_job_type', u'tm_generator', u'tm_events_per_lumi', u'tm_arguments', u'panda_resubmitted_jobs', u'tm_save_logs', u'tw_name', u'tm_user_infiles', u'tm_maxjobruntime', u'tm_numcores', u'tm_maxmemory', u'tm_priority', u'tm_output_dataset', u'tm_task_warnings', u'tm_user_webdir', u'tm_scriptexe', u'tm_scriptargs', u'tm_extrajdl', u'tm_asourl', u'tm_collector', u'tm_schedd', u'tm_dry_run', u'tm_user_files', u'tm_transfer_outputs', u'tm_output_lfn', u'tm_ignore_locality', u'tm_fail_limit', u'tm_one_event_mode', u'tm_secondary_input_dataset', u'tm_primary_dataset', u'tm_last_publication', u'tm_debug_files', u'clusterid', u'tm_asodb', u'tm_ignore_global_blacklist', u'tm_submitter_ip_addr', u'tm_totalunits', u'tm_ddm_reqid']}}
INFO 2021-04-19 13:12:08.624 UTC: 	 CRAB project directory:		/afs/cern.ch/work/s/soffi/TQ-WORK/CMSSW-10-6-20-LowPtEle/src/TQGenLevelAnalysis/TQGenAnalyzer/crab/crab_projects/crab_ggXToYYTo2mu2e_m18_PseudoScalar_13TeV
INFO 2021-04-19 13:12:08.624 UTC: 	 Task name:			210419_125419:soffi_crab_ggXToYYTo2mu2e_m18_PseudoScalar_13TeV
INFO 2021-04-19 13:12:08.624 UTC: 	 Grid scheduler - Task Worker:	crab3@vocms0121.cern.ch - crab-prod-tw01
INFO 2021-04-19 13:12:08.624 UTC: 	 Status on the CRAB server:	SUBMITTED
INFO 2021-04-19 13:12:08.624 UTC: 	 Task URL to use for HELP:	https://cmsweb.cern.ch/crabserver/ui/task/210419_125419%3Asoffi_crab_ggXToYYTo2mu2e_m18_PseudoScalar_13TeV
INFO 2021-04-19 13:12:08.763 UTC: 	 Dashboard monitoring URL:	https://monit-grafana.cern.ch/d/cmsTMDetail/cms-task-monitoring-task-view?orgId=11&var-user=soffi&var-task=210419_125419%3Asoffi_crab_ggXToYYTo2mu2e_m18_PseudoScalar_13TeV&from=1618833260000&to=now
DEBUG 2021-04-19 13:12:08.766 UTC: 	 The CRAB server submitted your task to the Grid scheduler (cluster ID: 65665871)
DEBUG 2021-04-19 13:12:08.767 UTC: 	 Webdir is located at http://vocms0121.cern.ch/mon/cms033/210419_125419:soffi_crab_ggXToYYTo2mu2e_m18_PseudoScalar_13TeV
DEBUG 2021-04-19 13:12:08.933 UTC: 	 Proxied webdir is located at https://cmsweb.cern.ch:8443/scheddmon/0121/cms033/210419_125419:soffi_crab_ggXToYYTo2mu2e_m18_PseudoScalar_13TeV
DEBUG 2021-04-19 13:12:08.933 UTC: 	 Retrieving 'status_cache' file from https://cmsweb.cern.ch:8443/scheddmon/0121/cms033/210419_125419:soffi_crab_ggXToYYTo2mu2e_m18_PseudoScalar_13TeV/status_cache
DEBUG 2021-04-19 13:12:08.988 UTC: 	 Got information from status cache file: {'24': {'Retries': 0, 'WallDurations': [138.0, 229.8136739730835, 229.8136739730835], 'StartTimes': [1618837047.0], 'SubmitTimes': [1618836918.0], 'JobIds': ['65665897.0'], 'EndTimes': [1618837185.0], 'Restarts': 0, 'RecordedSite': True, 'State': 'transferring', 'ResidentSetSize': [50240], 'TotalUserCpuTimeHistory': [72], 'SiteHistory': ['Unknown', 'T2_US_Nebraska', 'T2_US_Nebraska'], 'TotalSysCpuTimeHistory': [5]}, '25': {'Retries': 0, 'WallDurations': [269.0, 278.8136739730835, 278.8136739730835], 'StartTimes': [1618836998.0], 'SubmitTimes': [1618836918.0], 'JobIds': ['65665898.0'], 'EndTimes': [1618837267.0], 'Restarts': 0, 'RecordedSite': True, 'State': 'transferring', 'ResidentSetSize': [2952], 'TotalUserCpuTimeHistory': [115], 'SiteHistory': ['Unknown', 'T3_UK_ScotGrid_GLA', 'T3_UK_ScotGrid_GLA'], 'TotalSysCpuTimeHistory': [7]}, '26': {'Retries': 0, 'WallDurations': [232.0, 279.8136739730835, 279.8136739730835], 'StartTimes': [1618836997.0], 'SubmitTimes': [1618836918.0], 'JobIds': ['65665899.0'], 'EndTimes': [1618837229.0], 'Restarts': 0, 'RecordedSite': True, 'State': 'transferring', 'ResidentSetSize': [50892], 'TotalUserCpuTimeHistory': [112], 'SiteHistory': ['Unknown', 'T2_FR_IPHC', 'T2_FR_IPHC'], 'TotalSysCpuTimeHistory': [6]}, '20': {'Retries': 0, 'WallDurations': [9.0, 274.8136739730835, 287.0], 'StartTimes': [1618837002.0], 'SubmitTimes': [1618836917.0], 'JobIds': ['65665893.0'], 'EndTimes': [1618837289.0], 'Restarts': 0, 'RecordedSite': True, 'State': 'transferring', 'ResidentSetSize': [30124], 'TotalUserCpuTimeHistory': [53], 'SiteHistory': ['Unknown', 'T2_IT_Rome', 'T2_IT_Rome'], 'TotalSysCpuTimeHistory': [3]}, '21': {'Retries': 0, 'WallDurations': [9.0, 264.8136739730835, 312.0], 'StartTimes': [1618837012.0], 'SubmitTimes': [1618836917.0], 'JobIds': ['65665894.0'], 'EndTimes': [1618837324.0], 'Restarts': 0, 'RecordedSite': True, 'State': 'transferring', 'ResidentSetSize': [32768], 'TotalUserCpuTimeHistory': [94], 'SiteHistory': ['Unknown', 'T3_US_UMD', 'T3_US_UMD'], 'TotalSysCpuTimeHistory': [9]}, '22': {'Retries': 0, 'WallDurations': [10.0, 275.8136739730835, 720.0], 'StartTimes': [1618837001.0], 'SubmitTimes': [1618836917.0], 'JobIds': ['65665895.0'], 'EndTimes': [1618837721.0], 'Restarts': 0, 'RecordedSite': True, 'State': 'transferring', 'ResidentSetSize': [1050612], 'TotalUserCpuTimeHistory': [324], 'SiteHistory': ['Unknown', 'T2_CH_CSCS', 'T2_CH_CSCS'], 'TotalSysCpuTimeHistory': [16]}, '23': {'Retries': 0, 'WallDurations': [277.0, 277.8136739730835, 277.8136739730835], 'StartTimes': [1618836999.0], 'SubmitTimes': [1618836918.0], 'JobIds': ['65665896.0'], 'EndTimes': [1618837276.0], 'Restarts': 0, 'RecordedSite': True, 'State': 'transferring', 'ResidentSetSize': [2864], 'TotalUserCpuTimeHistory': [36], 'SiteHistory': ['Unknown', 'T2_ES_IFCA', 'T2_ES_IFCA'], 'TotalSysCpuTimeHistory': [3]}, '1': {'Retries': 0, 'WallDurations': [224.0, 274.8136739730835, 274.8136739730835], 'StartTimes': [1618837002.0], 'SubmitTimes': [1618836909.0], 'JobIds': ['65665874.0'], 'EndTimes': [1618837226.0], 'Restarts': 0, 'RecordedSite': True, 'State': 'transferring', 'ResidentSetSize': [3020], 'TotalUserCpuTimeHistory': [61], 'SiteHistory': ['Unknown', 'T2_ES_IFCA', 'T2_ES_IFCA'], 'TotalSysCpuTimeHistory': [9]}, '3': {'Retries': 0, 'WallDurations': [10.0, 217.8136739730835, 571.0], 'StartTimes': [1618837059.0], 'SubmitTimes': [1618836909.0], 'JobIds': ['65665876.0'], 'EndTimes': [1618837630.0], 'Restarts': 0, 'RecordedSite': True, 'State': 'transferring', 'ResidentSetSize': [949756], 'TotalUserCpuTimeHistory': [107], 'SiteHistory': ['Unknown', 'T2_BR_SPRACE', 'T2_BR_SPRACE'], 'TotalSysCpuTimeHistory': [7]}, '2': {'Retries': 0, 'WallDurations': [185.0, 277.8136739730835, 277.8136739730835], 'StartTimes': [1618836999.0], 'SubmitTimes': [1618836909.0], 'JobIds': ['65665875.0'], 'EndTimes': [1618837184.0], 'Restarts': 0, 'RecordedSite': True, 'State': 'transferring', 'ResidentSetSize': [30792], 'TotalUserCpuTimeHistory': [42], 'SiteHistory': ['Unknown', 'T3_UK_London_QMUL', 'T3_UK_London_QMUL'], 'TotalSysCpuTimeHistory': [4]}, '5': {'Retries': 0, 'WallDurations': [120.0, 278.8136739730835, 278.8136739730835], 'StartTimes': [1618836998.0], 'SubmitTimes': [1618836909.0], 'JobIds': ['65665878.0'], 'EndTimes': [1618837118.0], 'Restarts': 0, 'RecordedSite': True, 'State': 'transferring', 'ResidentSetSize': [29524], 'TotalUserCpuTimeHistory': [21], 'SiteHistory': ['Unknown', 'T2_UK_London_IC', 'T2_UK_London_IC'], 'TotalSysCpuTimeHistory': [4]}, '4': {'Retries': 0, 'WallDurations': [8.0, 279.8136739730835, 609.0], 'StartTimes': [1618836997.0], 'SubmitTimes': [1618836909.0], 'JobIds': ['65665877.0'], 'EndTimes': [], 'Restarts': 0, 'RecordedSite': True, 'State': 'running', 'ResidentSetSize': [122244], 'TotalUserCpuTimeHistory': [3.0], 'SiteHistory': ['Unknown', 'T2_FR_GRIF_LLR', 'T2_FR_GRIF_LLR'], 'TotalSysCpuTimeHistory': [0.0]}, '7': {'Retries': 0, 'WallDurations': [9.0, 104.0], 'StartTimes': [1618836947.0], 'SubmitTimes': [1618836910.0], 'JobIds': ['65665880.0'], 'EndTimes': [1618837051.0], 'Restarts': 0, 'RecordedSite': True, 'State': 'transferring', 'ResidentSetSize': [63260], 'TotalUserCpuTimeHistory': [28], 'SiteHistory': ['T1_RU_JINR', 'T1_RU_JINR'], 'TotalSysCpuTimeHistory': [3]}, '6': {'Retries': 0, 'WallDurations': [8.0, 415.0], 'StartTimes': [1618836963.0], 'SubmitTimes': [1618836910.0], 'JobIds': ['65665879.0'], 'EndTimes': [1618837378.0], 'Restarts': 0, 'RecordedSite': True, 'State': 'transferring', 'ResidentSetSize': [1040276], 'TotalUserCpuTimeHistory': [127], 'SiteHistory': ['T1_RU_JINR', 'T1_RU_JINR'], 'TotalSysCpuTimeHistory': [6]}, '9': {'Retries': 0, 'WallDurations': [8.0, 276.8136739730835, 291.0], 'StartTimes': [1618837000.0], 'SubmitTimes': [1618836910.0], 'JobIds': ['65665883.0'], 'EndTimes': [1618837291.0], 'Restarts': 0, 'RecordedSite': True, 'State': 'transferring', 'ResidentSetSize': [2812], 'TotalUserCpuTimeHistory': [74], 'SiteHistory': ['Unknown', 'T3_US_UMD', 'T3_US_UMD'], 'TotalSysCpuTimeHistory': [8]}, '8': {'Retries': 0, 'WallDurations': [9.0, 495.0], 'StartTimes': [1618837000.0], 'SubmitTimes': [1618836910.0], 'JobIds': ['65665881.0'], 'EndTimes': [1618837495.0], 'Restarts': 0, 'RecordedSite': True, 'State': 'transferring', 'ResidentSetSize': [960172], 'TotalUserCpuTimeHistory': [169], 'SiteHistory': ['T1_RU_JINR', 'T1_RU_JINR'], 'TotalSysCpuTimeHistory': [8]}, '11': {'Retries': 0, 'WallDurations': [8.0, 277.8136739730835, 487.0], 'StartTimes': [1618836999.0], 'SubmitTimes': [1618836916.0], 'JobIds': ['65665884.0'], 'EndTimes': [1618837486.0], 'Restarts': 0, 'RecordedSite': True, 'State': 'transferring', 'ResidentSetSize': [570284], 'TotalUserCpuTimeHistory': [52], 'SiteHistory': ['Unknown', 'T3_US_UMD', 'T3_US_UMD'], 'TotalSysCpuTimeHistory': [6]}, '10': {'Retries': 0, 'WallDurations': [135.0, 280.8136739730835, 280.8136739730835], 'StartTimes': [1618836996.0], 'SubmitTimes': [1618836910.0], 'JobIds': ['65665882.0'], 'EndTimes': [1618837131.0], 'Restarts': 0, 'RecordedSite': True, 'State': 'transferring', 'ResidentSetSize': [49112], 'TotalUserCpuTimeHistory': [69], 'SiteHistory': ['Unknown', 'T2_US_MIT', 'T2_US_MIT'], 'TotalSysCpuTimeHistory': [5]}, '13': {'Retries': 0, 'WallDurations': [209.0, 278.8136739730835, 278.8136739730835], 'StartTimes': [1618836998.0], 'SubmitTimes': [1618836916.0], 'JobIds': ['65665886.0'], 'EndTimes': [1618837207.0], 'Restarts': 0, 'RecordedSite': True, 'State': 'transferring', 'ResidentSetSize': [54780], 'TotalUserCpuTimeHistory': [97], 'SiteHistory': ['Unknown', 'T3_UK_ScotGrid_GLA', 'T3_UK_ScotGrid_GLA'], 'TotalSysCpuTimeHistory': [6]}, '12': {'Retries': 0, 'WallDurations': [9.0, 274.8136739730835, 484.0], 'StartTimes': [1618837002.0], 'SubmitTimes': [1618836916.0], 'JobIds': ['65665885.0'], 'EndTimes': [1618837486.0], 'Restarts': 0, 'RecordedSite': True, 'State': 'transferring', 'ResidentSetSize': [574424], 'TotalUserCpuTimeHistory': [43], 'SiteHistory': ['Unknown', 'T3_US_UMD', 'T3_US_UMD'], 'TotalSysCpuTimeHistory': [5]}, '15': {'Retries': 0, 'WallDurations': [9.0, 277.8136739730835, 458.0], 'StartTimes': [1618836999.0], 'SubmitTimes': [1618836916.0], 'JobIds': ['65665888.0'], 'EndTimes': [1618837457.0], 'Restarts': 0, 'RecordedSite': True, 'State': 'transferring', 'ResidentSetSize': [575936], 'TotalUserCpuTimeHistory': [26], 'SiteHistory': ['Unknown', 'T3_US_UMD', 'T3_US_UMD'], 'TotalSysCpuTimeHistory': [4]}, '14': {'Retries': 0, 'WallDurations': [142.0, 212.8136739730835, 212.8136739730835], 'StartTimes': [1618837064.0], 'SubmitTimes': [1618836916.0], 'JobIds': ['65665887.0'], 'EndTimes': [1618837206.0], 'Restarts': 0, 'RecordedSite': True, 'State': 'transferring', 'ResidentSetSize': [66512], 'TotalUserCpuTimeHistory': [44], 'SiteHistory': ['Unknown', 'T1_RU_JINR', 'T1_RU_JINR'], 'TotalSysCpuTimeHistory': [3]}, '17': {'Retries': 0, 'WallDurations': [8.0, 274.8136739730835, 609.0], 'StartTimes': [1618837002.0], 'SubmitTimes': [1618836917.0], 'JobIds': ['65665890.0'], 'EndTimes': [], 'Restarts': 0, 'RecordedSite': True, 'State': 'running', 'ResidentSetSize': [196224], 'TotalUserCpuTimeHistory': [1.0], 'SiteHistory': ['Unknown', 'T2_FR_GRIF_LLR', 'T2_FR_GRIF_LLR'], 'TotalSysCpuTimeHistory': [0.0]}, '16': {'Retries': 0, 'WallDurations': [92.0, 277.8136739730835, 277.8136739730835], 'StartTimes': [1618836999.0], 'SubmitTimes': [1618836917.0], 'JobIds': ['65665889.0'], 'EndTimes': [1618837091.0], 'Restarts': 0, 'RecordedSite': True, 'State': 'transferring', 'ResidentSetSize': [50656], 'TotalUserCpuTimeHistory': [23], 'SiteHistory': ['Unknown', 'T2_FR_IPHC', 'T2_FR_IPHC'], 'TotalSysCpuTimeHistory': [3]}, '19': {'Retries': 0, 'WallDurations': [9.0, 279.8136739730835, 610.0], 'StartTimes': [1618836997.0], 'SubmitTimes': [1618836917.0], 'JobIds': ['65665892.0'], 'EndTimes': [], 'Restarts': 0, 'RecordedSite': True, 'State': 'running', 'ResidentSetSize': [164920], 'TotalUserCpuTimeHistory': [3.0], 'SiteHistory': ['Unknown', 'T2_FR_GRIF_LLR', 'T2_FR_GRIF_LLR'], 'TotalSysCpuTimeHistory': [0.0]}, '18': {'Retries': 0, 'WallDurations': [10.0, 277.8136739730835, 603.0], 'StartTimes': [1618836999.0], 'SubmitTimes': [1618836917.0], 'JobIds': ['65665891.0'], 'EndTimes': [1618837602.0], 'Restarts': 0, 'RecordedSite': True, 'State': 'transferring', 'ResidentSetSize': [927336], 'TotalUserCpuTimeHistory': [330], 'SiteHistory': ['Unknown', 'T3_US_UMD', 'T3_US_UMD'], 'TotalSysCpuTimeHistory': [17]}}
INFO 2021-04-19 13:12:08.988 UTC: 	 Status on the scheduler:	SUBMITTED
INFO 2021-04-19 13:12:08.988 UTC: 	 
Jobs status:                    running      		 11.5% ( 3/26)
INFO 2021-04-19 13:12:08.989 UTC: 	 				transferring 		 88.5% (23/26)
INFO 2021-04-19 13:12:08.989 UTC: 	 
No publication information (publication has been disabled in the CRAB configuration file)
INFO 2021-04-19 13:12:08.989 UTC: 	 
Warning: the max jobs runtime is less than 30% of the task requested value (1250 min), please consider to request a lower value for failed jobs (allowed through crab resubmit) and/or improve the jobs splitting (e.g. config.Data.splitting = 'Automatic') in a new task.
INFO 2021-04-19 13:12:08.989 UTC: 	 
Warning: the average jobs CPU efficiency is less than 50%, please consider to improve the jobs splitting (e.g. config.Data.splitting = 'Automatic') in a new task
INFO 2021-04-19 13:12:08.989 UTC: 	 
Summary of run jobs:
 * Memory: 2MB min, 1025MB max, 304MB ave
 * Runtime: 0:01:44 min, 0:12:00 max, 0:05:55 ave
 * CPU eff: 7% min, 58% max, 28% ave
 * Waste: 2:04:57 (48% of total)

INFO 2021-04-19 13:12:09.044 UTC: 	 Log file is /afs/cern.ch/work/s/soffi/TQ-WORK/CMSSW-10-6-20-LowPtEle/src/TQGenLevelAnalysis/TQGenAnalyzer/crab/crab_projects/crab_ggXToYYTo2mu2e_m18_PseudoScalar_13TeV/crab.log
