Sample is MC Signal
DEBUG 2021-04-19 12:55:56.991 UTC: 	 CRAB Client version: v3.210323
DEBUG 2021-04-19 12:55:56.991 UTC: 	 Running on: Linux lxplus798.cern.ch 3.10.0-1160.15.2.el7.x86_64 #1 SMP Wed Feb 3 15:06:38 UTC 2021 x86_64 x86_64 x86_64 GNU/Linux - CentOS Linux 7 (Core)
DEBUG 2021-04-19 12:55:56.991 UTC: 	 Executing command: 'submit'
DEBUG 2021-04-19 12:55:56.992 UTC: 	 Found CRAB cache file /afs/cern.ch/user/s/soffi/.crab3
INFO 2021-04-19 12:55:56.993 UTC: 	 Will use CRAB configuration file crabConfig_ggXToYYTo2mu2e_m26_PseudoScalar_13TeV.py
DEBUG 2021-04-19 12:55:56.994 UTC: 	 Loading CRAB configuration file.
DEBUG 2021-04-19 12:55:57.008 UTC: 	 Will use CRAB Analysis plugin (i.e. will run an analysis job type).
DEBUG 2021-04-19 12:55:57.675 UTC: 	 Checking credentials
DEBUG 2021-04-19 12:55:57.676 UTC: 	 Found proxy file /tmp/x509up_u57603
DEBUG 2021-04-19 12:55:57.676 UTC: 	 Getting proxy life time left
DEBUG 2021-04-19 12:55:58.281 UTC: 	 Executing : 
 command : voms-proxy-info -file /tmp/x509up_u57603 -timeleft
 output : 602878

 error: 
 retcode : 0
DEBUG 2021-04-19 12:55:58.887 UTC: 	 Executing : 
 command : voms-proxy-info -file /tmp/x509up_u57603 -actimeleft
 output : 602878

 error: 
 retcode : 0
DEBUG 2021-04-19 12:55:58.887 UTC: 	 Proxy valid for 167:27:58 hours
DEBUG 2021-04-19 12:55:59.494 UTC: 	 Executing : 
 command : env X509_USER_PROXY=/tmp/x509up_u57603 voms-proxy-info -fqan
 output : /cms/Role=NULL/Capability=NULL

 error: 
 retcode : 0
DEBUG 2021-04-19 12:55:59.572 UTC: 	 Registering user credentials for server /DC=ch/DC=cern/OU=computers/CN=vocms0105.cern.ch|/DC=ch/DC=cern/OU=computers/CN=crab-(preprod|prod|dev)-tw(02|01).cern.ch|/DC=ch/DC=cern/OU=computers/CN=(ddi|ddidk|mytw).cern.ch|/DC=ch/DC=cern/OU=computers/CN=stefanov(m|m2).cern.ch
DEBUG 2021-04-19 12:56:00.185 UTC: 	 Executing : 
 command : voms-proxy-info -file /tmp/x509up_u57603 -identity
 output : /DC=ch/DC=cern/OU=Organic Units/OU=Users/CN=soffi/CN=703603/CN=Livia Soffi

 error: 
 retcode : 0
DEBUG 2021-04-19 12:56:00.193 UTC: 	 Getting myproxy life time left for myproxy.cern.ch
DEBUG 2021-04-19 12:56:00.193 UTC: 	 using 2352666ffe183d5f6247953969563d1dfdbc6f43 as credential login name
DEBUG 2021-04-19 12:56:00.397 UTC: 	 Executing : 
 command : myproxy-info -l 2352666ffe183d5f6247953969563d1dfdbc6f43 -s myproxy.cern.ch
 output : username: 2352666ffe183d5f6247953969563d1dfdbc6f43
owner: /DC=ch/DC=cern/OU=Organic Units/OU=Users/CN=soffi/CN=703603/CN=Livia Soffi
  renewal policy: /DC=ch/DC=cern/OU=computers/CN=vocms0105.cern.ch|/DC=ch/DC=cern/OU=computers/CN=crab-(preprod|prod|dev)-tw(02|01).cern.ch|/DC=ch/DC=cern/OU=computers/CN=(ddi|ddidk|mytw).cern.ch|/DC=ch/DC=cern/OU=computers/CN=stefanov(m|m2).cern.ch
  trusted retrieval policy: /DC=ch/DC=cern/OU=computers/CN=vocms0105.cern.ch|/DC=ch/DC=cern/OU=computers/CN=crab-(preprod|prod|dev)-tw(02|01).cern.ch|/DC=ch/DC=cern/OU=computers/CN=(ddi|ddidk|mytw).cern.ch|/DC=ch/DC=cern/OU=computers/CN=stefanov(m|m2).cern.ch
  timeleft: 717:52:29  (29.9 days)

 error: 
 retcode : 0
DEBUG 2021-04-19 12:56:00.398 UTC: 	 Myproxy is valid: 2584349
DEBUG 2021-04-19 12:56:00.398 UTC: 	 Retrieving username ...
DEBUG 2021-04-19 12:56:00.398 UTC: 	 Retrieving username from CRIC...
DEBUG 2021-04-19 12:56:01.824 UTC: 	 username is soffi
DEBUG 2021-04-19 12:56:01.832 UTC: 	 Getting myproxy life time left for myproxy.cern.ch
DEBUG 2021-04-19 12:56:01.833 UTC: 	 using soffi_CRAB as credential login name
DEBUG 2021-04-19 12:56:02.039 UTC: 	 Executing : 
 command : myproxy-info -l soffi_CRAB -s myproxy.cern.ch
 output : username: soffi_CRAB
owner: /DC=ch/DC=cern/OU=Organic Units/OU=Users/CN=soffi/CN=703603/CN=Livia Soffi
  renewal policy: /DC=ch/DC=cern/OU=computers/CN=vocms0105.cern.ch|/DC=ch/DC=cern/OU=computers/CN=crab-(preprod|prod|dev)-tw(02|01).cern.ch|/DC=ch/DC=cern/OU=computers/CN=(ddi|ddidk|mytw).cern.ch|/DC=ch/DC=cern/OU=computers/CN=stefanov(m|m2).cern.ch
  trusted retrieval policy: /DC=ch/DC=cern/OU=computers/CN=vocms0105.cern.ch|/DC=ch/DC=cern/OU=computers/CN=crab-(preprod|prod|dev)-tw(02|01).cern.ch|/DC=ch/DC=cern/OU=computers/CN=(ddi|ddidk|mytw).cern.ch|/DC=ch/DC=cern/OU=computers/CN=stefanov(m|m2).cern.ch
  timeleft: 717:52:35  (29.9 days)

 error: 
 retcode : 0
DEBUG 2021-04-19 12:56:02.040 UTC: 	 Myproxy is valid: 2584355
DEBUG 2021-04-19 12:56:02.040 UTC: 	 Result of myproxy credential check:
  Credential exists on myproxy: username: 2352666ffe183d5f6247953969563d1dfdbc6f43  - validity: 29 days, 21:52:29
  Credential exists on myproxy: username: soffi_CRAB  - validity: 29 days, 21:52:35
DEBUG 2021-04-19 12:56:02.040 UTC: 	 Command use: submit
DEBUG 2021-04-19 12:56:02.040 UTC: 	 Options use: ['--config', 'crabConfig_ggXToYYTo2mu2e_m26_PseudoScalar_13TeV.py']
DEBUG 2021-04-19 12:56:02.144 UTC: 	 CRABClient version: v3.210323
DEBUG 2021-04-19 12:56:02.144 UTC: 	 Instance is prod
DEBUG 2021-04-19 12:56:02.144 UTC: 	 Server base url is cmsweb.cern.ch
DEBUG 2021-04-19 12:56:02.144 UTC: 	 Command url /crabserver/prod/workflow
DEBUG 2021-04-19 12:56:02.145 UTC: 	 Started submission
DEBUG 2021-04-19 12:56:02.145 UTC: 	 Working on /afs/cern.ch/work/s/soffi/TQ-WORK/CMSSW-10-6-20-LowPtEle/src/TQGenLevelAnalysis/TQGenAnalyzer/crab/crab_projects/crab_ggXToYYTo2mu2e_m26_PseudoScalar_13TeV
DEBUG 2021-04-19 12:56:02.262 UTC: 	 Loading required information from the environment
DEBUG 2021-04-19 12:56:02.262 UTC: 	 Found CMSSW_10_6_20 for slc7_amd64_gcc820 with base /afs/cern.ch/work/s/soffi/TQ-WORK/CMSSW-10-6-20-LowPtEle
DEBUG 2021-04-19 12:56:02.262 UTC: 	 Loading required information from the environment
DEBUG 2021-04-19 12:56:02.262 UTC: 	 Found CMSSW_10_6_20 for slc7_amd64_gcc820 with base /afs/cern.ch/work/s/soffi/TQ-WORK/CMSSW-10-6-20-LowPtEle
DEBUG 2021-04-19 12:56:02.262 UTC: 	 UNIQUE NAME: tarUUID 17af149a-4c1b-4422-b3aa-2248ca4f0bab 
DEBUG 2021-04-19 12:56:02.263 UTC: 	 self.config: from WMCore.Configuration import Configuration
config = Configuration()
config.section_('General')
config.General.workArea = 'crab_projects'
config.General.requestName = 'ggXToYYTo2mu2e_m26_PseudoScalar_13TeV'
config.section_('JobType')
config.JobType.psetName = 'ConfFile_cfg.py'
config.JobType.pluginName = 'analysis'
config.JobType.inputFiles = ['lowPtEleReg_2017UL_25112020.db', 'pileup_ALL.root', 'pileup_2018.root', 'pileup_2017.root', 'pileup_2016.root', 'Cert_314472-325175_13TeV_Legacy2018_Collisions18_JSON.txt', 'Cert_294927-306462_13TeV_UL2017_Collisions17_GoldenJSON.txt', 'Cert_271036-284044_13TeV_Legacy2016_Collisions16_JSON.txt']
config.JobType.allowUndistributedCMSSW = True
config.section_('Data')
config.Data.publication = False
config.Data.unitsPerJob = 1
config.Data.userInputFiles = ['root://cmsxrootd.fnal.gov//store/mc/RunIISummer16MiniAODv2/ggXToYYTo2mu2e_m26_PseudoScalar_13TeV-pythia8-JHUGen/MINIAODSIM/PUMoriond17_80X_mcRun2_asymptotic_2016_TrancheIV_v6-v1/00000/04998271-BBB9-E811-92A4-0CC47A7C34EE.root\n', 'root://cmsxrootd.fnal.gov//store/mc/RunIISummer16MiniAODv2/ggXToYYTo2mu2e_m26_PseudoScalar_13TeV-pythia8-JHUGen/MINIAODSIM/PUMoriond17_80X_mcRun2_asymptotic_2016_TrancheIV_v6-v1/00000/1C4AA7DD-BBB9-E811-9D27-D0946626135C.root\n', 'root://cmsxrootd.fnal.gov//store/mc/RunIISummer16MiniAODv2/ggXToYYTo2mu2e_m26_PseudoScalar_13TeV-pythia8-JHUGen/MINIAODSIM/PUMoriond17_80X_mcRun2_asymptotic_2016_TrancheIV_v6-v1/00000/24AA2372-BBB9-E811-8CEB-0025904B7C40.root\n', 'root://cmsxrootd.fnal.gov//store/mc/RunIISummer16MiniAODv2/ggXToYYTo2mu2e_m26_PseudoScalar_13TeV-pythia8-JHUGen/MINIAODSIM/PUMoriond17_80X_mcRun2_asymptotic_2016_TrancheIV_v6-v1/00000/30467328-81B9-E811-B011-0CC47A4C8E2A.root\n', 'root://cmsxrootd.fnal.gov//store/mc/RunIISummer16MiniAODv2/ggXToYYTo2mu2e_m26_PseudoScalar_13TeV-pythia8-JHUGen/MINIAODSIM/PUMoriond17_80X_mcRun2_asymptotic_2016_TrancheIV_v6-v1/00000/34495271-BBB9-E811-86FB-A0369FD0B268.root\n', 'root://cmsxrootd.fnal.gov//store/mc/RunIISummer16MiniAODv2/ggXToYYTo2mu2e_m26_PseudoScalar_13TeV-pythia8-JHUGen/MINIAODSIM/PUMoriond17_80X_mcRun2_asymptotic_2016_TrancheIV_v6-v1/00000/406DF2F0-BBB9-E811-8360-20CF3027A5EF.root\n', 'root://cmsxrootd.fnal.gov//store/mc/RunIISummer16MiniAODv2/ggXToYYTo2mu2e_m26_PseudoScalar_13TeV-pythia8-JHUGen/MINIAODSIM/PUMoriond17_80X_mcRun2_asymptotic_2016_TrancheIV_v6-v1/00000/6E165396-BBB9-E811-82F2-782BCB3C86AD.root\n', 'root://cmsxrootd.fnal.gov//store/mc/RunIISummer16MiniAODv2/ggXToYYTo2mu2e_m26_PseudoScalar_13TeV-pythia8-JHUGen/MINIAODSIM/PUMoriond17_80X_mcRun2_asymptotic_2016_TrancheIV_v6-v1/00000/6E864B97-BBB9-E811-BDD7-0CC47AA98D60.root\n', 'root://cmsxrootd.fnal.gov//store/mc/RunIISummer16MiniAODv2/ggXToYYTo2mu2e_m26_PseudoScalar_13TeV-pythia8-JHUGen/MINIAODSIM/PUMoriond17_80X_mcRun2_asymptotic_2016_TrancheIV_v6-v1/00000/7AD67E71-BBB9-E811-864C-008CFAFC03F8.root\n', 'root://cmsxrootd.fnal.gov//store/mc/RunIISummer16MiniAODv2/ggXToYYTo2mu2e_m26_PseudoScalar_13TeV-pythia8-JHUGen/MINIAODSIM/PUMoriond17_80X_mcRun2_asymptotic_2016_TrancheIV_v6-v1/00000/8831B77A-BBB9-E811-A8CA-001E67E6F918.root\n', 'root://cmsxrootd.fnal.gov//store/mc/RunIISummer16MiniAODv2/ggXToYYTo2mu2e_m26_PseudoScalar_13TeV-pythia8-JHUGen/MINIAODSIM/PUMoriond17_80X_mcRun2_asymptotic_2016_TrancheIV_v6-v1/00000/9052B279-BBB9-E811-9DFD-0242AC1C0502.root\n', 'root://cmsxrootd.fnal.gov//store/mc/RunIISummer16MiniAODv2/ggXToYYTo2mu2e_m26_PseudoScalar_13TeV-pythia8-JHUGen/MINIAODSIM/PUMoriond17_80X_mcRun2_asymptotic_2016_TrancheIV_v6-v1/00000/A6822A7A-BBB9-E811-BC53-002590D9D9F0.root\n', 'root://cmsxrootd.fnal.gov//store/mc/RunIISummer16MiniAODv2/ggXToYYTo2mu2e_m26_PseudoScalar_13TeV-pythia8-JHUGen/MINIAODSIM/PUMoriond17_80X_mcRun2_asymptotic_2016_TrancheIV_v6-v1/00000/BA5570F7-BBB9-E811-89AB-00259090763E.root\n', 'root://cmsxrootd.fnal.gov//store/mc/RunIISummer16MiniAODv2/ggXToYYTo2mu2e_m26_PseudoScalar_13TeV-pythia8-JHUGen/MINIAODSIM/PUMoriond17_80X_mcRun2_asymptotic_2016_TrancheIV_v6-v1/00000/DA9A2993-BBB9-E811-AB36-1866DAEA79A4.root\n', 'root://cmsxrootd.fnal.gov//store/mc/RunIISummer16MiniAODv2/ggXToYYTo2mu2e_m26_PseudoScalar_13TeV-pythia8-JHUGen/MINIAODSIM/PUMoriond17_80X_mcRun2_asymptotic_2016_TrancheIV_v6-v1/00000/F2F6CE8D-BBB9-E811-9E33-24BE05C6B722.root\n']
config.Data.splitting = 'FileBased'
config.Data.outLFNDirBase = '/store/group/phys_egamma/soffi/ggXToYYTo2mu2e/'
config.Data.outputPrimaryDataset = 'ggXToYYTo2mu2e_m26_PseudoScalar_13TeV_OUTPUT'
config.section_('Site')
config.Site.storageSite = 'T2_CH_CERN'
config.section_('User')
config.section_('Debug')

DEBUG 2021-04-19 12:56:02.263 UTC: 	 self.config.JobType.psetName: ConfFile_cfg.py
INFO 2021-04-19 12:56:02.263 UTC: 	 Importing CMSSW configuration ConfFile_cfg.py
INFO 2021-04-19 12:56:03.970 UTC: 	 Finished importing CMSSW configuration ConfFile_cfg.py
DEBUG 2021-04-19 12:56:03.970 UTC: 	 Writing CMSSW configuration to /afs/cern.ch/work/s/soffi/TQ-WORK/CMSSW-10-6-20-LowPtEle/src/TQGenLevelAnalysis/TQGenAnalyzer/crab/crab_projects/crab_ggXToYYTo2mu2e_m26_PseudoScalar_13TeV/inputs/PSet.py
DEBUG 2021-04-19 12:56:04.405 UTC: 	 The following EDM output files will be collected: []
DEBUG 2021-04-19 12:56:04.406 UTC: 	 The following TFile output files will be collected: ['ntuple_tetraquarks_pseudoscalar_14GeV.root']
DEBUG 2021-04-19 12:56:04.406 UTC: 	 The following user output files (not listed as PoolOuputModule or TFileService in the CMSSW PSet) will be collected: 
DEBUG 2021-04-19 12:56:04.406 UTC: 	 Loading required information from the environment
DEBUG 2021-04-19 12:56:04.406 UTC: 	 Found CMSSW_10_6_20 for slc7_amd64_gcc820 with base /afs/cern.ch/work/s/soffi/TQ-WORK/CMSSW-10-6-20-LowPtEle
DEBUG 2021-04-19 12:56:04.406 UTC: 	 Making tarball in /afs/cern.ch/work/s/soffi/TQ-WORK/CMSSW-10-6-20-LowPtEle/src/TQGenLevelAnalysis/TQGenAnalyzer/crab/crab_projects/crab_ggXToYYTo2mu2e_m26_PseudoScalar_13TeV/inputs/17af149a-4c1b-4422-b3aa-2248ca4f0babdefault.tgz
DEBUG 2021-04-19 12:56:04.408 UTC: 	 Checking directory /afs/cern.ch/work/s/soffi/TQ-WORK/CMSSW-10-6-20-LowPtEle/lib
DEBUG 2021-04-19 12:56:04.409 UTC: 	 Adding directory /afs/cern.ch/work/s/soffi/TQ-WORK/CMSSW-10-6-20-LowPtEle/lib to tarball
DEBUG 2021-04-19 12:56:05.311 UTC: 	 Checking directory /afs/cern.ch/work/s/soffi/TQ-WORK/CMSSW-10-6-20-LowPtEle/biglib
DEBUG 2021-04-19 12:56:05.311 UTC: 	 Adding directory /afs/cern.ch/work/s/soffi/TQ-WORK/CMSSW-10-6-20-LowPtEle/biglib to tarball
DEBUG 2021-04-19 12:56:05.312 UTC: 	 Checking directory /afs/cern.ch/work/s/soffi/TQ-WORK/CMSSW-10-6-20-LowPtEle/module
DEBUG 2021-04-19 12:56:05.361 UTC: 	 Adding data directory /afs/cern.ch/work/s/soffi/TQ-WORK/CMSSW-10-6-20-LowPtEle/src/RecoEgamma/EgammaTools/data to tarball
DEBUG 2021-04-19 12:56:05.364 UTC: 	 Adding data directory /afs/cern.ch/work/s/soffi/TQ-WORK/CMSSW-10-6-20-LowPtEle/src/RecoEgamma/EgammaTools/interface to tarball
DEBUG 2021-04-19 12:56:05.377 UTC: 	 Adding data directory /afs/cern.ch/work/s/soffi/TQ-WORK/CMSSW-10-6-20-LowPtEle/src/RecoEgamma/EgammaElectronProducers/interface to tarball
DEBUG 2021-04-19 12:56:05.382 UTC: 	 Adding data directory /afs/cern.ch/work/s/soffi/TQ-WORK/CMSSW-10-6-20-LowPtEle/src/RecoEgamma/ElectronIdentification/data to tarball
DEBUG 2021-04-19 12:56:12.341 UTC: 	 Adding data directory /afs/cern.ch/work/s/soffi/TQ-WORK/CMSSW-10-6-20-LowPtEle/src/RecoEgamma/ElectronIdentification/interface to tarball
DEBUG 2021-04-19 12:56:12.351 UTC: 	 Adding data directory /afs/cern.ch/work/s/soffi/TQ-WORK/CMSSW-10-6-20-LowPtEle/src/DataFormats/EgammaCandidates/interface to tarball
DEBUG 2021-04-19 12:56:12.365 UTC: 	 Adding data directory /afs/cern.ch/work/s/soffi/TQ-WORK/CMSSW-10-6-20-LowPtEle/src/TQGenLevelAnalysis/TQGenAnalyzer/material_reg/interface to tarball
DEBUG 2021-04-19 12:56:12.374 UTC: 	 Adding data directory /afs/cern.ch/work/s/soffi/TQ-WORK/CMSSW-10-6-20-LowPtEle/src/data to tarball
DEBUG 2021-04-19 12:56:12.686 UTC: 	 Adding file lowPtEleReg_2017UL_25112020.db to tarball
DEBUG 2021-04-19 12:56:13.304 UTC: 	 Adding file pileup_ALL.root to tarball
DEBUG 2021-04-19 12:56:13.305 UTC: 	 Adding file pileup_2018.root to tarball
DEBUG 2021-04-19 12:56:13.305 UTC: 	 Adding file pileup_2017.root to tarball
DEBUG 2021-04-19 12:56:13.305 UTC: 	 Adding file pileup_2016.root to tarball
DEBUG 2021-04-19 12:56:13.306 UTC: 	 Adding file Cert_314472-325175_13TeV_Legacy2018_Collisions18_JSON.txt to tarball
DEBUG 2021-04-19 12:56:13.306 UTC: 	 Adding file Cert_294927-306462_13TeV_UL2017_Collisions17_GoldenJSON.txt to tarball
DEBUG 2021-04-19 12:56:13.307 UTC: 	 Adding file Cert_271036-284044_13TeV_Legacy2016_Collisions16_JSON.txt to tarball
DEBUG 2021-04-19 12:56:18.655 UTC: 	 Uploading archive /afs/cern.ch/work/s/soffi/TQ-WORK/CMSSW-10-6-20-LowPtEle/src/TQGenLevelAnalysis/TQGenAnalyzer/crab/crab_projects/crab_ggXToYYTo2mu2e_m26_PseudoScalar_13TeV/inputs/17af149a-4c1b-4422-b3aa-2248ca4f0babdefault.tgz (44 MB) to the CRAB cache. Using URI https://cmsweb.cern.ch:8443/crabcache
DEBUG 2021-04-19 12:56:40.812 UTC: 	 Loading required information from the environment
DEBUG 2021-04-19 12:56:40.812 UTC: 	 Found CMSSW_10_6_20 for slc7_amd64_gcc820 with base /afs/cern.ch/work/s/soffi/TQ-WORK/CMSSW-10-6-20-LowPtEle
DEBUG 2021-04-19 12:56:40.812 UTC: 	 Making tarball in /afs/cern.ch/work/s/soffi/TQ-WORK/CMSSW-10-6-20-LowPtEle/src/TQGenLevelAnalysis/TQGenAnalyzer/crab/crab_projects/crab_ggXToYYTo2mu2e_m26_PseudoScalar_13TeV/inputs/debugFiles.tgz
DEBUG 2021-04-19 12:56:40.848 UTC: 	 Uploading archive /afs/cern.ch/work/s/soffi/TQ-WORK/CMSSW-10-6-20-LowPtEle/src/TQGenLevelAnalysis/TQGenAnalyzer/crab/crab_projects/crab_ggXToYYTo2mu2e_m26_PseudoScalar_13TeV/inputs/debugFiles.tgz (4 KB) to the CRAB cache. Using URI https://cmsweb.cern.ch:8443/crabcache
DEBUG 2021-04-19 12:56:40.909 UTC: 	 Result uploading input files: a05ad9768942ecf8f937698621fe93a687e13dd20465da90d9cab71ac1156702.tar.gz 
DEBUG 2021-04-19 12:56:40.909 UTC: 	 Attaching list of user-specified primary input files.
INFO 2021-04-19 12:56:40.909 UTC: 	 Sending the request to the server at cmsweb.cern.ch
DEBUG 2021-04-19 12:56:40.910 UTC: 	 Submitting {'maxjobruntime': 1250, 'extrajdl': [], 'ignorelocality': 0, 'savelogsflag': 0, 'useparent': 0, 'asyncdest': 'T2_CH_CERN', 'algoargs': 1, 'cachefilename': 'a05ad9768942ecf8f937698621fe93a687e13dd20465da90d9cab71ac1156702.tar.gz', 'numcores': 1, 'addoutputfiles': [], 'generator': 'pythia', 'maxmemory': 2000, 'publishdbsurl': 'https://cmsweb.cern.ch/dbs/prod/phys03/DBSWriter', 'priority': 10, 'jobsw': 'CMSSW_10_6_20', 'edmoutfiles': [], 'userfiles': set(['root://cmsxrootd.fnal.gov//store/mc/RunIISummer16MiniAODv2/ggXToYYTo2mu2e_m26_PseudoScalar_13TeV-pythia8-JHUGen/MINIAODSIM/PUMoriond17_80X_mcRun2_asymptotic_2016_TrancheIV_v6-v1/00000/A6822A7A-BBB9-E811-BC53-002590D9D9F0.root', 'root://cmsxrootd.fnal.gov//store/mc/RunIISummer16MiniAODv2/ggXToYYTo2mu2e_m26_PseudoScalar_13TeV-pythia8-JHUGen/MINIAODSIM/PUMoriond17_80X_mcRun2_asymptotic_2016_TrancheIV_v6-v1/00000/7AD67E71-BBB9-E811-864C-008CFAFC03F8.root', 'root://cmsxrootd.fnal.gov//store/mc/RunIISummer16MiniAODv2/ggXToYYTo2mu2e_m26_PseudoScalar_13TeV-pythia8-JHUGen/MINIAODSIM/PUMoriond17_80X_mcRun2_asymptotic_2016_TrancheIV_v6-v1/00000/34495271-BBB9-E811-86FB-A0369FD0B268.root', 'root://cmsxrootd.fnal.gov//store/mc/RunIISummer16MiniAODv2/ggXToYYTo2mu2e_m26_PseudoScalar_13TeV-pythia8-JHUGen/MINIAODSIM/PUMoriond17_80X_mcRun2_asymptotic_2016_TrancheIV_v6-v1/00000/8831B77A-BBB9-E811-A8CA-001E67E6F918.root', 'root://cmsxrootd.fnal.gov//store/mc/RunIISummer16MiniAODv2/ggXToYYTo2mu2e_m26_PseudoScalar_13TeV-pythia8-JHUGen/MINIAODSIM/PUMoriond17_80X_mcRun2_asymptotic_2016_TrancheIV_v6-v1/00000/BA5570F7-BBB9-E811-89AB-00259090763E.root', 'root://cmsxrootd.fnal.gov//store/mc/RunIISummer16MiniAODv2/ggXToYYTo2mu2e_m26_PseudoScalar_13TeV-pythia8-JHUGen/MINIAODSIM/PUMoriond17_80X_mcRun2_asymptotic_2016_TrancheIV_v6-v1/00000/DA9A2993-BBB9-E811-AB36-1866DAEA79A4.root', 'root://cmsxrootd.fnal.gov//store/mc/RunIISummer16MiniAODv2/ggXToYYTo2mu2e_m26_PseudoScalar_13TeV-pythia8-JHUGen/MINIAODSIM/PUMoriond17_80X_mcRun2_asymptotic_2016_TrancheIV_v6-v1/00000/6E165396-BBB9-E811-82F2-782BCB3C86AD.root', 'root://cmsxrootd.fnal.gov//store/mc/RunIISummer16MiniAODv2/ggXToYYTo2mu2e_m26_PseudoScalar_13TeV-pythia8-JHUGen/MINIAODSIM/PUMoriond17_80X_mcRun2_asymptotic_2016_TrancheIV_v6-v1/00000/24AA2372-BBB9-E811-8CEB-0025904B7C40.root', 'root://cmsxrootd.fnal.gov//store/mc/RunIISummer16MiniAODv2/ggXToYYTo2mu2e_m26_PseudoScalar_13TeV-pythia8-JHUGen/MINIAODSIM/PUMoriond17_80X_mcRun2_asymptotic_2016_TrancheIV_v6-v1/00000/04998271-BBB9-E811-92A4-0CC47A7C34EE.root', 'root://cmsxrootd.fnal.gov//store/mc/RunIISummer16MiniAODv2/ggXToYYTo2mu2e_m26_PseudoScalar_13TeV-pythia8-JHUGen/MINIAODSIM/PUMoriond17_80X_mcRun2_asymptotic_2016_TrancheIV_v6-v1/00000/9052B279-BBB9-E811-9DFD-0242AC1C0502.root', 'root://cmsxrootd.fnal.gov//store/mc/RunIISummer16MiniAODv2/ggXToYYTo2mu2e_m26_PseudoScalar_13TeV-pythia8-JHUGen/MINIAODSIM/PUMoriond17_80X_mcRun2_asymptotic_2016_TrancheIV_v6-v1/00000/406DF2F0-BBB9-E811-8360-20CF3027A5EF.root', 'root://cmsxrootd.fnal.gov//store/mc/RunIISummer16MiniAODv2/ggXToYYTo2mu2e_m26_PseudoScalar_13TeV-pythia8-JHUGen/MINIAODSIM/PUMoriond17_80X_mcRun2_asymptotic_2016_TrancheIV_v6-v1/00000/F2F6CE8D-BBB9-E811-9E33-24BE05C6B722.root', 'root://cmsxrootd.fnal.gov//store/mc/RunIISummer16MiniAODv2/ggXToYYTo2mu2e_m26_PseudoScalar_13TeV-pythia8-JHUGen/MINIAODSIM/PUMoriond17_80X_mcRun2_asymptotic_2016_TrancheIV_v6-v1/00000/6E864B97-BBB9-E811-BDD7-0CC47AA98D60.root', 'root://cmsxrootd.fnal.gov//store/mc/RunIISummer16MiniAODv2/ggXToYYTo2mu2e_m26_PseudoScalar_13TeV-pythia8-JHUGen/MINIAODSIM/PUMoriond17_80X_mcRun2_asymptotic_2016_TrancheIV_v6-v1/00000/30467328-81B9-E811-B011-0CC47A4C8E2A.root', 'root://cmsxrootd.fnal.gov//store/mc/RunIISummer16MiniAODv2/ggXToYYTo2mu2e_m26_PseudoScalar_13TeV-pythia8-JHUGen/MINIAODSIM/PUMoriond17_80X_mcRun2_asymptotic_2016_TrancheIV_v6-v1/00000/1C4AA7DD-BBB9-E811-9D27-D0946626135C.root']), 'primarydataset': 'ggXToYYTo2mu2e_m26_PseudoScalar_13TeV_OUTPUT', 'inputdata': '', 'lfn': '/store/group/phys_egamma/soffi/ggXToYYTo2mu2e/', 'dryrun': 0, 'workflow': 'crab_ggXToYYTo2mu2e_m26_PseudoScalar_13TeV', 'cacheurl': u'https://cmsweb.cern.ch:8443/crabcache', 'nonprodsw': 1, 'tfileoutfiles': ['ntuple_tetraquarks_pseudoscalar_14GeV.root'], 'oneEventMode': 0, 'debugfilename': 'bb1379f769c24aa5ab5e709942c2e306da04ebc51cc5f152a6f73145078d0573.tar.gz', 'saveoutput': 1, 'publication': 0, 'jobarch': 'slc7_amd64_gcc820', 'totalunits': 0, 'splitalgo': 'FileBased', 'ignoreglobalblacklist': 0, 'nonvaliddata': 0, 'dbsurl': 'https://cmsweb.cern.ch/dbs/prod/global/DBSReader', 'publishgroupname': 0, 'jobtype': 'Analysis', 'publishname2': ''} 
DEBUG 2021-04-19 12:56:40.910 UTC: 	 Encoded submit request: maxjobruntime=1250&ignorelocality=0&savelogsflag=0&useparent=0&asyncdest=T2_CH_CERN&algoargs=1&cachefilename=a05ad9768942ecf8f937698621fe93a687e13dd20465da90d9cab71ac1156702.tar.gz&numcores=1&generator=pythia&maxmemory=2000&publishdbsurl=https%3A%2F%2Fcmsweb.cern.ch%2Fdbs%2Fprod%2Fphys03%2FDBSWriter&priority=10&jobsw=CMSSW_10_6_20&primarydataset=ggXToYYTo2mu2e_m26_PseudoScalar_13TeV_OUTPUT&inputdata=&lfn=%2Fstore%2Fgroup%2Fphys_egamma%2Fsoffi%2FggXToYYTo2mu2e%2F&dryrun=0&workflow=crab_ggXToYYTo2mu2e_m26_PseudoScalar_13TeV&cacheurl=https%3A%2F%2Fcmsweb.cern.ch%3A8443%2Fcrabcache&nonprodsw=1&oneEventMode=0&debugfilename=bb1379f769c24aa5ab5e709942c2e306da04ebc51cc5f152a6f73145078d0573.tar.gz&saveoutput=1&publication=0&jobarch=slc7_amd64_gcc820&totalunits=0&splitalgo=FileBased&ignoreglobalblacklist=0&nonvaliddata=0&dbsurl=https%3A%2F%2Fcmsweb.cern.ch%2Fdbs%2Fprod%2Fglobal%2FDBSReader&publishgroupname=0&jobtype=Analysis&publishname2=&tfileoutfiles=ntuple_tetraquarks_pseudoscalar_14GeV.root&userfiles=root%3A//cmsxrootd.fnal.gov//store/mc/RunIISummer16MiniAODv2/ggXToYYTo2mu2e_m26_PseudoScalar_13TeV-pythia8-JHUGen/MINIAODSIM/PUMoriond17_80X_mcRun2_asymptotic_2016_TrancheIV_v6-v1/00000/A6822A7A-BBB9-E811-BC53-002590D9D9F0.root&userfiles=root%3A//cmsxrootd.fnal.gov//store/mc/RunIISummer16MiniAODv2/ggXToYYTo2mu2e_m26_PseudoScalar_13TeV-pythia8-JHUGen/MINIAODSIM/PUMoriond17_80X_mcRun2_asymptotic_2016_TrancheIV_v6-v1/00000/7AD67E71-BBB9-E811-864C-008CFAFC03F8.root&userfiles=root%3A//cmsxrootd.fnal.gov//store/mc/RunIISummer16MiniAODv2/ggXToYYTo2mu2e_m26_PseudoScalar_13TeV-pythia8-JHUGen/MINIAODSIM/PUMoriond17_80X_mcRun2_asymptotic_2016_TrancheIV_v6-v1/00000/34495271-BBB9-E811-86FB-A0369FD0B268.root&userfiles=root%3A//cmsxrootd.fnal.gov//store/mc/RunIISummer16MiniAODv2/ggXToYYTo2mu2e_m26_PseudoScalar_13TeV-pythia8-JHUGen/MINIAODSIM/PUMoriond17_80X_mcRun2_asymptotic_2016_TrancheIV_v6-v1/00000/8831B77A-BBB9-E811-A8CA-001E67E6F918.root&userfiles=root%3A//cmsxrootd.fnal.gov//store/mc/RunIISummer16MiniAODv2/ggXToYYTo2mu2e_m26_PseudoScalar_13TeV-pythia8-JHUGen/MINIAODSIM/PUMoriond17_80X_mcRun2_asymptotic_2016_TrancheIV_v6-v1/00000/BA5570F7-BBB9-E811-89AB-00259090763E.root&userfiles=root%3A//cmsxrootd.fnal.gov//store/mc/RunIISummer16MiniAODv2/ggXToYYTo2mu2e_m26_PseudoScalar_13TeV-pythia8-JHUGen/MINIAODSIM/PUMoriond17_80X_mcRun2_asymptotic_2016_TrancheIV_v6-v1/00000/DA9A2993-BBB9-E811-AB36-1866DAEA79A4.root&userfiles=root%3A//cmsxrootd.fnal.gov//store/mc/RunIISummer16MiniAODv2/ggXToYYTo2mu2e_m26_PseudoScalar_13TeV-pythia8-JHUGen/MINIAODSIM/PUMoriond17_80X_mcRun2_asymptotic_2016_TrancheIV_v6-v1/00000/6E165396-BBB9-E811-82F2-782BCB3C86AD.root&userfiles=root%3A//cmsxrootd.fnal.gov//store/mc/RunIISummer16MiniAODv2/ggXToYYTo2mu2e_m26_PseudoScalar_13TeV-pythia8-JHUGen/MINIAODSIM/PUMoriond17_80X_mcRun2_asymptotic_2016_TrancheIV_v6-v1/00000/24AA2372-BBB9-E811-8CEB-0025904B7C40.root&userfiles=root%3A//cmsxrootd.fnal.gov//store/mc/RunIISummer16MiniAODv2/ggXToYYTo2mu2e_m26_PseudoScalar_13TeV-pythia8-JHUGen/MINIAODSIM/PUMoriond17_80X_mcRun2_asymptotic_2016_TrancheIV_v6-v1/00000/04998271-BBB9-E811-92A4-0CC47A7C34EE.root&userfiles=root%3A//cmsxrootd.fnal.gov//store/mc/RunIISummer16MiniAODv2/ggXToYYTo2mu2e_m26_PseudoScalar_13TeV-pythia8-JHUGen/MINIAODSIM/PUMoriond17_80X_mcRun2_asymptotic_2016_TrancheIV_v6-v1/00000/9052B279-BBB9-E811-9DFD-0242AC1C0502.root&userfiles=root%3A//cmsxrootd.fnal.gov//store/mc/RunIISummer16MiniAODv2/ggXToYYTo2mu2e_m26_PseudoScalar_13TeV-pythia8-JHUGen/MINIAODSIM/PUMoriond17_80X_mcRun2_asymptotic_2016_TrancheIV_v6-v1/00000/406DF2F0-BBB9-E811-8360-20CF3027A5EF.root&userfiles=root%3A//cmsxrootd.fnal.gov//store/mc/RunIISummer16MiniAODv2/ggXToYYTo2mu2e_m26_PseudoScalar_13TeV-pythia8-JHUGen/MINIAODSIM/PUMoriond17_80X_mcRun2_asymptotic_2016_TrancheIV_v6-v1/00000/F2F6CE8D-BBB9-E811-9E33-24BE05C6B722.root&userfiles=root%3A//cmsxrootd.fnal.gov//store/mc/RunIISummer16MiniAODv2/ggXToYYTo2mu2e_m26_PseudoScalar_13TeV-pythia8-JHUGen/MINIAODSIM/PUMoriond17_80X_mcRun2_asymptotic_2016_TrancheIV_v6-v1/00000/6E864B97-BBB9-E811-BDD7-0CC47AA98D60.root&userfiles=root%3A//cmsxrootd.fnal.gov//store/mc/RunIISummer16MiniAODv2/ggXToYYTo2mu2e_m26_PseudoScalar_13TeV-pythia8-JHUGen/MINIAODSIM/PUMoriond17_80X_mcRun2_asymptotic_2016_TrancheIV_v6-v1/00000/30467328-81B9-E811-B011-0CC47A4C8E2A.root&userfiles=root%3A//cmsxrootd.fnal.gov//store/mc/RunIISummer16MiniAODv2/ggXToYYTo2mu2e_m26_PseudoScalar_13TeV-pythia8-JHUGen/MINIAODSIM/PUMoriond17_80X_mcRun2_asymptotic_2016_TrancheIV_v6-v1/00000/1C4AA7DD-BBB9-E811-9D27-D0946626135C.root
DEBUG 2021-04-19 12:56:40.969 UTC: 	 Result: {u'result': [{u'RequestName': u'210419_125640:soffi_crab_ggXToYYTo2mu2e_m26_PseudoScalar_13TeV'}]}
INFO 2021-04-19 12:56:40.994 UTC: 	 Success: Your task has been delivered to the prod CRAB3 server.
INFO 2021-04-19 12:56:40.995 UTC: 	 Task name: 210419_125640:soffi_crab_ggXToYYTo2mu2e_m26_PseudoScalar_13TeV
INFO 2021-04-19 12:56:40.995 UTC: 	 Project dir: crab_projects/crab_ggXToYYTo2mu2e_m26_PseudoScalar_13TeV
INFO 2021-04-19 12:56:40.995 UTC: 	 Please use ' crab status -d crab_projects/crab_ggXToYYTo2mu2e_m26_PseudoScalar_13TeV ' to check how the submission process proceeds.
DEBUG 2021-04-19 12:56:40.995 UTC: 	 About to return
INFO 2021-04-19 12:56:40.997 UTC: 	 Log file is /afs/cern.ch/work/s/soffi/TQ-WORK/CMSSW-10-6-20-LowPtEle/src/TQGenLevelAnalysis/TQGenAnalyzer/crab/crab_projects/crab_ggXToYYTo2mu2e_m26_PseudoScalar_13TeV/crab.log
DEBUG 2021-04-19 13:14:24.415 UTC: 	 CRAB Client version: v3.210323
DEBUG 2021-04-19 13:14:24.415 UTC: 	 Running on: Linux lxplus798.cern.ch 3.10.0-1160.15.2.el7.x86_64 #1 SMP Wed Feb 3 15:06:38 UTC 2021 x86_64 x86_64 x86_64 GNU/Linux - CentOS Linux 7 (Core)
DEBUG 2021-04-19 13:14:24.415 UTC: 	 Executing command: 'status'
DEBUG 2021-04-19 13:14:24.415 UTC: 	 Found CRAB cache file /afs/cern.ch/user/s/soffi/.crab3
DEBUG 2021-04-19 13:14:24.560 UTC: 	 Checking credentials
DEBUG 2021-04-19 13:14:24.560 UTC: 	 Found proxy file /tmp/x509up_u57603
DEBUG 2021-04-19 13:14:24.560 UTC: 	 Getting proxy life time left
DEBUG 2021-04-19 13:14:25.584 UTC: 	 Executing : 
 command : voms-proxy-info -file /tmp/x509up_u57603 -timeleft
 output : 601771

 error: 
 retcode : 0
DEBUG 2021-04-19 13:14:26.610 UTC: 	 Executing : 
 command : voms-proxy-info -file /tmp/x509up_u57603 -actimeleft
 output : 601770

 error: 
 retcode : 0
DEBUG 2021-04-19 13:14:26.610 UTC: 	 Proxy lifetime 601771 secs is different from voms extension lifetime 601770 secs for proxy: /tmp/x509up_u57603
DEBUG 2021-04-19 13:14:26.610 UTC: 	 Proxy valid for 167:09:30 hours
DEBUG 2021-04-19 13:14:26.695 UTC: 	 Registering user credentials for server /DC=ch/DC=cern/OU=computers/CN=vocms0105.cern.ch|/DC=ch/DC=cern/OU=computers/CN=crab-(preprod|prod|dev)-tw(02|01).cern.ch|/DC=ch/DC=cern/OU=computers/CN=(ddi|ddidk|mytw).cern.ch|/DC=ch/DC=cern/OU=computers/CN=stefanov(m|m2).cern.ch
DEBUG 2021-04-19 13:14:27.734 UTC: 	 Executing : 
 command : voms-proxy-info -file /tmp/x509up_u57603 -identity
 output : /DC=ch/DC=cern/OU=Organic Units/OU=Users/CN=soffi/CN=703603/CN=Livia Soffi

 error: 
 retcode : 0
DEBUG 2021-04-19 13:14:27.747 UTC: 	 Getting myproxy life time left for myproxy.cern.ch
DEBUG 2021-04-19 13:14:27.747 UTC: 	 using 2352666ffe183d5f6247953969563d1dfdbc6f43 as credential login name
DEBUG 2021-04-19 13:14:28.058 UTC: 	 Executing : 
 command : myproxy-info -l 2352666ffe183d5f6247953969563d1dfdbc6f43 -s myproxy.cern.ch
 output : username: 2352666ffe183d5f6247953969563d1dfdbc6f43
owner: /DC=ch/DC=cern/OU=Organic Units/OU=Users/CN=soffi/CN=703603/CN=Livia Soffi
  renewal policy: /DC=ch/DC=cern/OU=computers/CN=vocms0105.cern.ch|/DC=ch/DC=cern/OU=computers/CN=crab-(preprod|prod|dev)-tw(02|01).cern.ch|/DC=ch/DC=cern/OU=computers/CN=(ddi|ddidk|mytw).cern.ch|/DC=ch/DC=cern/OU=computers/CN=stefanov(m|m2).cern.ch
  trusted retrieval policy: /DC=ch/DC=cern/OU=computers/CN=vocms0105.cern.ch|/DC=ch/DC=cern/OU=computers/CN=crab-(preprod|prod|dev)-tw(02|01).cern.ch|/DC=ch/DC=cern/OU=computers/CN=(ddi|ddidk|mytw).cern.ch|/DC=ch/DC=cern/OU=computers/CN=stefanov(m|m2).cern.ch
  timeleft: 717:34:01  (29.9 days)

 error: 
 retcode : 0
DEBUG 2021-04-19 13:14:28.059 UTC: 	 Myproxy is valid: 2583241
DEBUG 2021-04-19 13:14:28.059 UTC: 	 Retrieving username ...
DEBUG 2021-04-19 13:14:28.059 UTC: 	 Retrieving username from CRIC...
DEBUG 2021-04-19 13:14:28.891 UTC: 	 username is soffi
DEBUG 2021-04-19 13:14:28.908 UTC: 	 Getting myproxy life time left for myproxy.cern.ch
DEBUG 2021-04-19 13:14:28.908 UTC: 	 using soffi_CRAB as credential login name
DEBUG 2021-04-19 13:14:29.225 UTC: 	 Executing : 
 command : myproxy-info -l soffi_CRAB -s myproxy.cern.ch
 output : username: soffi_CRAB
owner: /DC=ch/DC=cern/OU=Organic Units/OU=Users/CN=soffi/CN=703603/CN=Livia Soffi
  renewal policy: /DC=ch/DC=cern/OU=computers/CN=vocms0105.cern.ch|/DC=ch/DC=cern/OU=computers/CN=crab-(preprod|prod|dev)-tw(02|01).cern.ch|/DC=ch/DC=cern/OU=computers/CN=(ddi|ddidk|mytw).cern.ch|/DC=ch/DC=cern/OU=computers/CN=stefanov(m|m2).cern.ch
  trusted retrieval policy: /DC=ch/DC=cern/OU=computers/CN=vocms0105.cern.ch|/DC=ch/DC=cern/OU=computers/CN=crab-(preprod|prod|dev)-tw(02|01).cern.ch|/DC=ch/DC=cern/OU=computers/CN=(ddi|ddidk|mytw).cern.ch|/DC=ch/DC=cern/OU=computers/CN=stefanov(m|m2).cern.ch
  timeleft: 717:34:07  (29.9 days)

 error: 
 retcode : 0
DEBUG 2021-04-19 13:14:29.225 UTC: 	 Myproxy is valid: 2583247
DEBUG 2021-04-19 13:14:29.225 UTC: 	 Result of myproxy credential check:
  Credential exists on myproxy: username: 2352666ffe183d5f6247953969563d1dfdbc6f43  - validity: 29 days, 21:34:01
  Credential exists on myproxy: username: soffi_CRAB  - validity: 29 days, 21:34:07
DEBUG 2021-04-19 13:14:29.226 UTC: 	 Command use: status
DEBUG 2021-04-19 13:14:29.226 UTC: 	 Options use: ['-d', 'crab_projects/crab_ggXToYYTo2mu2e_m26_PseudoScalar_13TeV']
DEBUG 2021-04-19 13:14:29.329 UTC: 	 CRABClient version: v3.210323
DEBUG 2021-04-19 13:14:29.329 UTC: 	 Instance is prod
DEBUG 2021-04-19 13:14:29.329 UTC: 	 Server base url is cmsweb.cern.ch
DEBUG 2021-04-19 13:14:29.329 UTC: 	 Command url /crabserver/prod/workflow
DEBUG 2021-04-19 13:14:29.471 UTC: 	 Got information from server oracle database: {u'result': [u'210419_125640:soffi_crab_ggXToYYTo2mu2e_m26_PseudoScalar_13TeV', u'None', u'None', u'SUBMITTED', u'SUBMIT', u'2021-04-19 12:56:40.963323', u'None', u'2021-04-19 12:57:42.928072', u'None', u'CMSSW_10_6_20', u'slc7_amd64_gcc820', u'None', u'F', u'0', u'[]', u'[]', u'FileBased', u"{'splitOnRun': False, 'halt_job_on_file_boundaries': False, 'files_per_job': 1, 'runs': [], 'lumis': []}", u'a05ad9768942ecf8f937698621fe93a687e13dd20465da90d9cab71ac1156702.tar.gz', u'https://cmsweb.cern.ch:8443/crabcache', u'soffi', u'/DC=ch/DC=cern/OU=Organic Units/OU=Users/CN=soffi/CN=703603/CN=Livia Soffi', u'cms', u'None', u'None', u'crab_ggXToYYTo2mu2e_m26_PseudoScalar_13TeV-00000000000000000000000000000000', u'F', u'T2_CH_CERN', u'https://cmsweb.cern.ch/dbs/prod/global/DBSReader', u'https://cmsweb.cern.ch/dbs/prod/phys03/DBSWriter', u'F', u'[]', u"['ntuple_tetraquarks_pseudoscalar_14GeV.root']", u'[]', u'Analysis', u'pythia', u'None', u'{}', u'[]', u'F', u'crab-prod-tw01', u'[]', u'1250', u'1', u'2000', u'10', u'None', u'[]', u'http://vocms0107.cern.ch/mon/cms033/210419_125640:soffi_crab_ggXToYYTo2mu2e_m26_PseudoScalar_13TeV', u'None', u'[]', u'[]', u'https://cmsweb.cern.ch/crabserver/prod', u'cmsgwms-collector-global.cern.ch:9620,cmsgwms-collector-global.fnal.gov', u'crab3@vocms0107.cern.ch', u'F', u"['root://cmsxrootd.fnal.gov//store/mc/RunIISummer16MiniAODv2/ggXToYYTo2mu2e_m26_PseudoScalar_13TeV-pythia8-JHUGen/MINIAODSIM/PUMoriond17_80X_mcRun2_asymptotic_2016_TrancheIV_v6-v1/00000/A6822A7A-BBB9-E811-BC53-002590D9D9F0.root', 'root://cmsxrootd.fnal.gov//store/mc/RunIISummer16MiniAODv2/ggXToYYTo2mu2e_m26_PseudoScalar_13TeV-pythia8-JHUGen/MINIAODSIM/PUMoriond17_80X_mcRun2_asymptotic_2016_TrancheIV_v6-v1/00000/7AD67E71-BBB9-E811-864C-008CFAFC03F8.root', 'root://cmsxrootd.fnal.gov//store/mc/RunIISummer16MiniAODv2/ggXToYYTo2mu2e_m26_PseudoScalar_13TeV-pythia8-JHUGen/MINIAODSIM/PUMoriond17_80X_mcRun2_asymptotic_2016_TrancheIV_v6-v1/00000/34495271-BBB9-E811-86FB-A0369FD0B268.root', 'root://cmsxrootd.fnal.gov//store/mc/RunIISummer16MiniAODv2/ggXToYYTo2mu2e_m26_PseudoScalar_13TeV-pythia8-JHUGen/MINIAODSIM/PUMoriond17_80X_mcRun2_asymptotic_2016_TrancheIV_v6-v1/00000/8831B77A-BBB9-E811-A8CA-001E67E6F918.root', 'root://cmsxrootd.fnal.gov//store/mc/RunIISummer16MiniAODv2/ggXToYYTo2mu2e_m26_PseudoScalar_13TeV-pythia8-JHUGen/MINIAODSIM/PUMoriond17_80X_mcRun2_asymptotic_2016_TrancheIV_v6-v1/00000/BA5570F7-BBB9-E811-89AB-00259090763E.root', 'root://cmsxrootd.fnal.gov//store/mc/RunIISummer16MiniAODv2/ggXToYYTo2mu2e_m26_PseudoScalar_13TeV-pythia8-JHUGen/MINIAODSIM/PUMoriond17_80X_mcRun2_asymptotic_2016_TrancheIV_v6-v1/00000/DA9A2993-BBB9-E811-AB36-1866DAEA79A4.root', 'root://cmsxrootd.fnal.gov//store/mc/RunIISummer16MiniAODv2/ggXToYYTo2mu2e_m26_PseudoScalar_13TeV-pythia8-JHUGen/MINIAODSIM/PUMoriond17_80X_mcRun2_asymptotic_2016_TrancheIV_v6-v1/00000/6E165396-BBB9-E811-82F2-782BCB3C86AD.root', 'root://cmsxrootd.fnal.gov//store/mc/RunIISummer16MiniAODv2/ggXToYYTo2mu2e_m26_PseudoScalar_13TeV-pythia8-JHUGen/MINIAODSIM/PUMoriond17_80X_mcRun2_asymptotic_2016_TrancheIV_v6-v1/00000/24AA2372-BBB9-E811-8CEB-0025904B7C40.root', 'root://cmsxrootd.fnal.gov//store/mc/RunIISummer16MiniAODv2/ggXToYYTo2mu2e_m26_PseudoScalar_13TeV-pythia8-JHUGen/MINIAODSIM/PUMoriond17_80X_mcRun2_asymptotic_2016_TrancheIV_v6-v1/00000/04998271-BBB9-E811-92A4-0CC47A7C34EE.root', 'root://cmsxrootd.fnal.gov//store/mc/RunIISummer16MiniAODv2/ggXToYYTo2mu2e_m26_PseudoScalar_13TeV-pythia8-JHUGen/MINIAODSIM/PUMoriond17_80X_mcRun2_asymptotic_2016_TrancheIV_v6-v1/00000/9052B279-BBB9-E811-9DFD-0242AC1C0502.root', 'root://cmsxrootd.fnal.gov//store/mc/RunIISummer16MiniAODv2/ggXToYYTo2mu2e_m26_PseudoScalar_13TeV-pythia8-JHUGen/MINIAODSIM/PUMoriond17_80X_mcRun2_asymptotic_2016_TrancheIV_v6-v1/00000/406DF2F0-BBB9-E811-8360-20CF3027A5EF.root', 'root://cmsxrootd.fnal.gov//store/mc/RunIISummer16MiniAODv2/ggXToYYTo2mu2e_m26_PseudoScalar_13TeV-pythia8-JHUGen/MINIAODSIM/PUMoriond17_80X_mcRun2_asymptotic_2016_TrancheIV_v6-v1/00000/F2F6CE8D-BBB9-E811-9E33-24BE05C6B722.root', 'root://cmsxrootd.fnal.gov//store/mc/RunIISummer16MiniAODv2/ggXToYYTo2mu2e_m26_PseudoScalar_13TeV-pythia8-JHUGen/MINIAODSIM/PUMoriond17_80X_mcRun2_asymptotic_2016_TrancheIV_v6-v1/00000/6E864B97-BBB9-E811-BDD7-0CC47AA98D60.root', 'root://cmsxrootd.fnal.gov//store/mc/RunIISummer16MiniAODv2/ggXToYYTo2mu2e_m26_PseudoScalar_13TeV-pythia8-JHUGen/MINIAODSIM/PUMoriond17_80X_mcRun2_asymptotic_2016_TrancheIV_v6-v1/00000/30467328-81B9-E811-B011-0CC47A4C8E2A.root', 'root://cmsxrootd.fnal.gov//store/mc/RunIISummer16MiniAODv2/ggXToYYTo2mu2e_m26_PseudoScalar_13TeV-pythia8-JHUGen/MINIAODSIM/PUMoriond17_80X_mcRun2_asymptotic_2016_TrancheIV_v6-v1/00000/1C4AA7DD-BBB9-E811-9D27-D0946626135C.root']", u'T', u'/store/group/phys_egamma/soffi/ggXToYYTo2mu2e/', u'F', u'None', u'F', u'None', u'ggXToYYTo2mu2e_m26_PseudoScalar_13TeV_OUTPUT', u'None', u'bb1379f769c24aa5ab5e709942c2e306da04ebc51cc5f152a6f73145078d0573.tar.gz', u'66418115', u'filetransfers', u'F', u'188.185.120.166', u'0.0', u'None'], u'desc': {u'columns': [u'tm_taskname', u'tm_activity', u'panda_jobset_id', u'tm_task_status', u'tm_task_command', u'tm_start_time', u'tm_start_injection', u'tm_end_injection', u'tm_task_failure', u'tm_job_sw', u'tm_job_arch', u'tm_input_dataset', u'tm_nonvalid_input_dataset', u'tm_use_parent', u'tm_site_whitelist', u'tm_site_blacklist', u'tm_split_algo', u'tm_split_args', u'tm_user_sandbox', u'tm_cache_url', u'tm_username', u'tm_user_dn', u'tm_user_vo', u'tm_user_role', u'tm_user_group', u'tm_publish_name', u'tm_publish_groupname', u'tm_asyncdest', u'tm_dbs_url', u'tm_publish_dbs_url', u'tm_publication', u'tm_outfiles', u'tm_tfile_outfiles', u'tm_edm_outfiles', u'tm_job_type', u'tm_generator', u'tm_events_per_lumi', u'tm_arguments', u'panda_resubmitted_jobs', u'tm_save_logs', u'tw_name', u'tm_user_infiles', u'tm_maxjobruntime', u'tm_numcores', u'tm_maxmemory', u'tm_priority', u'tm_output_dataset', u'tm_task_warnings', u'tm_user_webdir', u'tm_scriptexe', u'tm_scriptargs', u'tm_extrajdl', u'tm_asourl', u'tm_collector', u'tm_schedd', u'tm_dry_run', u'tm_user_files', u'tm_transfer_outputs', u'tm_output_lfn', u'tm_ignore_locality', u'tm_fail_limit', u'tm_one_event_mode', u'tm_secondary_input_dataset', u'tm_primary_dataset', u'tm_last_publication', u'tm_debug_files', u'clusterid', u'tm_asodb', u'tm_ignore_global_blacklist', u'tm_submitter_ip_addr', u'tm_totalunits', u'tm_ddm_reqid']}}
INFO 2021-04-19 13:14:29.472 UTC: 	 CRAB project directory:		/afs/cern.ch/work/s/soffi/TQ-WORK/CMSSW-10-6-20-LowPtEle/src/TQGenLevelAnalysis/TQGenAnalyzer/crab/crab_projects/crab_ggXToYYTo2mu2e_m26_PseudoScalar_13TeV
INFO 2021-04-19 13:14:29.472 UTC: 	 Task name:			210419_125640:soffi_crab_ggXToYYTo2mu2e_m26_PseudoScalar_13TeV
INFO 2021-04-19 13:14:29.472 UTC: 	 Grid scheduler - Task Worker:	crab3@vocms0107.cern.ch - crab-prod-tw01
INFO 2021-04-19 13:14:29.472 UTC: 	 Status on the CRAB server:	SUBMITTED
INFO 2021-04-19 13:14:29.472 UTC: 	 Task URL to use for HELP:	https://cmsweb.cern.ch/crabserver/ui/task/210419_125640%3Asoffi_crab_ggXToYYTo2mu2e_m26_PseudoScalar_13TeV
INFO 2021-04-19 13:14:29.488 UTC: 	 Dashboard monitoring URL:	https://monit-grafana.cern.ch/d/cmsTMDetail/cms-task-monitoring-task-view?orgId=11&var-user=soffi&var-task=210419_125640%3Asoffi_crab_ggXToYYTo2mu2e_m26_PseudoScalar_13TeV&from=1618833400000&to=now
DEBUG 2021-04-19 13:14:29.488 UTC: 	 The CRAB server submitted your task to the Grid scheduler (cluster ID: 66418115)
DEBUG 2021-04-19 13:14:29.488 UTC: 	 Webdir is located at http://vocms0107.cern.ch/mon/cms033/210419_125640:soffi_crab_ggXToYYTo2mu2e_m26_PseudoScalar_13TeV
DEBUG 2021-04-19 13:14:29.591 UTC: 	 Proxied webdir is located at https://cmsweb.cern.ch:8443/scheddmon/0107/cms033/210419_125640:soffi_crab_ggXToYYTo2mu2e_m26_PseudoScalar_13TeV
DEBUG 2021-04-19 13:14:29.591 UTC: 	 Retrieving 'status_cache' file from https://cmsweb.cern.ch:8443/scheddmon/0107/cms033/210419_125640:soffi_crab_ggXToYYTo2mu2e_m26_PseudoScalar_13TeV/status_cache
DEBUG 2021-04-19 13:14:29.707 UTC: 	 Got information from status cache file: {'11': {'Retries': 0, 'WallDurations': [9.0, 239.21345400810242, 611.0], 'StartTimes': [1618837191.0], 'SubmitTimes': [1618837081.0], 'JobIds': ['66418155.0'], 'EndTimes': [1618837802.0], 'Restarts': 0, 'RecordedSite': True, 'State': 'transferring', 'ResidentSetSize': [956984], 'TotalUserCpuTimeHistory': [350], 'SiteHistory': ['Unknown', 'T3_UK_London_QMUL', 'T3_UK_London_QMUL'], 'TotalSysCpuTimeHistory': [15]}, '10': {'Retries': 0, 'WallDurations': [9.0, 238.21345400810242, 467.0], 'StartTimes': [1618837192.0], 'SubmitTimes': [1618837081.0], 'JobIds': ['66418154.0'], 'EndTimes': [1618837659.0], 'Restarts': 0, 'RecordedSite': True, 'State': 'transferring', 'ResidentSetSize': [963972], 'TotalUserCpuTimeHistory': [276], 'SiteHistory': ['Unknown', 'T3_UK_ScotGrid_GLA', 'T3_UK_ScotGrid_GLA'], 'TotalSysCpuTimeHistory': [11]}, '13': {'Retries': 0, 'WallDurations': [146.0, 242.21345400810242, 242.21345400810242], 'StartTimes': [1618837188.0], 'SubmitTimes': [1618837081.0], 'JobIds': ['66418159.0'], 'EndTimes': [1618837334.0], 'Restarts': 0, 'RecordedSite': True, 'State': 'transferring', 'ResidentSetSize': [50864], 'TotalUserCpuTimeHistory': [64], 'SiteHistory': ['Unknown', 'T2_FR_IPHC', 'T2_FR_IPHC'], 'TotalSysCpuTimeHistory': [4]}, '12': {'Retries': 0, 'WallDurations': [9.0, 240.21345400810242, 309.0], 'StartTimes': [1618837190.0], 'SubmitTimes': [1618837081.0], 'JobIds': ['66418157.0'], 'EndTimes': [], 'Restarts': 0, 'RecordedSite': True, 'State': 'running', 'ResidentSetSize': [52512], 'TotalUserCpuTimeHistory': [33.0], 'SiteHistory': ['Unknown', 'T2_IT_Pisa', 'T2_IT_Pisa'], 'TotalSysCpuTimeHistory': [3.0]}, '15': {'Retries': 0, 'WallDurations': [218.0, 242.21345400810242, 242.21345400810242], 'StartTimes': [1618837188.0], 'SubmitTimes': [1618837082.0], 'JobIds': ['66418161.0'], 'EndTimes': [1618837406.0], 'Restarts': 0, 'RecordedSite': True, 'State': 'transferring', 'ResidentSetSize': [2804], 'TotalUserCpuTimeHistory': [126], 'SiteHistory': ['Unknown', 'T2_FR_IPHC', 'T2_FR_IPHC'], 'TotalSysCpuTimeHistory': [6]}, '14': {'Retries': 0, 'WallDurations': [138.0, 236.21345400810242, 236.21345400810242], 'StartTimes': [1618837194.0], 'SubmitTimes': [1618837082.0], 'JobIds': ['66418160.0'], 'EndTimes': [1618837332.0], 'Restarts': 0, 'RecordedSite': True, 'State': 'transferring', 'ResidentSetSize': [52088], 'TotalUserCpuTimeHistory': [51], 'SiteHistory': ['Unknown', 'T2_IT_Rome', 'T2_IT_Rome'], 'TotalSysCpuTimeHistory': [4]}, '1': {'Retries': 0, 'WallDurations': [9.0, 236.21345400810242, 609.0], 'StartTimes': [1618837194.0], 'SubmitTimes': [1618837071.0], 'JobIds': ['66418138.0'], 'EndTimes': [], 'Restarts': 0, 'RecordedSite': True, 'State': 'running', 'ResidentSetSize': [53488], 'TotalUserCpuTimeHistory': [58.0], 'SiteHistory': ['Unknown', 'T2_IT_Pisa', 'T2_IT_Pisa'], 'TotalSysCpuTimeHistory': [6.0]}, '3': {'Retries': 0, 'WallDurations': [8.0, 230.21345400810242, 827.0], 'StartTimes': [1618837200.0], 'SubmitTimes': [1618837071.0], 'JobIds': ['66418140.0'], 'EndTimes': [1618838027.0], 'Restarts': 0, 'RecordedSite': True, 'State': 'transferring', 'ResidentSetSize': [943500], 'TotalUserCpuTimeHistory': [444], 'SiteHistory': ['Unknown', 'T2_ES_IFCA', 'T2_ES_IFCA'], 'TotalSysCpuTimeHistory': [32]}, '2': {'Retries': 0, 'WallDurations': [175.0, 242.21345400810242, 242.21345400810242], 'StartTimes': [1618837188.0], 'SubmitTimes': [1618837071.0], 'JobIds': ['66418139.0'], 'EndTimes': [1618837363.0], 'Restarts': 0, 'RecordedSite': True, 'State': 'transferring', 'ResidentSetSize': [51148], 'TotalUserCpuTimeHistory': [50], 'SiteHistory': ['Unknown', 'T2_FR_IPHC', 'T2_FR_IPHC'], 'TotalSysCpuTimeHistory': [4]}, '5': {'Retries': 0, 'WallDurations': [8.0, 238.21345400810242, 346.0], 'StartTimes': [1618837192.0], 'SubmitTimes': [1618837080.0], 'JobIds': ['66418151.0'], 'EndTimes': [1618837538.0], 'Restarts': 0, 'RecordedSite': True, 'State': 'transferring', 'ResidentSetSize': [971188], 'TotalUserCpuTimeHistory': [181], 'SiteHistory': ['Unknown', 'T3_UK_ScotGrid_GLA', 'T3_UK_ScotGrid_GLA'], 'TotalSysCpuTimeHistory': [9]}, '4': {'Retries': 0, 'WallDurations': [9.0, 240.21345400810242, 610.0], 'StartTimes': [1618837190.0], 'SubmitTimes': [1618837080.0], 'JobIds': ['66418149.0'], 'EndTimes': [], 'Restarts': 0, 'RecordedSite': True, 'State': 'running', 'ResidentSetSize': [935044], 'TotalUserCpuTimeHistory': [252.0], 'SiteHistory': ['Unknown', 'T2_ES_IFCA', 'T2_ES_IFCA'], 'TotalSysCpuTimeHistory': [13.0]}, '7': {'Retries': 0, 'WallDurations': [125.0, 238.21345400810242, 238.21345400810242], 'StartTimes': [1618837192.0], 'SubmitTimes': [1618837072.0], 'JobIds': ['66418141.0'], 'EndTimes': [1618837317.0], 'Restarts': 0, 'RecordedSite': True, 'State': 'transferring', 'ResidentSetSize': [32504], 'TotalUserCpuTimeHistory': [42], 'SiteHistory': ['Unknown', 'T3_UK_ScotGrid_GLA', 'T3_UK_ScotGrid_GLA'], 'TotalSysCpuTimeHistory': [4]}, '6': {'Retries': 0, 'WallDurations': [9.0, 237.21345400810242, 277.0], 'StartTimes': [1618837193.0], 'SubmitTimes': [1618837077.0], 'JobIds': ['66418147.0'], 'EndTimes': [1618837470.0], 'Restarts': 0, 'RecordedSite': True, 'State': 'transferring', 'ResidentSetSize': [28304], 'TotalUserCpuTimeHistory': [43], 'SiteHistory': ['Unknown', 'T2_ES_IFCA', 'T2_ES_IFCA'], 'TotalSysCpuTimeHistory': [5]}, '9': {'Retries': 0, 'WallDurations': [8.0, 241.21345400810242, 286.0], 'StartTimes': [1618837189.0], 'SubmitTimes': [1618837080.0], 'JobIds': ['66418153.0'], 'EndTimes': [1618837475.0], 'Restarts': 0, 'RecordedSite': True, 'State': 'transferring', 'ResidentSetSize': [30500], 'TotalUserCpuTimeHistory': [93], 'SiteHistory': ['Unknown', 'T3_UK_London_QMUL', 'T3_UK_London_QMUL'], 'TotalSysCpuTimeHistory': [7]}, '8': {'Retries': 0, 'WallDurations': [9.0, 239.21345400810242, 542.0], 'StartTimes': [1618837191.0], 'SubmitTimes': [1618837080.0], 'JobIds': ['66418152.0'], 'EndTimes': [1618837733.0], 'Restarts': 0, 'RecordedSite': True, 'State': 'transferring', 'ResidentSetSize': [919020], 'TotalUserCpuTimeHistory': [313], 'SiteHistory': ['Unknown', 'T2_ES_IFCA', 'T2_ES_IFCA'], 'TotalSysCpuTimeHistory': [24]}}
INFO 2021-04-19 13:14:29.707 UTC: 	 Status on the scheduler:	SUBMITTED
INFO 2021-04-19 13:14:29.707 UTC: 	 
Jobs status:                    running      		 20.0% ( 3/15)
INFO 2021-04-19 13:14:29.707 UTC: 	 				transferring 		 80.0% (12/15)
INFO 2021-04-19 13:14:29.707 UTC: 	 
No publication information (publication has been disabled in the CRAB configuration file)
INFO 2021-04-19 13:14:29.708 UTC: 	 
Warning: the max jobs runtime is less than 30% of the task requested value (1250 min), please consider to request a lower value for failed jobs (allowed through crab resubmit) and/or improve the jobs splitting (e.g. config.Data.splitting = 'Automatic') in a new task.
INFO 2021-04-19 13:14:29.708 UTC: 	 
Warning: the average jobs CPU efficiency is less than 50%, please consider to improve the jobs splitting (e.g. config.Data.splitting = 'Automatic') in a new task
INFO 2021-04-19 13:14:29.708 UTC: 	 
Summary of run jobs:
 * Memory: 52MB min, 948MB max, 407MB ave
 * Runtime: 0:03:56 min, 0:13:47 max, 0:06:19 ave
 * CPU eff: 17% min, 62% max, 47% ave
 * Waste: 1:02:06 (45% of total)

INFO 2021-04-19 13:14:29.847 UTC: 	 Log file is /afs/cern.ch/work/s/soffi/TQ-WORK/CMSSW-10-6-20-LowPtEle/src/TQGenLevelAnalysis/TQGenAnalyzer/crab/crab_projects/crab_ggXToYYTo2mu2e_m26_PseudoScalar_13TeV/crab.log
DEBUG 2021-04-19 13:52:05.128 UTC: 	 CRAB Client version: v3.210323
DEBUG 2021-04-19 13:52:05.131 UTC: 	 Running on: Linux lxplus798.cern.ch 3.10.0-1160.15.2.el7.x86_64 #1 SMP Wed Feb 3 15:06:38 UTC 2021 x86_64 x86_64 x86_64 GNU/Linux - CentOS Linux 7 (Core)
DEBUG 2021-04-19 13:52:05.131 UTC: 	 Executing command: 'status'
DEBUG 2021-04-19 13:52:05.136 UTC: 	 Found CRAB cache file /afs/cern.ch/user/s/soffi/.crab3
DEBUG 2021-04-19 13:52:05.699 UTC: 	 Checking credentials
DEBUG 2021-04-19 13:52:05.700 UTC: 	 Found proxy file /tmp/x509up_u57603
DEBUG 2021-04-19 13:52:05.700 UTC: 	 Getting proxy life time left
DEBUG 2021-04-19 13:52:07.531 UTC: 	 Executing : 
 command : voms-proxy-info -file /tmp/x509up_u57603 -timeleft
 output : 599509

 error: 
 retcode : 0
DEBUG 2021-04-19 13:52:08.557 UTC: 	 Executing : 
 command : voms-proxy-info -file /tmp/x509up_u57603 -actimeleft
 output : 599508

 error: 
 retcode : 0
DEBUG 2021-04-19 13:52:08.557 UTC: 	 Proxy lifetime 599509 secs is different from voms extension lifetime 599508 secs for proxy: /tmp/x509up_u57603
DEBUG 2021-04-19 13:52:08.557 UTC: 	 Proxy valid for 166:31:48 hours
DEBUG 2021-04-19 13:52:08.817 UTC: 	 Registering user credentials for server /DC=ch/DC=cern/OU=computers/CN=vocms0105.cern.ch|/DC=ch/DC=cern/OU=computers/CN=crab-(preprod|prod|dev)-tw(02|01).cern.ch|/DC=ch/DC=cern/OU=computers/CN=(ddi|ddidk|mytw).cern.ch|/DC=ch/DC=cern/OU=computers/CN=stefanov(m|m2).cern.ch
DEBUG 2021-04-19 13:52:10.249 UTC: 	 Executing : 
 command : voms-proxy-info -file /tmp/x509up_u57603 -identity
 output : /DC=ch/DC=cern/OU=Organic Units/OU=Users/CN=soffi/CN=703603/CN=Livia Soffi

 error: 
 retcode : 0
DEBUG 2021-04-19 13:52:10.261 UTC: 	 Getting myproxy life time left for myproxy.cern.ch
DEBUG 2021-04-19 13:52:10.262 UTC: 	 using 2352666ffe183d5f6247953969563d1dfdbc6f43 as credential login name
DEBUG 2021-04-19 13:52:10.772 UTC: 	 Executing : 
 command : myproxy-info -l 2352666ffe183d5f6247953969563d1dfdbc6f43 -s myproxy.cern.ch
 output : username: 2352666ffe183d5f6247953969563d1dfdbc6f43
owner: /DC=ch/DC=cern/OU=Organic Units/OU=Users/CN=soffi/CN=703603/CN=Livia Soffi
  renewal policy: /DC=ch/DC=cern/OU=computers/CN=vocms0105.cern.ch|/DC=ch/DC=cern/OU=computers/CN=crab-(preprod|prod|dev)-tw(02|01).cern.ch|/DC=ch/DC=cern/OU=computers/CN=(ddi|ddidk|mytw).cern.ch|/DC=ch/DC=cern/OU=computers/CN=stefanov(m|m2).cern.ch
  trusted retrieval policy: /DC=ch/DC=cern/OU=computers/CN=vocms0105.cern.ch|/DC=ch/DC=cern/OU=computers/CN=crab-(preprod|prod|dev)-tw(02|01).cern.ch|/DC=ch/DC=cern/OU=computers/CN=(ddi|ddidk|mytw).cern.ch|/DC=ch/DC=cern/OU=computers/CN=stefanov(m|m2).cern.ch
  timeleft: 716:56:19  (29.9 days)

 error: 
 retcode : 0
DEBUG 2021-04-19 13:52:10.774 UTC: 	 Myproxy is valid: 2580979
DEBUG 2021-04-19 13:52:10.774 UTC: 	 Retrieving username ...
DEBUG 2021-04-19 13:52:10.776 UTC: 	 Retrieving username from CRIC...
DEBUG 2021-04-19 13:52:24.442 UTC: 	 username is soffi
DEBUG 2021-04-19 13:52:24.467 UTC: 	 Getting myproxy life time left for myproxy.cern.ch
DEBUG 2021-04-19 13:52:24.468 UTC: 	 using soffi_CRAB as credential login name
DEBUG 2021-04-19 13:52:25.082 UTC: 	 Executing : 
 command : myproxy-info -l soffi_CRAB -s myproxy.cern.ch
 output : username: soffi_CRAB
owner: /DC=ch/DC=cern/OU=Organic Units/OU=Users/CN=soffi/CN=703603/CN=Livia Soffi
  renewal policy: /DC=ch/DC=cern/OU=computers/CN=vocms0105.cern.ch|/DC=ch/DC=cern/OU=computers/CN=crab-(preprod|prod|dev)-tw(02|01).cern.ch|/DC=ch/DC=cern/OU=computers/CN=(ddi|ddidk|mytw).cern.ch|/DC=ch/DC=cern/OU=computers/CN=stefanov(m|m2).cern.ch
  trusted retrieval policy: /DC=ch/DC=cern/OU=computers/CN=vocms0105.cern.ch|/DC=ch/DC=cern/OU=computers/CN=crab-(preprod|prod|dev)-tw(02|01).cern.ch|/DC=ch/DC=cern/OU=computers/CN=(ddi|ddidk|mytw).cern.ch|/DC=ch/DC=cern/OU=computers/CN=stefanov(m|m2).cern.ch
  timeleft: 716:56:11  (29.9 days)

 error: 
 retcode : 0
DEBUG 2021-04-19 13:52:25.082 UTC: 	 Myproxy is valid: 2580971
DEBUG 2021-04-19 13:52:25.082 UTC: 	 Result of myproxy credential check:
  Credential exists on myproxy: username: 2352666ffe183d5f6247953969563d1dfdbc6f43  - validity: 29 days, 20:56:19
  Credential exists on myproxy: username: soffi_CRAB  - validity: 29 days, 20:56:11
DEBUG 2021-04-19 13:52:25.083 UTC: 	 Command use: status
DEBUG 2021-04-19 13:52:25.083 UTC: 	 Options use: ['-d', 'crab_projects/crab_ggXToYYTo2mu2e_m26_PseudoScalar_13TeV']
DEBUG 2021-04-19 13:52:25.142 UTC: 	 CRABClient version: v3.210323
DEBUG 2021-04-19 13:52:25.142 UTC: 	 Instance is prod
DEBUG 2021-04-19 13:52:25.142 UTC: 	 Server base url is cmsweb.cern.ch
DEBUG 2021-04-19 13:52:25.142 UTC: 	 Command url /crabserver/prod/workflow
DEBUG 2021-04-19 13:52:25.276 UTC: 	 Got information from server oracle database: {u'result': [u'210419_125640:soffi_crab_ggXToYYTo2mu2e_m26_PseudoScalar_13TeV', u'None', u'None', u'SUBMITTED', u'SUBMIT', u'2021-04-19 12:56:40.963323', u'None', u'2021-04-19 12:57:42.928072', u'None', u'CMSSW_10_6_20', u'slc7_amd64_gcc820', u'None', u'F', u'0', u'[]', u'[]', u'FileBased', u"{'splitOnRun': False, 'halt_job_on_file_boundaries': False, 'files_per_job': 1, 'runs': [], 'lumis': []}", u'a05ad9768942ecf8f937698621fe93a687e13dd20465da90d9cab71ac1156702.tar.gz', u'https://cmsweb.cern.ch:8443/crabcache', u'soffi', u'/DC=ch/DC=cern/OU=Organic Units/OU=Users/CN=soffi/CN=703603/CN=Livia Soffi', u'cms', u'None', u'None', u'crab_ggXToYYTo2mu2e_m26_PseudoScalar_13TeV-00000000000000000000000000000000', u'F', u'T2_CH_CERN', u'https://cmsweb.cern.ch/dbs/prod/global/DBSReader', u'https://cmsweb.cern.ch/dbs/prod/phys03/DBSWriter', u'F', u'[]', u"['ntuple_tetraquarks_pseudoscalar_14GeV.root']", u'[]', u'Analysis', u'pythia', u'None', u'{}', u'[]', u'F', u'crab-prod-tw01', u'[]', u'1250', u'1', u'2000', u'10', u'None', u'[]', u'http://vocms0107.cern.ch/mon/cms033/210419_125640:soffi_crab_ggXToYYTo2mu2e_m26_PseudoScalar_13TeV', u'None', u'[]', u'[]', u'https://cmsweb.cern.ch/crabserver/prod', u'cmsgwms-collector-global.cern.ch:9620,cmsgwms-collector-global.fnal.gov', u'crab3@vocms0107.cern.ch', u'F', u"['root://cmsxrootd.fnal.gov//store/mc/RunIISummer16MiniAODv2/ggXToYYTo2mu2e_m26_PseudoScalar_13TeV-pythia8-JHUGen/MINIAODSIM/PUMoriond17_80X_mcRun2_asymptotic_2016_TrancheIV_v6-v1/00000/A6822A7A-BBB9-E811-BC53-002590D9D9F0.root', 'root://cmsxrootd.fnal.gov//store/mc/RunIISummer16MiniAODv2/ggXToYYTo2mu2e_m26_PseudoScalar_13TeV-pythia8-JHUGen/MINIAODSIM/PUMoriond17_80X_mcRun2_asymptotic_2016_TrancheIV_v6-v1/00000/7AD67E71-BBB9-E811-864C-008CFAFC03F8.root', 'root://cmsxrootd.fnal.gov//store/mc/RunIISummer16MiniAODv2/ggXToYYTo2mu2e_m26_PseudoScalar_13TeV-pythia8-JHUGen/MINIAODSIM/PUMoriond17_80X_mcRun2_asymptotic_2016_TrancheIV_v6-v1/00000/34495271-BBB9-E811-86FB-A0369FD0B268.root', 'root://cmsxrootd.fnal.gov//store/mc/RunIISummer16MiniAODv2/ggXToYYTo2mu2e_m26_PseudoScalar_13TeV-pythia8-JHUGen/MINIAODSIM/PUMoriond17_80X_mcRun2_asymptotic_2016_TrancheIV_v6-v1/00000/8831B77A-BBB9-E811-A8CA-001E67E6F918.root', 'root://cmsxrootd.fnal.gov//store/mc/RunIISummer16MiniAODv2/ggXToYYTo2mu2e_m26_PseudoScalar_13TeV-pythia8-JHUGen/MINIAODSIM/PUMoriond17_80X_mcRun2_asymptotic_2016_TrancheIV_v6-v1/00000/BA5570F7-BBB9-E811-89AB-00259090763E.root', 'root://cmsxrootd.fnal.gov//store/mc/RunIISummer16MiniAODv2/ggXToYYTo2mu2e_m26_PseudoScalar_13TeV-pythia8-JHUGen/MINIAODSIM/PUMoriond17_80X_mcRun2_asymptotic_2016_TrancheIV_v6-v1/00000/DA9A2993-BBB9-E811-AB36-1866DAEA79A4.root', 'root://cmsxrootd.fnal.gov//store/mc/RunIISummer16MiniAODv2/ggXToYYTo2mu2e_m26_PseudoScalar_13TeV-pythia8-JHUGen/MINIAODSIM/PUMoriond17_80X_mcRun2_asymptotic_2016_TrancheIV_v6-v1/00000/6E165396-BBB9-E811-82F2-782BCB3C86AD.root', 'root://cmsxrootd.fnal.gov//store/mc/RunIISummer16MiniAODv2/ggXToYYTo2mu2e_m26_PseudoScalar_13TeV-pythia8-JHUGen/MINIAODSIM/PUMoriond17_80X_mcRun2_asymptotic_2016_TrancheIV_v6-v1/00000/24AA2372-BBB9-E811-8CEB-0025904B7C40.root', 'root://cmsxrootd.fnal.gov//store/mc/RunIISummer16MiniAODv2/ggXToYYTo2mu2e_m26_PseudoScalar_13TeV-pythia8-JHUGen/MINIAODSIM/PUMoriond17_80X_mcRun2_asymptotic_2016_TrancheIV_v6-v1/00000/04998271-BBB9-E811-92A4-0CC47A7C34EE.root', 'root://cmsxrootd.fnal.gov//store/mc/RunIISummer16MiniAODv2/ggXToYYTo2mu2e_m26_PseudoScalar_13TeV-pythia8-JHUGen/MINIAODSIM/PUMoriond17_80X_mcRun2_asymptotic_2016_TrancheIV_v6-v1/00000/9052B279-BBB9-E811-9DFD-0242AC1C0502.root', 'root://cmsxrootd.fnal.gov//store/mc/RunIISummer16MiniAODv2/ggXToYYTo2mu2e_m26_PseudoScalar_13TeV-pythia8-JHUGen/MINIAODSIM/PUMoriond17_80X_mcRun2_asymptotic_2016_TrancheIV_v6-v1/00000/406DF2F0-BBB9-E811-8360-20CF3027A5EF.root', 'root://cmsxrootd.fnal.gov//store/mc/RunIISummer16MiniAODv2/ggXToYYTo2mu2e_m26_PseudoScalar_13TeV-pythia8-JHUGen/MINIAODSIM/PUMoriond17_80X_mcRun2_asymptotic_2016_TrancheIV_v6-v1/00000/F2F6CE8D-BBB9-E811-9E33-24BE05C6B722.root', 'root://cmsxrootd.fnal.gov//store/mc/RunIISummer16MiniAODv2/ggXToYYTo2mu2e_m26_PseudoScalar_13TeV-pythia8-JHUGen/MINIAODSIM/PUMoriond17_80X_mcRun2_asymptotic_2016_TrancheIV_v6-v1/00000/6E864B97-BBB9-E811-BDD7-0CC47AA98D60.root', 'root://cmsxrootd.fnal.gov//store/mc/RunIISummer16MiniAODv2/ggXToYYTo2mu2e_m26_PseudoScalar_13TeV-pythia8-JHUGen/MINIAODSIM/PUMoriond17_80X_mcRun2_asymptotic_2016_TrancheIV_v6-v1/00000/30467328-81B9-E811-B011-0CC47A4C8E2A.root', 'root://cmsxrootd.fnal.gov//store/mc/RunIISummer16MiniAODv2/ggXToYYTo2mu2e_m26_PseudoScalar_13TeV-pythia8-JHUGen/MINIAODSIM/PUMoriond17_80X_mcRun2_asymptotic_2016_TrancheIV_v6-v1/00000/1C4AA7DD-BBB9-E811-9D27-D0946626135C.root']", u'T', u'/store/group/phys_egamma/soffi/ggXToYYTo2mu2e/', u'F', u'None', u'F', u'None', u'ggXToYYTo2mu2e_m26_PseudoScalar_13TeV_OUTPUT', u'None', u'bb1379f769c24aa5ab5e709942c2e306da04ebc51cc5f152a6f73145078d0573.tar.gz', u'66418115', u'filetransfers', u'F', u'188.185.120.166', u'0.0', u'None'], u'desc': {u'columns': [u'tm_taskname', u'tm_activity', u'panda_jobset_id', u'tm_task_status', u'tm_task_command', u'tm_start_time', u'tm_start_injection', u'tm_end_injection', u'tm_task_failure', u'tm_job_sw', u'tm_job_arch', u'tm_input_dataset', u'tm_nonvalid_input_dataset', u'tm_use_parent', u'tm_site_whitelist', u'tm_site_blacklist', u'tm_split_algo', u'tm_split_args', u'tm_user_sandbox', u'tm_cache_url', u'tm_username', u'tm_user_dn', u'tm_user_vo', u'tm_user_role', u'tm_user_group', u'tm_publish_name', u'tm_publish_groupname', u'tm_asyncdest', u'tm_dbs_url', u'tm_publish_dbs_url', u'tm_publication', u'tm_outfiles', u'tm_tfile_outfiles', u'tm_edm_outfiles', u'tm_job_type', u'tm_generator', u'tm_events_per_lumi', u'tm_arguments', u'panda_resubmitted_jobs', u'tm_save_logs', u'tw_name', u'tm_user_infiles', u'tm_maxjobruntime', u'tm_numcores', u'tm_maxmemory', u'tm_priority', u'tm_output_dataset', u'tm_task_warnings', u'tm_user_webdir', u'tm_scriptexe', u'tm_scriptargs', u'tm_extrajdl', u'tm_asourl', u'tm_collector', u'tm_schedd', u'tm_dry_run', u'tm_user_files', u'tm_transfer_outputs', u'tm_output_lfn', u'tm_ignore_locality', u'tm_fail_limit', u'tm_one_event_mode', u'tm_secondary_input_dataset', u'tm_primary_dataset', u'tm_last_publication', u'tm_debug_files', u'clusterid', u'tm_asodb', u'tm_ignore_global_blacklist', u'tm_submitter_ip_addr', u'tm_totalunits', u'tm_ddm_reqid']}}
INFO 2021-04-19 13:52:25.277 UTC: 	 CRAB project directory:		/afs/cern.ch/work/s/soffi/TQ-WORK/CMSSW-10-6-20-LowPtEle/src/TQGenLevelAnalysis/TQGenAnalyzer/crab/crab_projects/crab_ggXToYYTo2mu2e_m26_PseudoScalar_13TeV
INFO 2021-04-19 13:52:25.277 UTC: 	 Task name:			210419_125640:soffi_crab_ggXToYYTo2mu2e_m26_PseudoScalar_13TeV
INFO 2021-04-19 13:52:25.277 UTC: 	 Grid scheduler - Task Worker:	crab3@vocms0107.cern.ch - crab-prod-tw01
INFO 2021-04-19 13:52:25.277 UTC: 	 Status on the CRAB server:	SUBMITTED
INFO 2021-04-19 13:52:25.277 UTC: 	 Task URL to use for HELP:	https://cmsweb.cern.ch/crabserver/ui/task/210419_125640%3Asoffi_crab_ggXToYYTo2mu2e_m26_PseudoScalar_13TeV
INFO 2021-04-19 13:52:25.332 UTC: 	 Dashboard monitoring URL:	https://monit-grafana.cern.ch/d/cmsTMDetail/cms-task-monitoring-task-view?orgId=11&var-user=soffi&var-task=210419_125640%3Asoffi_crab_ggXToYYTo2mu2e_m26_PseudoScalar_13TeV&from=1618833400000&to=now
DEBUG 2021-04-19 13:52:25.332 UTC: 	 The CRAB server submitted your task to the Grid scheduler (cluster ID: 66418115)
DEBUG 2021-04-19 13:52:25.332 UTC: 	 Webdir is located at http://vocms0107.cern.ch/mon/cms033/210419_125640:soffi_crab_ggXToYYTo2mu2e_m26_PseudoScalar_13TeV
DEBUG 2021-04-19 13:52:25.584 UTC: 	 Proxied webdir is located at https://cmsweb.cern.ch:8443/scheddmon/0107/cms033/210419_125640:soffi_crab_ggXToYYTo2mu2e_m26_PseudoScalar_13TeV
DEBUG 2021-04-19 13:52:25.584 UTC: 	 Retrieving 'status_cache' file from https://cmsweb.cern.ch:8443/scheddmon/0107/cms033/210419_125640:soffi_crab_ggXToYYTo2mu2e_m26_PseudoScalar_13TeV/status_cache
DEBUG 2021-04-19 13:52:25.694 UTC: 	 Got information from status cache file: {'11': {'Retries': 0, 'WallDurations': [9.0, 239.21345400810242, 611.0], 'StartTimes': [1618837191.0], 'SubmitTimes': [1618837081.0], 'JobIds': ['66418155.0'], 'EndTimes': [1618837802.0], 'Restarts': 0, 'RecordedSite': True, 'State': 'finished', 'ResidentSetSize': [956984], 'TotalUserCpuTimeHistory': [350], 'SiteHistory': ['Unknown', 'T3_UK_London_QMUL', 'T3_UK_London_QMUL'], 'TotalSysCpuTimeHistory': [15]}, '10': {'Retries': 0, 'WallDurations': [9.0, 238.21345400810242, 467.0], 'StartTimes': [1618837192.0], 'SubmitTimes': [1618837081.0], 'JobIds': ['66418154.0'], 'EndTimes': [1618837659.0], 'Restarts': 0, 'RecordedSite': True, 'State': 'finished', 'ResidentSetSize': [963972], 'TotalUserCpuTimeHistory': [276], 'SiteHistory': ['Unknown', 'T3_UK_ScotGrid_GLA', 'T3_UK_ScotGrid_GLA'], 'TotalSysCpuTimeHistory': [11]}, '13': {'Retries': 0, 'WallDurations': [146.0, 242.21345400810242, 242.21345400810242], 'StartTimes': [1618837188.0], 'SubmitTimes': [1618837081.0], 'JobIds': ['66418159.0'], 'EndTimes': [1618837334.0], 'Restarts': 0, 'RecordedSite': True, 'State': 'finished', 'ResidentSetSize': [50864], 'TotalUserCpuTimeHistory': [64], 'SiteHistory': ['Unknown', 'T2_FR_IPHC', 'T2_FR_IPHC'], 'TotalSysCpuTimeHistory': [4]}, '12': {'Retries': 0, 'WallDurations': [9.0, 240.21345400810242, 2550.0], 'StartTimes': [1618837190.0], 'SubmitTimes': [1618837081.0], 'JobIds': ['66418157.0'], 'EndTimes': [1618839740.0], 'Restarts': 0, 'RecordedSite': True, 'State': 'transferring', 'ResidentSetSize': [52636], 'TotalUserCpuTimeHistory': [34], 'SiteHistory': ['Unknown', 'T2_IT_Pisa', 'T2_IT_Pisa'], 'TotalSysCpuTimeHistory': [3]}, '15': {'Retries': 0, 'WallDurations': [218.0, 242.21345400810242, 242.21345400810242], 'StartTimes': [1618837188.0], 'SubmitTimes': [1618837082.0], 'JobIds': ['66418161.0'], 'EndTimes': [1618837406.0], 'Restarts': 0, 'RecordedSite': True, 'State': 'finished', 'ResidentSetSize': [2804], 'TotalUserCpuTimeHistory': [126], 'SiteHistory': ['Unknown', 'T2_FR_IPHC', 'T2_FR_IPHC'], 'TotalSysCpuTimeHistory': [6]}, '14': {'Retries': 0, 'WallDurations': [138.0, 236.21345400810242, 236.21345400810242], 'StartTimes': [1618837194.0], 'SubmitTimes': [1618837082.0], 'JobIds': ['66418160.0'], 'EndTimes': [1618837332.0], 'Restarts': 0, 'RecordedSite': True, 'State': 'finished', 'ResidentSetSize': [52088], 'TotalUserCpuTimeHistory': [51], 'SiteHistory': ['Unknown', 'T2_IT_Rome', 'T2_IT_Rome'], 'TotalSysCpuTimeHistory': [4]}, '1': {'Retries': 0, 'WallDurations': [9.0, 236.21345400810242, 2605.0], 'StartTimes': [1618837194.0], 'SubmitTimes': [1618837071.0], 'JobIds': ['66418138.0'], 'EndTimes': [1618839799.0], 'Restarts': 0, 'RecordedSite': True, 'State': 'transferring', 'ResidentSetSize': [53624], 'TotalUserCpuTimeHistory': [59], 'SiteHistory': ['Unknown', 'T2_IT_Pisa', 'T2_IT_Pisa'], 'TotalSysCpuTimeHistory': [7]}, '3': {'Retries': 0, 'WallDurations': [8.0, 230.21345400810242, 827.0], 'StartTimes': [1618837200.0], 'SubmitTimes': [1618837071.0], 'JobIds': ['66418140.0'], 'EndTimes': [1618838027.0], 'Restarts': 0, 'RecordedSite': True, 'State': 'finished', 'ResidentSetSize': [943500], 'TotalUserCpuTimeHistory': [444], 'SiteHistory': ['Unknown', 'T2_ES_IFCA', 'T2_ES_IFCA'], 'TotalSysCpuTimeHistory': [32]}, '2': {'Retries': 0, 'WallDurations': [175.0, 242.21345400810242, 242.21345400810242], 'StartTimes': [1618837188.0], 'SubmitTimes': [1618837071.0], 'JobIds': ['66418139.0'], 'EndTimes': [1618837363.0], 'Restarts': 0, 'RecordedSite': True, 'State': 'finished', 'ResidentSetSize': [51148], 'TotalUserCpuTimeHistory': [50], 'SiteHistory': ['Unknown', 'T2_FR_IPHC', 'T2_FR_IPHC'], 'TotalSysCpuTimeHistory': [4]}, '5': {'Retries': 0, 'WallDurations': [8.0, 238.21345400810242, 346.0], 'StartTimes': [1618837192.0], 'SubmitTimes': [1618837080.0], 'JobIds': ['66418151.0'], 'EndTimes': [1618837538.0], 'Restarts': 0, 'RecordedSite': True, 'State': 'finished', 'ResidentSetSize': [971188], 'TotalUserCpuTimeHistory': [181], 'SiteHistory': ['Unknown', 'T3_UK_ScotGrid_GLA', 'T3_UK_ScotGrid_GLA'], 'TotalSysCpuTimeHistory': [9]}, '4': {'Retries': 0, 'WallDurations': [9.0, 240.21345400810242, 916.0], 'StartTimes': [1618837190.0], 'SubmitTimes': [1618837080.0], 'JobIds': ['66418149.0'], 'EndTimes': [1618838106.0], 'Restarts': 0, 'RecordedSite': True, 'State': 'finished', 'ResidentSetSize': [935044], 'TotalUserCpuTimeHistory': [314], 'SiteHistory': ['Unknown', 'T2_ES_IFCA', 'T2_ES_IFCA'], 'TotalSysCpuTimeHistory': [15]}, '7': {'Retries': 0, 'WallDurations': [125.0, 238.21345400810242, 238.21345400810242], 'StartTimes': [1618837192.0], 'SubmitTimes': [1618837072.0], 'JobIds': ['66418141.0'], 'EndTimes': [1618837317.0], 'Restarts': 0, 'RecordedSite': True, 'State': 'finished', 'ResidentSetSize': [32504], 'TotalUserCpuTimeHistory': [42], 'SiteHistory': ['Unknown', 'T3_UK_ScotGrid_GLA', 'T3_UK_ScotGrid_GLA'], 'TotalSysCpuTimeHistory': [4]}, '6': {'Retries': 0, 'WallDurations': [9.0, 237.21345400810242, 277.0], 'StartTimes': [1618837193.0], 'SubmitTimes': [1618837077.0], 'JobIds': ['66418147.0'], 'EndTimes': [1618837470.0], 'Restarts': 0, 'RecordedSite': True, 'State': 'transferring', 'ResidentSetSize': [28304], 'TotalUserCpuTimeHistory': [43], 'SiteHistory': ['Unknown', 'T2_ES_IFCA', 'T2_ES_IFCA'], 'TotalSysCpuTimeHistory': [5]}, '9': {'Retries': 0, 'WallDurations': [8.0, 241.21345400810242, 286.0], 'StartTimes': [1618837189.0], 'SubmitTimes': [1618837080.0], 'JobIds': ['66418153.0'], 'EndTimes': [1618837475.0], 'Restarts': 0, 'RecordedSite': True, 'State': 'finished', 'ResidentSetSize': [30500], 'TotalUserCpuTimeHistory': [93], 'SiteHistory': ['Unknown', 'T3_UK_London_QMUL', 'T3_UK_London_QMUL'], 'TotalSysCpuTimeHistory': [7]}, '8': {'Retries': 0, 'WallDurations': [9.0, 239.21345400810242, 542.0], 'StartTimes': [1618837191.0], 'SubmitTimes': [1618837080.0], 'JobIds': ['66418152.0'], 'EndTimes': [1618837733.0], 'Restarts': 0, 'RecordedSite': True, 'State': 'finished', 'ResidentSetSize': [919020], 'TotalUserCpuTimeHistory': [313], 'SiteHistory': ['Unknown', 'T2_ES_IFCA', 'T2_ES_IFCA'], 'TotalSysCpuTimeHistory': [24]}}
INFO 2021-04-19 13:52:25.694 UTC: 	 Status on the scheduler:	SUBMITTED
INFO 2021-04-19 13:52:25.695 UTC: 	 
Jobs status:                    finished     		 80.0% (12/15)
INFO 2021-04-19 13:52:25.695 UTC: 	 				transferring 		 20.0% ( 3/15)
INFO 2021-04-19 13:52:25.695 UTC: 	 
No publication information (publication has been disabled in the CRAB configuration file)
INFO 2021-04-19 13:52:25.695 UTC: 	 
Warning: the max jobs runtime is less than 30% of the task requested value (1250 min), please consider to request a lower value for failed jobs (allowed through crab resubmit) and/or improve the jobs splitting (e.g. config.Data.splitting = 'Automatic') in a new task.
INFO 2021-04-19 13:52:25.695 UTC: 	 
Warning: the average jobs CPU efficiency is less than 50%, please consider to improve the jobs splitting (e.g. config.Data.splitting = 'Automatic') in a new task
INFO 2021-04-19 13:52:25.695 UTC: 	 
Summary of run jobs:
 * Memory: 52MB min, 948MB max, 394MB ave
 * Runtime: 0:03:56 min, 0:43:25 max, 0:11:48 ave
 * CPU eff: 1% min, 62% max, 24% ave
 * Waste: 1:14:30 (30% of total)

INFO 2021-04-19 13:52:25.873 UTC: 	 Log file is /afs/cern.ch/work/s/soffi/TQ-WORK/CMSSW-10-6-20-LowPtEle/src/TQGenLevelAnalysis/TQGenAnalyzer/crab/crab_projects/crab_ggXToYYTo2mu2e_m26_PseudoScalar_13TeV/crab.log
